<?xml version="1.0" encoding="UTF-8"?>
<!-- Generated by org.testng.reporters.JUnitXMLReporter -->
<testsuite ignored="0" hostname="Laptop-372" failures="0" tests="6" name="Default test" time="0.073" errors="0" timestamp="2024-11-06T17:09:50 IST">
  <testcase classname="com.Amc.Base.TestBase" name="@BeforeSuite setup" time="-1.73089319085E9">
    <failure type="org.testng.TestNGException" message="
Parameter &amp;apos;browser&amp;apos; is required by BeforeSuite on method setup but has not been marked @Optional or defined
in C:\Users\MTPC-372\AppData\Local\Temp\testng-eclipse--2052313476\testng-customsuite.xml">
      <![CDATA[org.testng.TestNGException: 
Parameter 'browser' is required by BeforeSuite on method setup but has not been marked @Optional or defined
in C:\Users\MTPC-372\AppData\Local\Temp\testng-eclipse--2052313476\testng-customsuite.xml
at org.testng.internal.Parameters.createParams(Parameters.java:267)
at org.testng.internal.Parameters.createParametersForMethod(Parameters.java:355)
at org.testng.internal.Parameters.createParameters(Parameters.java:684)
at org.testng.internal.Parameters.createConfigurationParameters(Parameters.java:166)
at org.testng.internal.invokers.ConfigInvoker.invokeConfigurations(ConfigInvoker.java:277)
at org.testng.SuiteRunner.privateRun(SuiteRunner.java:376)
at org.testng.SuiteRunner.run(SuiteRunner.java:330)
at org.testng.SuiteRunnerWorker.runSuite(SuiteRunnerWorker.java:52)
at org.testng.SuiteRunnerWorker.run(SuiteRunnerWorker.java:95)
at org.testng.TestNG.runSuitesSequentially(TestNG.java:1256)
at org.testng.TestNG.runSuitesLocally(TestNG.java:1176)
at org.testng.TestNG.runSuites(TestNG.java:1099)
at org.testng.TestNG.run(TestNG.java:1067)
at org.testng.remote.AbstractRemoteTestNG.run(AbstractRemoteTestNG.java:115)
at org.testng.remote.RemoteTestNG.initAndRun(RemoteTestNG.java:293)
at org.testng.remote.RemoteTestNG.main(RemoteTestNG.java:91)
]]>
    </failure>
  </testcase> <!-- @BeforeSuite setup -->
  <testcase classname="com.Amc.Base.TestBase" name="@BeforeClass SetLogger" time="0.0">
    <skipped/>
  </testcase> <!-- @BeforeClass SetLogger -->
  <testcase classname="com.Amc.Base.TestBase" name="@AfterMethod TakeScreenShotOfTest" time="0.0">
    <skipped/>
  </testcase> <!-- @AfterMethod TakeScreenShotOfTest -->
  <testcase classname="com.Amc.Base.TestBase" name="@AfterMethod TakeScreenShotOfTest" time="0.0">
    <skipped/>
  </testcase> <!-- @AfterMethod TakeScreenShotOfTest -->
  <testcase classname="com.Amc.Base.TestBase" name="@AfterMethod TakeScreenShotOfTest" time="0.0">
    <skipped/>
  </testcase> <!-- @AfterMethod TakeScreenShotOfTest -->
  <testcase classname="com.Amc.Base.TestBase" name="@AfterMethod TakeScreenShotOfTest" time="0.0">
    <skipped/>
  </testcase> <!-- @AfterMethod TakeScreenShotOfTest -->
  <testcase classname="com.Amc.Base.TestBase" name="@AfterMethod TakeScreenShotOfTest" time="0.0">
    <skipped/>
  </testcase> <!-- @AfterMethod TakeScreenShotOfTest -->
  <testcase classname="com.Amc.Base.TestBase" name="@AfterMethod TakeScreenShotOfTest" time="0.0">
    <skipped/>
  </testcase> <!-- @AfterMethod TakeScreenShotOfTest -->
  <testcase classname="com.Amc.TestCases.TC_About_Us_Positive1" name="ClickStartTest" time="0.0">
    <skipped/>
  </testcase> <!-- ClickStartTest -->
  <testcase classname="com.Amc.TestCases.TC_About_Us_Positive1" name="ClickPopup" time="0.0">
    <skipped/>
  </testcase> <!-- ClickPopup -->
  <testcase classname="com.Amc.TestCases.TC_About_Us_Positive1" name="ClickAbout_us" time="0.0">
    <skipped/>
  </testcase> <!-- ClickAbout_us -->
  <testcase classname="com.Amc.TestCases.TC_About_Us_Positive1" name="ClickPlay" time="0.002">
    <skipped/>
  </testcase> <!-- ClickPlay -->
  <testcase classname="com.Amc.TestCases.TC_About_Us_Positive1" name="ClickPlayvideo" time="0.0">
    <skipped/>
  </testcase> <!-- ClickPlayvideo -->
  <testcase classname="com.Amc.TestCases.TC_About_Us_Positive1" name="ClickVideoclose" time="0.0">
    <skipped/>
  </testcase> <!-- ClickVideoclose -->
</testsuite> <!-- Default test -->
