<?xml version="1.0" encoding="UTF-8"?>
<!-- Generated by org.testng.reporters.JUnitXMLReporter -->
<testsuite ignored="2" hostname="DESKTOP-59CAPPC" failures="0" tests="1" name="Test" time="0.029" errors="0" timestamp="2023-04-26T13:39:25 IST">
  <testcase classname="com.Oxitec.Base.TestBase" name="@BeforeSuite setup" time="-1.682496565867E9">
    <failure type="org.testng.TestNGException" message="
Parameter &amp;apos;browser&amp;apos; is required by BeforeSuite on method setup but has not been marked @Optional or defined
in C:\Users\Admin\eclipse-workspace\Oxitec\testng.xml">
      <![CDATA[org.testng.TestNGException: 
Parameter 'browser' is required by BeforeSuite on method setup but has not been marked @Optional or defined
in C:\Users\Admin\eclipse-workspace\Oxitec\testng.xml
... Removed 16 stack frames]]>
    </failure>
  </testcase> <!-- @BeforeSuite setup -->
  <testcase classname="com.Oxitec.Base.TestBase" name="@BeforeClass SetLogger" time="0.0">
    <skipped/>
  </testcase> <!-- @BeforeClass SetLogger -->
  <testcase classname="com.Oxitec.Base.TestBase" name="@AfterMethod TakeScreenShotOfTest" time="0.0">
    <skipped/>
  </testcase> <!-- @AfterMethod TakeScreenShotOfTest -->
  <testcase classname="com.Oxitec.TestCases.TC_ContactPhp_Positive1" name="EnterEmailTest" time="0.001">
    <skipped/>
  </testcase> <!-- EnterEmailTest -->
  <testcase classname="com.Oxitec.Base.TestBase" name="@BeforeSuite setup" time="0.0">
    <ignored/>
  </testcase> <!-- @BeforeSuite setup -->
  <testcase classname="com.Oxitec.Base.TestBase" name="@AfterSuite tearDown" time="0.0">
    <ignored/>
  </testcase> <!-- @AfterSuite tearDown -->
</testsuite> <!-- Test -->
