

<!DOCTYPE html>
<html>
<head>
	<meta charset='UTF-8' /> 
	<meta name='description' content='' />
	<meta name='robots' content='noodp, noydir' />
	<meta name='viewport' content='width=device-width, initial-scale=1' />
	<meta id="timeStampFormat" name="timeStampFormat" content='MMM d, yyyy hh:mm:ss a'/>
	
	<link href='https://fonts.googleapis.com/css?family=Source+Sans+Pro:400,600' rel='stylesheet' type='text/css' />
	<link href="https://fonts.googleapis.com/icon?family=Material+Icons" rel="stylesheet" />
	<link href='https://cdn.rawgit.com/extent-framework/extent-github-cdn/b65cd69/v3html/css/extent.css' type='text/css' rel='stylesheet' />
	
	<title>Manektech.com Contact Us Project</title>

	<style type='text/css'>
		/* json-tree */
		.jstBracket,.jstComma,.jstValue{white-space:pre-wrap}.jstValue{font-size:10px;font-weight:400;font-family:"Lucida Console",Monaco,monospace}.jstProperty{color:#666;word-wrap:break-word}.jstBool{color:#2525CC}.jstNum{color:#D036D0}.jstNull{color:gray}.jstStr{color:#2DB669}.jstFold:after{content:' -';cursor:pointer}.jstExpand{white-space:normal}.jstExpand:after{content:' +';cursor:pointer}.jstFolded{white-space:normal!important}.jstHiddenBlock{display:none}
			
            
                
            
        
	</style>
	
	<script type="text/javascript">
		/*! json-tree - v0.2.2 - 2017-09-25, MIT LICENSE */
		var JSONTree=function(){var n={"&":"&amp;","<":"&lt;",">":"&gt;",'"':"&quot;","'":"&#x27;","/":"&#x2F;"},t=0,r=0;this.create=function(n,t){return r+=1,N(u(n,0,!1),{class:"jstValue"})};var e=function(t){return t.replace(/[&<>'"]/g,function(t){return n[t]})},s=function(){return r+"_"+t++},u=function(n,t,r){if(null===n)return f(r?t:0);switch(typeof n){case"boolean":return l(n,r?t:0);case"number":return i(n,r?t:0);case"string":return o(n,r?t:0);default:return n instanceof Array?a(n,t,r):c(n,t,r)}},c=function(n,t,r){var e=s(),u=Object.keys(n).map(function(r){return j(r,n[r],t+1,!0)}).join(m()),c=[g("{",r?t:0,e),N(u,{id:e}),p("}",t)].join("\n");return N(c,{})},a=function(n,t,r){var e=s(),c=n.map(function(n){return u(n,t+1,!0)}).join(m());return[g("[",r?t:0,e),N(c,{id:e}),p("]",t)].join("\n")},o=function(n,t){var r=e(JSON.stringify(n));return N(v(r,t),{class:"jstStr"})},i=function(n,t){return N(v(n,t),{class:"jstNum"})},l=function(n,t){return N(v(n,t),{class:"jstBool"})},f=function(n){return N(v("null",n),{class:"jstNull"})},j=function(n,t,r){var s=v(e(JSON.stringify(n))+": ",r),c=N(u(t,r,!1),{});return N(s+c,{class:"jstProperty"})},m=function(){return N(",\n",{class:"jstComma"})},N=function(n,t){return d("span",t,n)},d=function(n,t,r){return"<"+n+Object.keys(t).map(function(n){return" "+n+'="'+t[n]+'"'}).join("")+">"+r+"</"+n+">"},g=function(n,t,r){return N(v(n,t),{class:"jstBracket"})+N("",{class:"jstFold",onclick:"JSONTree.toggle('"+r+"')"})};this.toggle=function(n){var t=document.getElementById(n),r=t.parentNode,e=t.previousElementSibling;""===t.className?(t.className="jstHiddenBlock",r.className="jstFolded",e.className="jstExpand"):(t.className="",r.className="",e.className="jstFold")};var p=function(n,t){return N(v(n,t),{})},v=function(n,t){return Array(2*t+1).join(" ")+n};return this}();
	</script>
</head>
	<body class='extent dark default hide-overflow '>
		<div id='theme-selector' alt='Click to toggle theme. To enable by default, use theme configuration.' title='Click to toggle theme. To enable by default, use theme configuration.'>
			<span><i class='material-icons'>desktop_windows</i></span>
		</div>
<nav>
	<div class="nav-wrapper">
		<a href="#!" class="brand-logo black"><img src="https://cdn.rawgit.com/extent-framework/extent-github-cdn/d74480e/commons/img/logo.png"></a>
		<!-- slideout menu -->
		<ul id='slide-out' class='side-nav fixed hide-on-med-and-down'>
			<li class='waves-effect active'><a href='#!' view='test-view' onclick="configureView(0);chartsView('test');"><i class='material-icons'>dashboard</i></a></li>
						<li class='waves-effect'><a href='#!' view='exception-view' onclick="configureView(2)"><i class='material-icons'>bug_report</i></a></li>
			<li class='waves-effect'><a href='#!' onclick="configureView(-1);chartsView('dashboard');" view='dashboard-view'><i class='material-icons'>track_changes</i></a></li>
		</ul>
		<!-- report name -->
		<span class='report-name'>Functional, Positive, and Negative Automation Test Report</span>
		<!-- report headline -->
		<span class='report-headline'></span>
		<!-- nav-right -->
		<ul id='nav-mobile' class='right hide-on-med-and-down nav-right'>
			<a href='#!'>
			<span class='label blue darken-3 suite-start-time'>Nov 6, 2024 11:49:56 AM</span>
			</a>
		</ul>
	</div>
</nav>		<!-- container -->
		<div class='container'>
<div id='test-view' class='view'>
	<section id='controls'>
		<div class='controls grey lighten-4'>
			<!-- test toggle -->
			<div class='chip transparent'>
				<a class='dropdown-button tests-toggle' data-activates='tests-toggle' data-constrainwidth='true' data-beloworigin='true' data-hover='true' href='#'>
				<i class='material-icons'>warning</i> Status
				</a>
				<ul id='tests-toggle' class='dropdown-content'>
										<li status='fail'><a href='#!'>Fail <i class='material-icons red-text'>cancel</i></a></li>
					<li class='divider'></li>
					<li status='clear' clear='true'><a href='#!'>Clear Filters <i class='material-icons'>clear</i></a></li>
				</ul>
			</div>
			<!-- test toggle -->
			<!-- category toggle -->
			<!-- category toggle -->
			<!-- clear filters -->
			<div class='chip transparent hide'>
				<a class='' id='clear-filters' alt='Clear Filters' title='Clear Filters'>
				<i class='material-icons'>close</i> Clear
				</a>
			</div>
			<!-- clear filters -->
			<!-- enable dashboard -->
			<div id='toggle-test-view-charts' class='chip transparent'>
				<a class='pink-text' id='enable-dashboard' alt='Enable Dashboard' title='Enable Dashboard'>
				<i class='material-icons'>track_changes</i> Dashboard
				</a>
			</div>
			<!-- enable dashboard -->
			<!-- search -->
			<div class='chip transparent' alt='Search Tests' title='Search Tests'>
				<a href="#" class='search-div'>
				<i class='material-icons'>search</i> Search
				</a>
				<div class='input-field left hide'>
					<input id='search-tests' type='text' class='validate browser-default' placeholder='Search Tests...'>
				</div>
			</div>
			<!-- search -->
		</div>
	</section>
<div id='test-view-charts' class='subview-full'>
    <div id='charts-row' class='row nm-v nm-h'>
        <div class='col s12 m12 l12 np-h'>
            <div class='card-panel nm-v'>
                <div class='left panel-name'>Tests</div>
                <div class='chart-box' style="max-height:94px;">
                    <canvas id='parent-analysis' width='90' height='70'></canvas>
                </div>
                <div class='block text-small'>
                    <span class='tooltipped' data-position='top' data-tooltip='0%'><span class='strong'>0</span> test(s) passed</span>
                </div>
                <div class='block text-small'>
                    <span class='strong tooltipped' data-position='top' data-tooltip='100%'>28</span> test(s) failed, <span class='strong tooltipped' data-position='top' data-tooltip='0%'>0</span> others
                </div>
            </div>
        </div>
    </div>
    <div id="timeline-chart" class="row nm-v nm-h">
        <div class="col s12 m12 l12 np-h">
            <div class="card-panel">
                <div class='left panel-name'>Timeline (seconds)</div>
                <div class="chart-box" style="width:98%;max-height:145px;">
                    <canvas id="timeline" height="120"></canvas>
                </div>
            </div>
        </div>
    </div>
</div>	<div class='subview-left left'>
		<div class='view-summary'>
			<ul id='test-collection' class='test-collection'>
				<li class='test displayed active  fail' status='fail' bdd='false' test-id='1'>
					<div class='test-heading'>
						<span class='test-name'>Clickpartner</span>
						<span class='test-time'>Nov 6, 2024 11:50:00 AM</span>
						<span class='test-status right fail'>fail</span>
					</div>
					<div class='test-content hide'>
<div class='test-time-info'>
	<span class='label start-time'>Nov 6, 2024 11:50:00 AM</span>
	<span class='label end-time'>Nov 6, 2024 11:50:00 AM</span>
	<span class='label time-taken grey lighten-1 white-text'>0h 0m 0s+28ms</span>
</div>
<div class='test-steps'>
	<table class='bordered table-results'>
		<thead>
			<tr>
				<th>Status</th>
				<th>Timestamp</th>
				<th>Details</th>
			</tr>
		</thead>
		<tbody>
			<tr class='log' status='fail'>
				<td class='status fail' title='fail' alt='fail'><i class='material-icons'>cancel</i></td>
				<td class='timestamp'>11:50:00 AM</td>
				<td class='step-details'>
						<span class='badge white-text red'>Clickpartner</span>
					
				</td>
			</tr>
			<tr class='log' status='fail'>
				<td class='status fail' title='fail' alt='fail'><i class='material-icons'>cancel</i></td>
				<td class='timestamp'>11:50:00 AM</td>
				<td class='step-details'>
						<span class='badge white-text red'>com.Amc.TestCases.TC_Home_Positive1:Clickpartner</span>
					
				</td>
			</tr>
			<tr class='log' status='fail'>
				<td class='status fail' title='fail' alt='fail'><i class='material-icons'>cancel</i></td>
				<td class='timestamp'>11:50:00 AM</td>
				<td class='step-details'>
						<textarea disabled class="code-block">java.lang.NullPointerException: Cannot invoke "com.Amc.PageObjects.Home.Clickpartner()" because "com.Amc.TestCases.TC_Home_Positive1.lp" is null
	at com.Amc.TestCases.TC_Home_Positive1.Clickpartner(TC_Home_Positive1.java:51)
	at java.base/jdk.internal.reflect.DirectMethodHandleAccessor.invoke(DirectMethodHandleAccessor.java:103)
	at java.base/java.lang.reflect.Method.invoke(Method.java:580)
	at org.testng.internal.invokers.MethodInvocationHelper.invokeMethod(MethodInvocationHelper.java:139)
	at org.testng.internal.invokers.TestInvoker.invokeMethod(TestInvoker.java:677)
	at org.testng.internal.invokers.TestInvoker.invokeTestMethod(TestInvoker.java:221)
	at org.testng.internal.invokers.MethodRunner.runInSequence(MethodRunner.java:50)
	at org.testng.internal.invokers.TestInvoker$MethodInvocationAgent.invoke(TestInvoker.java:969)
	at org.testng.internal.invokers.TestInvoker.invokeTestMethods(TestInvoker.java:194)
	at org.testng.internal.invokers.TestMethodWorker.invokeTestMethods(TestMethodWorker.java:148)
	at org.testng.internal.invokers.TestMethodWorker.run(TestMethodWorker.java:128)
	at java.base/java.util.ArrayList.forEach(ArrayList.java:1597)
	at org.testng.TestRunner.privateRun(TestRunner.java:829)
	at org.testng.TestRunner.run(TestRunner.java:602)
	at org.testng.SuiteRunner.runTest(SuiteRunner.java:437)
	at org.testng.SuiteRunner.runSequentially(SuiteRunner.java:431)
	at org.testng.SuiteRunner.privateRun(SuiteRunner.java:391)
	at org.testng.SuiteRunner.run(SuiteRunner.java:330)
	at org.testng.SuiteRunnerWorker.runSuite(SuiteRunnerWorker.java:52)
	at org.testng.SuiteRunnerWorker.run(SuiteRunnerWorker.java:95)
	at org.testng.TestNG.runSuitesSequentially(TestNG.java:1256)
	at org.testng.TestNG.runSuitesLocally(TestNG.java:1176)
	at org.testng.TestNG.runSuites(TestNG.java:1099)
	at org.testng.TestNG.run(TestNG.java:1067)
	at org.testng.remote.AbstractRemoteTestNG.run(AbstractRemoteTestNG.java:115)
	at org.testng.remote.RemoteTestNG.initAndRun(RemoteTestNG.java:293)
	at org.testng.remote.RemoteTestNG.main(RemoteTestNG.java:91)
</textarea>
					
				</td>
			</tr>
			<tr class='log' status='fail'>
				<td class='status fail' title='fail' alt='fail'><i class='material-icons'>cancel</i></td>
				<td class='timestamp'>11:50:00 AM</td>
				<td class='step-details'>
						Screenshot is below:com.aventstack.extentreports.ExtentTest@58f07f02
					
				</td>
			</tr>
		</tbody>
	</table>
</div>
						<ul class='screenshots'>
							<li><img class='r-img' onerror='this.style.display="none"' data-featherlight='D:\Dax Data\Ahmedabad Automation\ProjectsOfAutomation\AMC\Screenshots\Clickpartner.png' src='D:\Dax Data\Ahmedabad Automation\ProjectsOfAutomation\AMC\Screenshots\Clickpartner.png' data-src='D:\Dax Data\Ahmedabad Automation\ProjectsOfAutomation\AMC\Screenshots\Clickpartner.png'></li>
						</ul>
					</div>
				</li>
				<li class='test displayed active  fail' status='fail' bdd='false' test-id='2'>
					<div class='test-heading'>
						<span class='test-name'>Clickback</span>
						<span class='test-time'>Nov 6, 2024 11:50:00 AM</span>
						<span class='test-status right fail'>fail</span>
					</div>
					<div class='test-content hide'>
<div class='test-time-info'>
	<span class='label start-time'>Nov 6, 2024 11:50:00 AM</span>
	<span class='label end-time'>Nov 6, 2024 11:50:00 AM</span>
	<span class='label time-taken grey lighten-1 white-text'>0h 0m 0s+1ms</span>
</div>
<div class='test-steps'>
	<table class='bordered table-results'>
		<thead>
			<tr>
				<th>Status</th>
				<th>Timestamp</th>
				<th>Details</th>
			</tr>
		</thead>
		<tbody>
			<tr class='log' status='fail'>
				<td class='status fail' title='fail' alt='fail'><i class='material-icons'>cancel</i></td>
				<td class='timestamp'>11:50:00 AM</td>
				<td class='step-details'>
						<span class='badge white-text red'>Clickback</span>
					
				</td>
			</tr>
			<tr class='log' status='fail'>
				<td class='status fail' title='fail' alt='fail'><i class='material-icons'>cancel</i></td>
				<td class='timestamp'>11:50:00 AM</td>
				<td class='step-details'>
						<span class='badge white-text red'>com.Amc.TestCases.TC_Home_Positive1:Clickback</span>
					
				</td>
			</tr>
			<tr class='log' status='fail'>
				<td class='status fail' title='fail' alt='fail'><i class='material-icons'>cancel</i></td>
				<td class='timestamp'>11:50:00 AM</td>
				<td class='step-details'>
						<textarea disabled class="code-block">java.lang.NullPointerException: Cannot invoke "com.Amc.PageObjects.Home.Clickback()" because "com.Amc.TestCases.TC_Home_Positive1.lp" is null
	at com.Amc.TestCases.TC_Home_Positive1.Clickback(TC_Home_Positive1.java:80)
	at java.base/jdk.internal.reflect.DirectMethodHandleAccessor.invoke(DirectMethodHandleAccessor.java:103)
	at java.base/java.lang.reflect.Method.invoke(Method.java:580)
	at org.testng.internal.invokers.MethodInvocationHelper.invokeMethod(MethodInvocationHelper.java:139)
	at org.testng.internal.invokers.TestInvoker.invokeMethod(TestInvoker.java:677)
	at org.testng.internal.invokers.TestInvoker.invokeTestMethod(TestInvoker.java:221)
	at org.testng.internal.invokers.MethodRunner.runInSequence(MethodRunner.java:50)
	at org.testng.internal.invokers.TestInvoker$MethodInvocationAgent.invoke(TestInvoker.java:969)
	at org.testng.internal.invokers.TestInvoker.invokeTestMethods(TestInvoker.java:194)
	at org.testng.internal.invokers.TestMethodWorker.invokeTestMethods(TestMethodWorker.java:148)
	at org.testng.internal.invokers.TestMethodWorker.run(TestMethodWorker.java:128)
	at java.base/java.util.ArrayList.forEach(ArrayList.java:1597)
	at org.testng.TestRunner.privateRun(TestRunner.java:829)
	at org.testng.TestRunner.run(TestRunner.java:602)
	at org.testng.SuiteRunner.runTest(SuiteRunner.java:437)
	at org.testng.SuiteRunner.runSequentially(SuiteRunner.java:431)
	at org.testng.SuiteRunner.privateRun(SuiteRunner.java:391)
	at org.testng.SuiteRunner.run(SuiteRunner.java:330)
	at org.testng.SuiteRunnerWorker.runSuite(SuiteRunnerWorker.java:52)
	at org.testng.SuiteRunnerWorker.run(SuiteRunnerWorker.java:95)
	at org.testng.TestNG.runSuitesSequentially(TestNG.java:1256)
	at org.testng.TestNG.runSuitesLocally(TestNG.java:1176)
	at org.testng.TestNG.runSuites(TestNG.java:1099)
	at org.testng.TestNG.run(TestNG.java:1067)
	at org.testng.remote.AbstractRemoteTestNG.run(AbstractRemoteTestNG.java:115)
	at org.testng.remote.RemoteTestNG.initAndRun(RemoteTestNG.java:293)
	at org.testng.remote.RemoteTestNG.main(RemoteTestNG.java:91)
</textarea>
					
				</td>
			</tr>
			<tr class='log' status='fail'>
				<td class='status fail' title='fail' alt='fail'><i class='material-icons'>cancel</i></td>
				<td class='timestamp'>11:50:00 AM</td>
				<td class='step-details'>
						Screenshot is below:com.aventstack.extentreports.ExtentTest@167279d1
					
				</td>
			</tr>
		</tbody>
	</table>
</div>
						<ul class='screenshots'>
							<li><img class='r-img' onerror='this.style.display="none"' data-featherlight='D:\Dax Data\Ahmedabad Automation\ProjectsOfAutomation\AMC\Screenshots\Clickback.png' src='D:\Dax Data\Ahmedabad Automation\ProjectsOfAutomation\AMC\Screenshots\Clickback.png' data-src='D:\Dax Data\Ahmedabad Automation\ProjectsOfAutomation\AMC\Screenshots\Clickback.png'></li>
						</ul>
					</div>
				</li>
				<li class='test displayed active  fail' status='fail' bdd='false' test-id='3'>
					<div class='test-heading'>
						<span class='test-name'>ClickPopup1</span>
						<span class='test-time'>Nov 6, 2024 11:50:03 AM</span>
						<span class='test-status right fail'>fail</span>
					</div>
					<div class='test-content hide'>
<div class='test-time-info'>
	<span class='label start-time'>Nov 6, 2024 11:50:03 AM</span>
	<span class='label end-time'>Nov 6, 2024 11:50:03 AM</span>
	<span class='label time-taken grey lighten-1 white-text'>0h 0m 0s+4ms</span>
</div>
<div class='test-steps'>
	<table class='bordered table-results'>
		<thead>
			<tr>
				<th>Status</th>
				<th>Timestamp</th>
				<th>Details</th>
			</tr>
		</thead>
		<tbody>
			<tr class='log' status='fail'>
				<td class='status fail' title='fail' alt='fail'><i class='material-icons'>cancel</i></td>
				<td class='timestamp'>11:50:03 AM</td>
				<td class='step-details'>
						<span class='badge white-text red'>ClickPopup1</span>
					
				</td>
			</tr>
			<tr class='log' status='fail'>
				<td class='status fail' title='fail' alt='fail'><i class='material-icons'>cancel</i></td>
				<td class='timestamp'>11:50:03 AM</td>
				<td class='step-details'>
						<span class='badge white-text red'>com.Amc.TestCases.TC_Home_Positive1:ClickPopup1</span>
					
				</td>
			</tr>
			<tr class='log' status='fail'>
				<td class='status fail' title='fail' alt='fail'><i class='material-icons'>cancel</i></td>
				<td class='timestamp'>11:50:03 AM</td>
				<td class='step-details'>
						<textarea disabled class="code-block">java.lang.NullPointerException: Cannot invoke "com.Amc.PageObjects.Home.ClickPopup1()" because "com.Amc.TestCases.TC_Home_Positive1.lp" is null
	at com.Amc.TestCases.TC_Home_Positive1.ClickPopup1(TC_Home_Positive1.java:86)
	at java.base/jdk.internal.reflect.DirectMethodHandleAccessor.invoke(DirectMethodHandleAccessor.java:103)
	at java.base/java.lang.reflect.Method.invoke(Method.java:580)
	at org.testng.internal.invokers.MethodInvocationHelper.invokeMethod(MethodInvocationHelper.java:139)
	at org.testng.internal.invokers.TestInvoker.invokeMethod(TestInvoker.java:677)
	at org.testng.internal.invokers.TestInvoker.invokeTestMethod(TestInvoker.java:221)
	at org.testng.internal.invokers.MethodRunner.runInSequence(MethodRunner.java:50)
	at org.testng.internal.invokers.TestInvoker$MethodInvocationAgent.invoke(TestInvoker.java:969)
	at org.testng.internal.invokers.TestInvoker.invokeTestMethods(TestInvoker.java:194)
	at org.testng.internal.invokers.TestMethodWorker.invokeTestMethods(TestMethodWorker.java:148)
	at org.testng.internal.invokers.TestMethodWorker.run(TestMethodWorker.java:128)
	at java.base/java.util.ArrayList.forEach(ArrayList.java:1597)
	at org.testng.TestRunner.privateRun(TestRunner.java:829)
	at org.testng.TestRunner.run(TestRunner.java:602)
	at org.testng.SuiteRunner.runTest(SuiteRunner.java:437)
	at org.testng.SuiteRunner.runSequentially(SuiteRunner.java:431)
	at org.testng.SuiteRunner.privateRun(SuiteRunner.java:391)
	at org.testng.SuiteRunner.run(SuiteRunner.java:330)
	at org.testng.SuiteRunnerWorker.runSuite(SuiteRunnerWorker.java:52)
	at org.testng.SuiteRunnerWorker.run(SuiteRunnerWorker.java:95)
	at org.testng.TestNG.runSuitesSequentially(TestNG.java:1256)
	at org.testng.TestNG.runSuitesLocally(TestNG.java:1176)
	at org.testng.TestNG.runSuites(TestNG.java:1099)
	at org.testng.TestNG.run(TestNG.java:1067)
	at org.testng.remote.AbstractRemoteTestNG.run(AbstractRemoteTestNG.java:115)
	at org.testng.remote.RemoteTestNG.initAndRun(RemoteTestNG.java:293)
	at org.testng.remote.RemoteTestNG.main(RemoteTestNG.java:91)
</textarea>
					
				</td>
			</tr>
			<tr class='log' status='fail'>
				<td class='status fail' title='fail' alt='fail'><i class='material-icons'>cancel</i></td>
				<td class='timestamp'>11:50:03 AM</td>
				<td class='step-details'>
						Screenshot is below:com.aventstack.extentreports.ExtentTest@c1fa7d4
					
				</td>
			</tr>
		</tbody>
	</table>
</div>
						<ul class='screenshots'>
							<li><img class='r-img' onerror='this.style.display="none"' data-featherlight='D:\Dax Data\Ahmedabad Automation\ProjectsOfAutomation\AMC\Screenshots\ClickPopup1.png' src='D:\Dax Data\Ahmedabad Automation\ProjectsOfAutomation\AMC\Screenshots\ClickPopup1.png' data-src='D:\Dax Data\Ahmedabad Automation\ProjectsOfAutomation\AMC\Screenshots\ClickPopup1.png'></li>
						</ul>
					</div>
				</li>
				<li class='test displayed active  fail' status='fail' bdd='false' test-id='4'>
					<div class='test-heading'>
						<span class='test-name'>Clickbookpass</span>
						<span class='test-time'>Nov 6, 2024 11:50:05 AM</span>
						<span class='test-status right fail'>fail</span>
					</div>
					<div class='test-content hide'>
<div class='test-time-info'>
	<span class='label start-time'>Nov 6, 2024 11:50:05 AM</span>
	<span class='label end-time'>Nov 6, 2024 11:50:05 AM</span>
	<span class='label time-taken grey lighten-1 white-text'>0h 0m 0s+2ms</span>
</div>
<div class='test-steps'>
	<table class='bordered table-results'>
		<thead>
			<tr>
				<th>Status</th>
				<th>Timestamp</th>
				<th>Details</th>
			</tr>
		</thead>
		<tbody>
			<tr class='log' status='fail'>
				<td class='status fail' title='fail' alt='fail'><i class='material-icons'>cancel</i></td>
				<td class='timestamp'>11:50:05 AM</td>
				<td class='step-details'>
						<span class='badge white-text red'>Clickbookpass</span>
					
				</td>
			</tr>
			<tr class='log' status='fail'>
				<td class='status fail' title='fail' alt='fail'><i class='material-icons'>cancel</i></td>
				<td class='timestamp'>11:50:05 AM</td>
				<td class='step-details'>
						<span class='badge white-text red'>com.Amc.TestCases.TC_Home_Positive1:Clickbookpass</span>
					
				</td>
			</tr>
			<tr class='log' status='fail'>
				<td class='status fail' title='fail' alt='fail'><i class='material-icons'>cancel</i></td>
				<td class='timestamp'>11:50:05 AM</td>
				<td class='step-details'>
						<textarea disabled class="code-block">java.lang.NullPointerException: Cannot invoke "com.Amc.PageObjects.Home.Clickbookpass()" because "com.Amc.TestCases.TC_Home_Positive1.lp" is null
	at com.Amc.TestCases.TC_Home_Positive1.Clickbookpass(TC_Home_Positive1.java:98)
	at java.base/jdk.internal.reflect.DirectMethodHandleAccessor.invoke(DirectMethodHandleAccessor.java:103)
	at java.base/java.lang.reflect.Method.invoke(Method.java:580)
	at org.testng.internal.invokers.MethodInvocationHelper.invokeMethod(MethodInvocationHelper.java:139)
	at org.testng.internal.invokers.TestInvoker.invokeMethod(TestInvoker.java:677)
	at org.testng.internal.invokers.TestInvoker.invokeTestMethod(TestInvoker.java:221)
	at org.testng.internal.invokers.MethodRunner.runInSequence(MethodRunner.java:50)
	at org.testng.internal.invokers.TestInvoker$MethodInvocationAgent.invoke(TestInvoker.java:969)
	at org.testng.internal.invokers.TestInvoker.invokeTestMethods(TestInvoker.java:194)
	at org.testng.internal.invokers.TestMethodWorker.invokeTestMethods(TestMethodWorker.java:148)
	at org.testng.internal.invokers.TestMethodWorker.run(TestMethodWorker.java:128)
	at java.base/java.util.ArrayList.forEach(ArrayList.java:1597)
	at org.testng.TestRunner.privateRun(TestRunner.java:829)
	at org.testng.TestRunner.run(TestRunner.java:602)
	at org.testng.SuiteRunner.runTest(SuiteRunner.java:437)
	at org.testng.SuiteRunner.runSequentially(SuiteRunner.java:431)
	at org.testng.SuiteRunner.privateRun(SuiteRunner.java:391)
	at org.testng.SuiteRunner.run(SuiteRunner.java:330)
	at org.testng.SuiteRunnerWorker.runSuite(SuiteRunnerWorker.java:52)
	at org.testng.SuiteRunnerWorker.run(SuiteRunnerWorker.java:95)
	at org.testng.TestNG.runSuitesSequentially(TestNG.java:1256)
	at org.testng.TestNG.runSuitesLocally(TestNG.java:1176)
	at org.testng.TestNG.runSuites(TestNG.java:1099)
	at org.testng.TestNG.run(TestNG.java:1067)
	at org.testng.remote.AbstractRemoteTestNG.run(AbstractRemoteTestNG.java:115)
	at org.testng.remote.RemoteTestNG.initAndRun(RemoteTestNG.java:293)
	at org.testng.remote.RemoteTestNG.main(RemoteTestNG.java:91)
</textarea>
					
				</td>
			</tr>
			<tr class='log' status='fail'>
				<td class='status fail' title='fail' alt='fail'><i class='material-icons'>cancel</i></td>
				<td class='timestamp'>11:50:05 AM</td>
				<td class='step-details'>
						Screenshot is below:com.aventstack.extentreports.ExtentTest@1706a5c9
					
				</td>
			</tr>
		</tbody>
	</table>
</div>
						<ul class='screenshots'>
							<li><img class='r-img' onerror='this.style.display="none"' data-featherlight='D:\Dax Data\Ahmedabad Automation\ProjectsOfAutomation\AMC\Screenshots\Clickbookpass.png' src='D:\Dax Data\Ahmedabad Automation\ProjectsOfAutomation\AMC\Screenshots\Clickbookpass.png' data-src='D:\Dax Data\Ahmedabad Automation\ProjectsOfAutomation\AMC\Screenshots\Clickbookpass.png'></li>
						</ul>
					</div>
				</li>
				<li class='test displayed active  fail' status='fail' bdd='false' test-id='5'>
					<div class='test-heading'>
						<span class='test-name'>Clickback1</span>
						<span class='test-time'>Nov 6, 2024 11:50:06 AM</span>
						<span class='test-status right fail'>fail</span>
					</div>
					<div class='test-content hide'>
<div class='test-time-info'>
	<span class='label start-time'>Nov 6, 2024 11:50:06 AM</span>
	<span class='label end-time'>Nov 6, 2024 11:50:06 AM</span>
	<span class='label time-taken grey lighten-1 white-text'>0h 0m 0s+1ms</span>
</div>
<div class='test-steps'>
	<table class='bordered table-results'>
		<thead>
			<tr>
				<th>Status</th>
				<th>Timestamp</th>
				<th>Details</th>
			</tr>
		</thead>
		<tbody>
			<tr class='log' status='fail'>
				<td class='status fail' title='fail' alt='fail'><i class='material-icons'>cancel</i></td>
				<td class='timestamp'>11:50:06 AM</td>
				<td class='step-details'>
						<span class='badge white-text red'>Clickback1</span>
					
				</td>
			</tr>
			<tr class='log' status='fail'>
				<td class='status fail' title='fail' alt='fail'><i class='material-icons'>cancel</i></td>
				<td class='timestamp'>11:50:06 AM</td>
				<td class='step-details'>
						<span class='badge white-text red'>com.Amc.TestCases.TC_Home_Positive1:Clickback1</span>
					
				</td>
			</tr>
			<tr class='log' status='fail'>
				<td class='status fail' title='fail' alt='fail'><i class='material-icons'>cancel</i></td>
				<td class='timestamp'>11:50:06 AM</td>
				<td class='step-details'>
						<textarea disabled class="code-block">java.lang.NullPointerException: Cannot invoke "com.Amc.PageObjects.Home.Clickback()" because "com.Amc.TestCases.TC_Home_Positive1.lp" is null
	at com.Amc.TestCases.TC_Home_Positive1.Clickback1(TC_Home_Positive1.java:126)
	at java.base/jdk.internal.reflect.DirectMethodHandleAccessor.invoke(DirectMethodHandleAccessor.java:103)
	at java.base/java.lang.reflect.Method.invoke(Method.java:580)
	at org.testng.internal.invokers.MethodInvocationHelper.invokeMethod(MethodInvocationHelper.java:139)
	at org.testng.internal.invokers.TestInvoker.invokeMethod(TestInvoker.java:677)
	at org.testng.internal.invokers.TestInvoker.invokeTestMethod(TestInvoker.java:221)
	at org.testng.internal.invokers.MethodRunner.runInSequence(MethodRunner.java:50)
	at org.testng.internal.invokers.TestInvoker$MethodInvocationAgent.invoke(TestInvoker.java:969)
	at org.testng.internal.invokers.TestInvoker.invokeTestMethods(TestInvoker.java:194)
	at org.testng.internal.invokers.TestMethodWorker.invokeTestMethods(TestMethodWorker.java:148)
	at org.testng.internal.invokers.TestMethodWorker.run(TestMethodWorker.java:128)
	at java.base/java.util.ArrayList.forEach(ArrayList.java:1597)
	at org.testng.TestRunner.privateRun(TestRunner.java:829)
	at org.testng.TestRunner.run(TestRunner.java:602)
	at org.testng.SuiteRunner.runTest(SuiteRunner.java:437)
	at org.testng.SuiteRunner.runSequentially(SuiteRunner.java:431)
	at org.testng.SuiteRunner.privateRun(SuiteRunner.java:391)
	at org.testng.SuiteRunner.run(SuiteRunner.java:330)
	at org.testng.SuiteRunnerWorker.runSuite(SuiteRunnerWorker.java:52)
	at org.testng.SuiteRunnerWorker.run(SuiteRunnerWorker.java:95)
	at org.testng.TestNG.runSuitesSequentially(TestNG.java:1256)
	at org.testng.TestNG.runSuitesLocally(TestNG.java:1176)
	at org.testng.TestNG.runSuites(TestNG.java:1099)
	at org.testng.TestNG.run(TestNG.java:1067)
	at org.testng.remote.AbstractRemoteTestNG.run(AbstractRemoteTestNG.java:115)
	at org.testng.remote.RemoteTestNG.initAndRun(RemoteTestNG.java:293)
	at org.testng.remote.RemoteTestNG.main(RemoteTestNG.java:91)
</textarea>
					
				</td>
			</tr>
			<tr class='log' status='fail'>
				<td class='status fail' title='fail' alt='fail'><i class='material-icons'>cancel</i></td>
				<td class='timestamp'>11:50:06 AM</td>
				<td class='step-details'>
						Screenshot is below:com.aventstack.extentreports.ExtentTest@778db7c5
					
				</td>
			</tr>
		</tbody>
	</table>
</div>
						<ul class='screenshots'>
							<li><img class='r-img' onerror='this.style.display="none"' data-featherlight='D:\Dax Data\Ahmedabad Automation\ProjectsOfAutomation\AMC\Screenshots\Clickback1.png' src='D:\Dax Data\Ahmedabad Automation\ProjectsOfAutomation\AMC\Screenshots\Clickback1.png' data-src='D:\Dax Data\Ahmedabad Automation\ProjectsOfAutomation\AMC\Screenshots\Clickback1.png'></li>
						</ul>
					</div>
				</li>
				<li class='test displayed active  fail' status='fail' bdd='false' test-id='6'>
					<div class='test-heading'>
						<span class='test-name'>ClickPopup2</span>
						<span class='test-time'>Nov 6, 2024 11:50:06 AM</span>
						<span class='test-status right fail'>fail</span>
					</div>
					<div class='test-content hide'>
<div class='test-time-info'>
	<span class='label start-time'>Nov 6, 2024 11:50:06 AM</span>
	<span class='label end-time'>Nov 6, 2024 11:50:06 AM</span>
	<span class='label time-taken grey lighten-1 white-text'>0h 0m 0s+2ms</span>
</div>
<div class='test-steps'>
	<table class='bordered table-results'>
		<thead>
			<tr>
				<th>Status</th>
				<th>Timestamp</th>
				<th>Details</th>
			</tr>
		</thead>
		<tbody>
			<tr class='log' status='fail'>
				<td class='status fail' title='fail' alt='fail'><i class='material-icons'>cancel</i></td>
				<td class='timestamp'>11:50:06 AM</td>
				<td class='step-details'>
						<span class='badge white-text red'>ClickPopup2</span>
					
				</td>
			</tr>
			<tr class='log' status='fail'>
				<td class='status fail' title='fail' alt='fail'><i class='material-icons'>cancel</i></td>
				<td class='timestamp'>11:50:06 AM</td>
				<td class='step-details'>
						<span class='badge white-text red'>com.Amc.TestCases.TC_Home_Positive1:ClickPopup2</span>
					
				</td>
			</tr>
			<tr class='log' status='fail'>
				<td class='status fail' title='fail' alt='fail'><i class='material-icons'>cancel</i></td>
				<td class='timestamp'>11:50:06 AM</td>
				<td class='step-details'>
						<textarea disabled class="code-block">java.lang.NullPointerException: Cannot invoke "com.Amc.PageObjects.Home.ClickPopup1()" because "com.Amc.TestCases.TC_Home_Positive1.lp" is null
	at com.Amc.TestCases.TC_Home_Positive1.ClickPopup2(TC_Home_Positive1.java:131)
	at java.base/jdk.internal.reflect.DirectMethodHandleAccessor.invoke(DirectMethodHandleAccessor.java:103)
	at java.base/java.lang.reflect.Method.invoke(Method.java:580)
	at org.testng.internal.invokers.MethodInvocationHelper.invokeMethod(MethodInvocationHelper.java:139)
	at org.testng.internal.invokers.TestInvoker.invokeMethod(TestInvoker.java:677)
	at org.testng.internal.invokers.TestInvoker.invokeTestMethod(TestInvoker.java:221)
	at org.testng.internal.invokers.MethodRunner.runInSequence(MethodRunner.java:50)
	at org.testng.internal.invokers.TestInvoker$MethodInvocationAgent.invoke(TestInvoker.java:969)
	at org.testng.internal.invokers.TestInvoker.invokeTestMethods(TestInvoker.java:194)
	at org.testng.internal.invokers.TestMethodWorker.invokeTestMethods(TestMethodWorker.java:148)
	at org.testng.internal.invokers.TestMethodWorker.run(TestMethodWorker.java:128)
	at java.base/java.util.ArrayList.forEach(ArrayList.java:1597)
	at org.testng.TestRunner.privateRun(TestRunner.java:829)
	at org.testng.TestRunner.run(TestRunner.java:602)
	at org.testng.SuiteRunner.runTest(SuiteRunner.java:437)
	at org.testng.SuiteRunner.runSequentially(SuiteRunner.java:431)
	at org.testng.SuiteRunner.privateRun(SuiteRunner.java:391)
	at org.testng.SuiteRunner.run(SuiteRunner.java:330)
	at org.testng.SuiteRunnerWorker.runSuite(SuiteRunnerWorker.java:52)
	at org.testng.SuiteRunnerWorker.run(SuiteRunnerWorker.java:95)
	at org.testng.TestNG.runSuitesSequentially(TestNG.java:1256)
	at org.testng.TestNG.runSuitesLocally(TestNG.java:1176)
	at org.testng.TestNG.runSuites(TestNG.java:1099)
	at org.testng.TestNG.run(TestNG.java:1067)
	at org.testng.remote.AbstractRemoteTestNG.run(AbstractRemoteTestNG.java:115)
	at org.testng.remote.RemoteTestNG.initAndRun(RemoteTestNG.java:293)
	at org.testng.remote.RemoteTestNG.main(RemoteTestNG.java:91)
</textarea>
					
				</td>
			</tr>
			<tr class='log' status='fail'>
				<td class='status fail' title='fail' alt='fail'><i class='material-icons'>cancel</i></td>
				<td class='timestamp'>11:50:06 AM</td>
				<td class='step-details'>
						Screenshot is below:com.aventstack.extentreports.ExtentTest@68c7ef83
					
				</td>
			</tr>
		</tbody>
	</table>
</div>
						<ul class='screenshots'>
							<li><img class='r-img' onerror='this.style.display="none"' data-featherlight='D:\Dax Data\Ahmedabad Automation\ProjectsOfAutomation\AMC\Screenshots\ClickPopup2.png' src='D:\Dax Data\Ahmedabad Automation\ProjectsOfAutomation\AMC\Screenshots\ClickPopup2.png' data-src='D:\Dax Data\Ahmedabad Automation\ProjectsOfAutomation\AMC\Screenshots\ClickPopup2.png'></li>
						</ul>
					</div>
				</li>
				<li class='test displayed active  fail' status='fail' bdd='false' test-id='7'>
					<div class='test-heading'>
						<span class='test-name'>ClickCGroad</span>
						<span class='test-time'>Nov 6, 2024 11:50:10 AM</span>
						<span class='test-status right fail'>fail</span>
					</div>
					<div class='test-content hide'>
<div class='test-time-info'>
	<span class='label start-time'>Nov 6, 2024 11:50:10 AM</span>
	<span class='label end-time'>Nov 6, 2024 11:50:10 AM</span>
	<span class='label time-taken grey lighten-1 white-text'>0h 0m 0s+1ms</span>
</div>
<div class='test-steps'>
	<table class='bordered table-results'>
		<thead>
			<tr>
				<th>Status</th>
				<th>Timestamp</th>
				<th>Details</th>
			</tr>
		</thead>
		<tbody>
			<tr class='log' status='fail'>
				<td class='status fail' title='fail' alt='fail'><i class='material-icons'>cancel</i></td>
				<td class='timestamp'>11:50:10 AM</td>
				<td class='step-details'>
						<span class='badge white-text red'>ClickCGroad</span>
					
				</td>
			</tr>
			<tr class='log' status='fail'>
				<td class='status fail' title='fail' alt='fail'><i class='material-icons'>cancel</i></td>
				<td class='timestamp'>11:50:10 AM</td>
				<td class='step-details'>
						<span class='badge white-text red'>com.Amc.TestCases.TC_Home_Positive1:ClickCGroad</span>
					
				</td>
			</tr>
			<tr class='log' status='fail'>
				<td class='status fail' title='fail' alt='fail'><i class='material-icons'>cancel</i></td>
				<td class='timestamp'>11:50:10 AM</td>
				<td class='step-details'>
						<textarea disabled class="code-block">java.lang.NullPointerException: Cannot invoke "com.Amc.PageObjects.Home.ClickCGroad()" because "com.Amc.TestCases.TC_Home_Positive1.lp" is null
	at com.Amc.TestCases.TC_Home_Positive1.ClickCGroad(TC_Home_Positive1.java:142)
	at java.base/jdk.internal.reflect.DirectMethodHandleAccessor.invoke(DirectMethodHandleAccessor.java:103)
	at java.base/java.lang.reflect.Method.invoke(Method.java:580)
	at org.testng.internal.invokers.MethodInvocationHelper.invokeMethod(MethodInvocationHelper.java:139)
	at org.testng.internal.invokers.TestInvoker.invokeMethod(TestInvoker.java:677)
	at org.testng.internal.invokers.TestInvoker.invokeTestMethod(TestInvoker.java:221)
	at org.testng.internal.invokers.MethodRunner.runInSequence(MethodRunner.java:50)
	at org.testng.internal.invokers.TestInvoker$MethodInvocationAgent.invoke(TestInvoker.java:969)
	at org.testng.internal.invokers.TestInvoker.invokeTestMethods(TestInvoker.java:194)
	at org.testng.internal.invokers.TestMethodWorker.invokeTestMethods(TestMethodWorker.java:148)
	at org.testng.internal.invokers.TestMethodWorker.run(TestMethodWorker.java:128)
	at java.base/java.util.ArrayList.forEach(ArrayList.java:1597)
	at org.testng.TestRunner.privateRun(TestRunner.java:829)
	at org.testng.TestRunner.run(TestRunner.java:602)
	at org.testng.SuiteRunner.runTest(SuiteRunner.java:437)
	at org.testng.SuiteRunner.runSequentially(SuiteRunner.java:431)
	at org.testng.SuiteRunner.privateRun(SuiteRunner.java:391)
	at org.testng.SuiteRunner.run(SuiteRunner.java:330)
	at org.testng.SuiteRunnerWorker.runSuite(SuiteRunnerWorker.java:52)
	at org.testng.SuiteRunnerWorker.run(SuiteRunnerWorker.java:95)
	at org.testng.TestNG.runSuitesSequentially(TestNG.java:1256)
	at org.testng.TestNG.runSuitesLocally(TestNG.java:1176)
	at org.testng.TestNG.runSuites(TestNG.java:1099)
	at org.testng.TestNG.run(TestNG.java:1067)
	at org.testng.remote.AbstractRemoteTestNG.run(AbstractRemoteTestNG.java:115)
	at org.testng.remote.RemoteTestNG.initAndRun(RemoteTestNG.java:293)
	at org.testng.remote.RemoteTestNG.main(RemoteTestNG.java:91)
</textarea>
					
				</td>
			</tr>
			<tr class='log' status='fail'>
				<td class='status fail' title='fail' alt='fail'><i class='material-icons'>cancel</i></td>
				<td class='timestamp'>11:50:10 AM</td>
				<td class='step-details'>
						Screenshot is below:com.aventstack.extentreports.ExtentTest@33db72bd
					
				</td>
			</tr>
		</tbody>
	</table>
</div>
						<ul class='screenshots'>
							<li><img class='r-img' onerror='this.style.display="none"' data-featherlight='D:\Dax Data\Ahmedabad Automation\ProjectsOfAutomation\AMC\Screenshots\ClickCGroad.png' src='D:\Dax Data\Ahmedabad Automation\ProjectsOfAutomation\AMC\Screenshots\ClickCGroad.png' data-src='D:\Dax Data\Ahmedabad Automation\ProjectsOfAutomation\AMC\Screenshots\ClickCGroad.png'></li>
						</ul>
					</div>
				</li>
				<li class='test displayed active  fail' status='fail' bdd='false' test-id='8'>
					<div class='test-heading'>
						<span class='test-name'>Clickback2</span>
						<span class='test-time'>Nov 6, 2024 11:50:10 AM</span>
						<span class='test-status right fail'>fail</span>
					</div>
					<div class='test-content hide'>
<div class='test-time-info'>
	<span class='label start-time'>Nov 6, 2024 11:50:10 AM</span>
	<span class='label end-time'>Nov 6, 2024 11:50:10 AM</span>
	<span class='label time-taken grey lighten-1 white-text'>0h 0m 0s+2ms</span>
</div>
<div class='test-steps'>
	<table class='bordered table-results'>
		<thead>
			<tr>
				<th>Status</th>
				<th>Timestamp</th>
				<th>Details</th>
			</tr>
		</thead>
		<tbody>
			<tr class='log' status='fail'>
				<td class='status fail' title='fail' alt='fail'><i class='material-icons'>cancel</i></td>
				<td class='timestamp'>11:50:10 AM</td>
				<td class='step-details'>
						<span class='badge white-text red'>Clickback2</span>
					
				</td>
			</tr>
			<tr class='log' status='fail'>
				<td class='status fail' title='fail' alt='fail'><i class='material-icons'>cancel</i></td>
				<td class='timestamp'>11:50:10 AM</td>
				<td class='step-details'>
						<span class='badge white-text red'>com.Amc.TestCases.TC_Home_Positive1:Clickback2</span>
					
				</td>
			</tr>
			<tr class='log' status='fail'>
				<td class='status fail' title='fail' alt='fail'><i class='material-icons'>cancel</i></td>
				<td class='timestamp'>11:50:10 AM</td>
				<td class='step-details'>
						<textarea disabled class="code-block">java.lang.NullPointerException: Cannot invoke "com.Amc.PageObjects.Home.Clickback2()" because "com.Amc.TestCases.TC_Home_Positive1.lp" is null
	at com.Amc.TestCases.TC_Home_Positive1.Clickback2(TC_Home_Positive1.java:168)
	at java.base/jdk.internal.reflect.DirectMethodHandleAccessor.invoke(DirectMethodHandleAccessor.java:103)
	at java.base/java.lang.reflect.Method.invoke(Method.java:580)
	at org.testng.internal.invokers.MethodInvocationHelper.invokeMethod(MethodInvocationHelper.java:139)
	at org.testng.internal.invokers.TestInvoker.invokeMethod(TestInvoker.java:677)
	at org.testng.internal.invokers.TestInvoker.invokeTestMethod(TestInvoker.java:221)
	at org.testng.internal.invokers.MethodRunner.runInSequence(MethodRunner.java:50)
	at org.testng.internal.invokers.TestInvoker$MethodInvocationAgent.invoke(TestInvoker.java:969)
	at org.testng.internal.invokers.TestInvoker.invokeTestMethods(TestInvoker.java:194)
	at org.testng.internal.invokers.TestMethodWorker.invokeTestMethods(TestMethodWorker.java:148)
	at org.testng.internal.invokers.TestMethodWorker.run(TestMethodWorker.java:128)
	at java.base/java.util.ArrayList.forEach(ArrayList.java:1597)
	at org.testng.TestRunner.privateRun(TestRunner.java:829)
	at org.testng.TestRunner.run(TestRunner.java:602)
	at org.testng.SuiteRunner.runTest(SuiteRunner.java:437)
	at org.testng.SuiteRunner.runSequentially(SuiteRunner.java:431)
	at org.testng.SuiteRunner.privateRun(SuiteRunner.java:391)
	at org.testng.SuiteRunner.run(SuiteRunner.java:330)
	at org.testng.SuiteRunnerWorker.runSuite(SuiteRunnerWorker.java:52)
	at org.testng.SuiteRunnerWorker.run(SuiteRunnerWorker.java:95)
	at org.testng.TestNG.runSuitesSequentially(TestNG.java:1256)
	at org.testng.TestNG.runSuitesLocally(TestNG.java:1176)
	at org.testng.TestNG.runSuites(TestNG.java:1099)
	at org.testng.TestNG.run(TestNG.java:1067)
	at org.testng.remote.AbstractRemoteTestNG.run(AbstractRemoteTestNG.java:115)
	at org.testng.remote.RemoteTestNG.initAndRun(RemoteTestNG.java:293)
	at org.testng.remote.RemoteTestNG.main(RemoteTestNG.java:91)
</textarea>
					
				</td>
			</tr>
			<tr class='log' status='fail'>
				<td class='status fail' title='fail' alt='fail'><i class='material-icons'>cancel</i></td>
				<td class='timestamp'>11:50:10 AM</td>
				<td class='step-details'>
						Screenshot is below:com.aventstack.extentreports.ExtentTest@4beeb0e
					
				</td>
			</tr>
		</tbody>
	</table>
</div>
						<ul class='screenshots'>
							<li><img class='r-img' onerror='this.style.display="none"' data-featherlight='D:\Dax Data\Ahmedabad Automation\ProjectsOfAutomation\AMC\Screenshots\Clickback2.png' src='D:\Dax Data\Ahmedabad Automation\ProjectsOfAutomation\AMC\Screenshots\Clickback2.png' data-src='D:\Dax Data\Ahmedabad Automation\ProjectsOfAutomation\AMC\Screenshots\Clickback2.png'></li>
						</ul>
					</div>
				</li>
				<li class='test displayed active  fail' status='fail' bdd='false' test-id='9'>
					<div class='test-heading'>
						<span class='test-name'>ClickPopup3</span>
						<span class='test-time'>Nov 6, 2024 11:50:11 AM</span>
						<span class='test-status right fail'>fail</span>
					</div>
					<div class='test-content hide'>
<div class='test-time-info'>
	<span class='label start-time'>Nov 6, 2024 11:50:11 AM</span>
	<span class='label end-time'>Nov 6, 2024 11:50:11 AM</span>
	<span class='label time-taken grey lighten-1 white-text'>0h 0m 0s+1ms</span>
</div>
<div class='test-steps'>
	<table class='bordered table-results'>
		<thead>
			<tr>
				<th>Status</th>
				<th>Timestamp</th>
				<th>Details</th>
			</tr>
		</thead>
		<tbody>
			<tr class='log' status='fail'>
				<td class='status fail' title='fail' alt='fail'><i class='material-icons'>cancel</i></td>
				<td class='timestamp'>11:50:11 AM</td>
				<td class='step-details'>
						<span class='badge white-text red'>ClickPopup3</span>
					
				</td>
			</tr>
			<tr class='log' status='fail'>
				<td class='status fail' title='fail' alt='fail'><i class='material-icons'>cancel</i></td>
				<td class='timestamp'>11:50:11 AM</td>
				<td class='step-details'>
						<span class='badge white-text red'>com.Amc.TestCases.TC_Home_Positive1:ClickPopup3</span>
					
				</td>
			</tr>
			<tr class='log' status='fail'>
				<td class='status fail' title='fail' alt='fail'><i class='material-icons'>cancel</i></td>
				<td class='timestamp'>11:50:11 AM</td>
				<td class='step-details'>
						<textarea disabled class="code-block">java.lang.NullPointerException: Cannot invoke "com.Amc.PageObjects.Home.ClickPopup1()" because "com.Amc.TestCases.TC_Home_Positive1.lp" is null
	at com.Amc.TestCases.TC_Home_Positive1.ClickPopup3(TC_Home_Positive1.java:174)
	at java.base/jdk.internal.reflect.DirectMethodHandleAccessor.invoke(DirectMethodHandleAccessor.java:103)
	at java.base/java.lang.reflect.Method.invoke(Method.java:580)
	at org.testng.internal.invokers.MethodInvocationHelper.invokeMethod(MethodInvocationHelper.java:139)
	at org.testng.internal.invokers.TestInvoker.invokeMethod(TestInvoker.java:677)
	at org.testng.internal.invokers.TestInvoker.invokeTestMethod(TestInvoker.java:221)
	at org.testng.internal.invokers.MethodRunner.runInSequence(MethodRunner.java:50)
	at org.testng.internal.invokers.TestInvoker$MethodInvocationAgent.invoke(TestInvoker.java:969)
	at org.testng.internal.invokers.TestInvoker.invokeTestMethods(TestInvoker.java:194)
	at org.testng.internal.invokers.TestMethodWorker.invokeTestMethods(TestMethodWorker.java:148)
	at org.testng.internal.invokers.TestMethodWorker.run(TestMethodWorker.java:128)
	at java.base/java.util.ArrayList.forEach(ArrayList.java:1597)
	at org.testng.TestRunner.privateRun(TestRunner.java:829)
	at org.testng.TestRunner.run(TestRunner.java:602)
	at org.testng.SuiteRunner.runTest(SuiteRunner.java:437)
	at org.testng.SuiteRunner.runSequentially(SuiteRunner.java:431)
	at org.testng.SuiteRunner.privateRun(SuiteRunner.java:391)
	at org.testng.SuiteRunner.run(SuiteRunner.java:330)
	at org.testng.SuiteRunnerWorker.runSuite(SuiteRunnerWorker.java:52)
	at org.testng.SuiteRunnerWorker.run(SuiteRunnerWorker.java:95)
	at org.testng.TestNG.runSuitesSequentially(TestNG.java:1256)
	at org.testng.TestNG.runSuitesLocally(TestNG.java:1176)
	at org.testng.TestNG.runSuites(TestNG.java:1099)
	at org.testng.TestNG.run(TestNG.java:1067)
	at org.testng.remote.AbstractRemoteTestNG.run(AbstractRemoteTestNG.java:115)
	at org.testng.remote.RemoteTestNG.initAndRun(RemoteTestNG.java:293)
	at org.testng.remote.RemoteTestNG.main(RemoteTestNG.java:91)
</textarea>
					
				</td>
			</tr>
			<tr class='log' status='fail'>
				<td class='status fail' title='fail' alt='fail'><i class='material-icons'>cancel</i></td>
				<td class='timestamp'>11:50:11 AM</td>
				<td class='step-details'>
						Screenshot is below:com.aventstack.extentreports.ExtentTest@3b46dd8
					
				</td>
			</tr>
		</tbody>
	</table>
</div>
						<ul class='screenshots'>
							<li><img class='r-img' onerror='this.style.display="none"' data-featherlight='D:\Dax Data\Ahmedabad Automation\ProjectsOfAutomation\AMC\Screenshots\ClickPopup3.png' src='D:\Dax Data\Ahmedabad Automation\ProjectsOfAutomation\AMC\Screenshots\ClickPopup3.png' data-src='D:\Dax Data\Ahmedabad Automation\ProjectsOfAutomation\AMC\Screenshots\ClickPopup3.png'></li>
						</ul>
					</div>
				</li>
				<li class='test displayed active  fail' status='fail' bdd='false' test-id='10'>
					<div class='test-heading'>
						<span class='test-name'>ClickManinagar</span>
						<span class='test-time'>Nov 6, 2024 11:50:11 AM</span>
						<span class='test-status right fail'>fail</span>
					</div>
					<div class='test-content hide'>
<div class='test-time-info'>
	<span class='label start-time'>Nov 6, 2024 11:50:11 AM</span>
	<span class='label end-time'>Nov 6, 2024 11:50:11 AM</span>
	<span class='label time-taken grey lighten-1 white-text'>0h 0m 0s+2ms</span>
</div>
<div class='test-steps'>
	<table class='bordered table-results'>
		<thead>
			<tr>
				<th>Status</th>
				<th>Timestamp</th>
				<th>Details</th>
			</tr>
		</thead>
		<tbody>
			<tr class='log' status='fail'>
				<td class='status fail' title='fail' alt='fail'><i class='material-icons'>cancel</i></td>
				<td class='timestamp'>11:50:11 AM</td>
				<td class='step-details'>
						<span class='badge white-text red'>ClickManinagar</span>
					
				</td>
			</tr>
			<tr class='log' status='fail'>
				<td class='status fail' title='fail' alt='fail'><i class='material-icons'>cancel</i></td>
				<td class='timestamp'>11:50:11 AM</td>
				<td class='step-details'>
						<span class='badge white-text red'>com.Amc.TestCases.TC_Home_Positive1:ClickManinagar</span>
					
				</td>
			</tr>
			<tr class='log' status='fail'>
				<td class='status fail' title='fail' alt='fail'><i class='material-icons'>cancel</i></td>
				<td class='timestamp'>11:50:11 AM</td>
				<td class='step-details'>
						<textarea disabled class="code-block">java.lang.NullPointerException: Cannot invoke "com.Amc.PageObjects.Home.ClickManinagar()" because "com.Amc.TestCases.TC_Home_Positive1.lp" is null
	at com.Amc.TestCases.TC_Home_Positive1.ClickManinagar(TC_Home_Positive1.java:179)
	at java.base/jdk.internal.reflect.DirectMethodHandleAccessor.invoke(DirectMethodHandleAccessor.java:103)
	at java.base/java.lang.reflect.Method.invoke(Method.java:580)
	at org.testng.internal.invokers.MethodInvocationHelper.invokeMethod(MethodInvocationHelper.java:139)
	at org.testng.internal.invokers.TestInvoker.invokeMethod(TestInvoker.java:677)
	at org.testng.internal.invokers.TestInvoker.invokeTestMethod(TestInvoker.java:221)
	at org.testng.internal.invokers.MethodRunner.runInSequence(MethodRunner.java:50)
	at org.testng.internal.invokers.TestInvoker$MethodInvocationAgent.invoke(TestInvoker.java:969)
	at org.testng.internal.invokers.TestInvoker.invokeTestMethods(TestInvoker.java:194)
	at org.testng.internal.invokers.TestMethodWorker.invokeTestMethods(TestMethodWorker.java:148)
	at org.testng.internal.invokers.TestMethodWorker.run(TestMethodWorker.java:128)
	at java.base/java.util.ArrayList.forEach(ArrayList.java:1597)
	at org.testng.TestRunner.privateRun(TestRunner.java:829)
	at org.testng.TestRunner.run(TestRunner.java:602)
	at org.testng.SuiteRunner.runTest(SuiteRunner.java:437)
	at org.testng.SuiteRunner.runSequentially(SuiteRunner.java:431)
	at org.testng.SuiteRunner.privateRun(SuiteRunner.java:391)
	at org.testng.SuiteRunner.run(SuiteRunner.java:330)
	at org.testng.SuiteRunnerWorker.runSuite(SuiteRunnerWorker.java:52)
	at org.testng.SuiteRunnerWorker.run(SuiteRunnerWorker.java:95)
	at org.testng.TestNG.runSuitesSequentially(TestNG.java:1256)
	at org.testng.TestNG.runSuitesLocally(TestNG.java:1176)
	at org.testng.TestNG.runSuites(TestNG.java:1099)
	at org.testng.TestNG.run(TestNG.java:1067)
	at org.testng.remote.AbstractRemoteTestNG.run(AbstractRemoteTestNG.java:115)
	at org.testng.remote.RemoteTestNG.initAndRun(RemoteTestNG.java:293)
	at org.testng.remote.RemoteTestNG.main(RemoteTestNG.java:91)
</textarea>
					
				</td>
			</tr>
			<tr class='log' status='fail'>
				<td class='status fail' title='fail' alt='fail'><i class='material-icons'>cancel</i></td>
				<td class='timestamp'>11:50:11 AM</td>
				<td class='step-details'>
						Screenshot is below:com.aventstack.extentreports.ExtentTest@33364212
					
				</td>
			</tr>
		</tbody>
	</table>
</div>
						<ul class='screenshots'>
							<li><img class='r-img' onerror='this.style.display="none"' data-featherlight='D:\Dax Data\Ahmedabad Automation\ProjectsOfAutomation\AMC\Screenshots\ClickManinagar.png' src='D:\Dax Data\Ahmedabad Automation\ProjectsOfAutomation\AMC\Screenshots\ClickManinagar.png' data-src='D:\Dax Data\Ahmedabad Automation\ProjectsOfAutomation\AMC\Screenshots\ClickManinagar.png'></li>
						</ul>
					</div>
				</li>
				<li class='test displayed active  fail' status='fail' bdd='false' test-id='11'>
					<div class='test-heading'>
						<span class='test-name'>Clickback3</span>
						<span class='test-time'>Nov 6, 2024 11:50:12 AM</span>
						<span class='test-status right fail'>fail</span>
					</div>
					<div class='test-content hide'>
<div class='test-time-info'>
	<span class='label start-time'>Nov 6, 2024 11:50:12 AM</span>
	<span class='label end-time'>Nov 6, 2024 11:50:12 AM</span>
	<span class='label time-taken grey lighten-1 white-text'>0h 0m 0s+2ms</span>
</div>
<div class='test-steps'>
	<table class='bordered table-results'>
		<thead>
			<tr>
				<th>Status</th>
				<th>Timestamp</th>
				<th>Details</th>
			</tr>
		</thead>
		<tbody>
			<tr class='log' status='fail'>
				<td class='status fail' title='fail' alt='fail'><i class='material-icons'>cancel</i></td>
				<td class='timestamp'>11:50:12 AM</td>
				<td class='step-details'>
						<span class='badge white-text red'>Clickback3</span>
					
				</td>
			</tr>
			<tr class='log' status='fail'>
				<td class='status fail' title='fail' alt='fail'><i class='material-icons'>cancel</i></td>
				<td class='timestamp'>11:50:12 AM</td>
				<td class='step-details'>
						<span class='badge white-text red'>com.Amc.TestCases.TC_Home_Positive1:Clickback3</span>
					
				</td>
			</tr>
			<tr class='log' status='fail'>
				<td class='status fail' title='fail' alt='fail'><i class='material-icons'>cancel</i></td>
				<td class='timestamp'>11:50:12 AM</td>
				<td class='step-details'>
						<textarea disabled class="code-block">java.lang.NullPointerException: Cannot invoke "com.Amc.PageObjects.Home.Clickback2()" because "com.Amc.TestCases.TC_Home_Positive1.lp" is null
	at com.Amc.TestCases.TC_Home_Positive1.Clickback3(TC_Home_Positive1.java:205)
	at java.base/jdk.internal.reflect.DirectMethodHandleAccessor.invoke(DirectMethodHandleAccessor.java:103)
	at java.base/java.lang.reflect.Method.invoke(Method.java:580)
	at org.testng.internal.invokers.MethodInvocationHelper.invokeMethod(MethodInvocationHelper.java:139)
	at org.testng.internal.invokers.TestInvoker.invokeMethod(TestInvoker.java:677)
	at org.testng.internal.invokers.TestInvoker.invokeTestMethod(TestInvoker.java:221)
	at org.testng.internal.invokers.MethodRunner.runInSequence(MethodRunner.java:50)
	at org.testng.internal.invokers.TestInvoker$MethodInvocationAgent.invoke(TestInvoker.java:969)
	at org.testng.internal.invokers.TestInvoker.invokeTestMethods(TestInvoker.java:194)
	at org.testng.internal.invokers.TestMethodWorker.invokeTestMethods(TestMethodWorker.java:148)
	at org.testng.internal.invokers.TestMethodWorker.run(TestMethodWorker.java:128)
	at java.base/java.util.ArrayList.forEach(ArrayList.java:1597)
	at org.testng.TestRunner.privateRun(TestRunner.java:829)
	at org.testng.TestRunner.run(TestRunner.java:602)
	at org.testng.SuiteRunner.runTest(SuiteRunner.java:437)
	at org.testng.SuiteRunner.runSequentially(SuiteRunner.java:431)
	at org.testng.SuiteRunner.privateRun(SuiteRunner.java:391)
	at org.testng.SuiteRunner.run(SuiteRunner.java:330)
	at org.testng.SuiteRunnerWorker.runSuite(SuiteRunnerWorker.java:52)
	at org.testng.SuiteRunnerWorker.run(SuiteRunnerWorker.java:95)
	at org.testng.TestNG.runSuitesSequentially(TestNG.java:1256)
	at org.testng.TestNG.runSuitesLocally(TestNG.java:1176)
	at org.testng.TestNG.runSuites(TestNG.java:1099)
	at org.testng.TestNG.run(TestNG.java:1067)
	at org.testng.remote.AbstractRemoteTestNG.run(AbstractRemoteTestNG.java:115)
	at org.testng.remote.RemoteTestNG.initAndRun(RemoteTestNG.java:293)
	at org.testng.remote.RemoteTestNG.main(RemoteTestNG.java:91)
</textarea>
					
				</td>
			</tr>
			<tr class='log' status='fail'>
				<td class='status fail' title='fail' alt='fail'><i class='material-icons'>cancel</i></td>
				<td class='timestamp'>11:50:12 AM</td>
				<td class='step-details'>
						Screenshot is below:com.aventstack.extentreports.ExtentTest@7fd69dd
					
				</td>
			</tr>
		</tbody>
	</table>
</div>
						<ul class='screenshots'>
							<li><img class='r-img' onerror='this.style.display="none"' data-featherlight='D:\Dax Data\Ahmedabad Automation\ProjectsOfAutomation\AMC\Screenshots\Clickback3.png' src='D:\Dax Data\Ahmedabad Automation\ProjectsOfAutomation\AMC\Screenshots\Clickback3.png' data-src='D:\Dax Data\Ahmedabad Automation\ProjectsOfAutomation\AMC\Screenshots\Clickback3.png'></li>
						</ul>
					</div>
				</li>
				<li class='test displayed active  fail' status='fail' bdd='false' test-id='12'>
					<div class='test-heading'>
						<span class='test-name'>ClickPopup4</span>
						<span class='test-time'>Nov 6, 2024 11:50:12 AM</span>
						<span class='test-status right fail'>fail</span>
					</div>
					<div class='test-content hide'>
<div class='test-time-info'>
	<span class='label start-time'>Nov 6, 2024 11:50:12 AM</span>
	<span class='label end-time'>Nov 6, 2024 11:50:12 AM</span>
	<span class='label time-taken grey lighten-1 white-text'>0h 0m 0s+1ms</span>
</div>
<div class='test-steps'>
	<table class='bordered table-results'>
		<thead>
			<tr>
				<th>Status</th>
				<th>Timestamp</th>
				<th>Details</th>
			</tr>
		</thead>
		<tbody>
			<tr class='log' status='fail'>
				<td class='status fail' title='fail' alt='fail'><i class='material-icons'>cancel</i></td>
				<td class='timestamp'>11:50:12 AM</td>
				<td class='step-details'>
						<span class='badge white-text red'>ClickPopup4</span>
					
				</td>
			</tr>
			<tr class='log' status='fail'>
				<td class='status fail' title='fail' alt='fail'><i class='material-icons'>cancel</i></td>
				<td class='timestamp'>11:50:12 AM</td>
				<td class='step-details'>
						<span class='badge white-text red'>com.Amc.TestCases.TC_Home_Positive1:ClickPopup4</span>
					
				</td>
			</tr>
			<tr class='log' status='fail'>
				<td class='status fail' title='fail' alt='fail'><i class='material-icons'>cancel</i></td>
				<td class='timestamp'>11:50:12 AM</td>
				<td class='step-details'>
						<textarea disabled class="code-block">java.lang.NullPointerException: Cannot invoke "com.Amc.PageObjects.Home.ClickPopup1()" because "com.Amc.TestCases.TC_Home_Positive1.lp" is null
	at com.Amc.TestCases.TC_Home_Positive1.ClickPopup4(TC_Home_Positive1.java:210)
	at java.base/jdk.internal.reflect.DirectMethodHandleAccessor.invoke(DirectMethodHandleAccessor.java:103)
	at java.base/java.lang.reflect.Method.invoke(Method.java:580)
	at org.testng.internal.invokers.MethodInvocationHelper.invokeMethod(MethodInvocationHelper.java:139)
	at org.testng.internal.invokers.TestInvoker.invokeMethod(TestInvoker.java:677)
	at org.testng.internal.invokers.TestInvoker.invokeTestMethod(TestInvoker.java:221)
	at org.testng.internal.invokers.MethodRunner.runInSequence(MethodRunner.java:50)
	at org.testng.internal.invokers.TestInvoker$MethodInvocationAgent.invoke(TestInvoker.java:969)
	at org.testng.internal.invokers.TestInvoker.invokeTestMethods(TestInvoker.java:194)
	at org.testng.internal.invokers.TestMethodWorker.invokeTestMethods(TestMethodWorker.java:148)
	at org.testng.internal.invokers.TestMethodWorker.run(TestMethodWorker.java:128)
	at java.base/java.util.ArrayList.forEach(ArrayList.java:1597)
	at org.testng.TestRunner.privateRun(TestRunner.java:829)
	at org.testng.TestRunner.run(TestRunner.java:602)
	at org.testng.SuiteRunner.runTest(SuiteRunner.java:437)
	at org.testng.SuiteRunner.runSequentially(SuiteRunner.java:431)
	at org.testng.SuiteRunner.privateRun(SuiteRunner.java:391)
	at org.testng.SuiteRunner.run(SuiteRunner.java:330)
	at org.testng.SuiteRunnerWorker.runSuite(SuiteRunnerWorker.java:52)
	at org.testng.SuiteRunnerWorker.run(SuiteRunnerWorker.java:95)
	at org.testng.TestNG.runSuitesSequentially(TestNG.java:1256)
	at org.testng.TestNG.runSuitesLocally(TestNG.java:1176)
	at org.testng.TestNG.runSuites(TestNG.java:1099)
	at org.testng.TestNG.run(TestNG.java:1067)
	at org.testng.remote.AbstractRemoteTestNG.run(AbstractRemoteTestNG.java:115)
	at org.testng.remote.RemoteTestNG.initAndRun(RemoteTestNG.java:293)
	at org.testng.remote.RemoteTestNG.main(RemoteTestNG.java:91)
</textarea>
					
				</td>
			</tr>
			<tr class='log' status='fail'>
				<td class='status fail' title='fail' alt='fail'><i class='material-icons'>cancel</i></td>
				<td class='timestamp'>11:50:12 AM</td>
				<td class='step-details'>
						Screenshot is below:com.aventstack.extentreports.ExtentTest@3971f0fe
					
				</td>
			</tr>
		</tbody>
	</table>
</div>
						<ul class='screenshots'>
							<li><img class='r-img' onerror='this.style.display="none"' data-featherlight='D:\Dax Data\Ahmedabad Automation\ProjectsOfAutomation\AMC\Screenshots\ClickPopup4.png' src='D:\Dax Data\Ahmedabad Automation\ProjectsOfAutomation\AMC\Screenshots\ClickPopup4.png' data-src='D:\Dax Data\Ahmedabad Automation\ProjectsOfAutomation\AMC\Screenshots\ClickPopup4.png'></li>
						</ul>
					</div>
				</li>
				<li class='test displayed active  fail' status='fail' bdd='false' test-id='13'>
					<div class='test-heading'>
						<span class='test-name'>ClickNikol</span>
						<span class='test-time'>Nov 6, 2024 11:50:13 AM</span>
						<span class='test-status right fail'>fail</span>
					</div>
					<div class='test-content hide'>
<div class='test-time-info'>
	<span class='label start-time'>Nov 6, 2024 11:50:13 AM</span>
	<span class='label end-time'>Nov 6, 2024 11:50:13 AM</span>
	<span class='label time-taken grey lighten-1 white-text'>0h 0m 0s+2ms</span>
</div>
<div class='test-steps'>
	<table class='bordered table-results'>
		<thead>
			<tr>
				<th>Status</th>
				<th>Timestamp</th>
				<th>Details</th>
			</tr>
		</thead>
		<tbody>
			<tr class='log' status='fail'>
				<td class='status fail' title='fail' alt='fail'><i class='material-icons'>cancel</i></td>
				<td class='timestamp'>11:50:13 AM</td>
				<td class='step-details'>
						<span class='badge white-text red'>ClickNikol</span>
					
				</td>
			</tr>
			<tr class='log' status='fail'>
				<td class='status fail' title='fail' alt='fail'><i class='material-icons'>cancel</i></td>
				<td class='timestamp'>11:50:13 AM</td>
				<td class='step-details'>
						<span class='badge white-text red'>com.Amc.TestCases.TC_Home_Positive1:ClickNikol</span>
					
				</td>
			</tr>
			<tr class='log' status='fail'>
				<td class='status fail' title='fail' alt='fail'><i class='material-icons'>cancel</i></td>
				<td class='timestamp'>11:50:13 AM</td>
				<td class='step-details'>
						<textarea disabled class="code-block">java.lang.NullPointerException: Cannot invoke "com.Amc.PageObjects.Home.ClickNikol()" because "com.Amc.TestCases.TC_Home_Positive1.lp" is null
	at com.Amc.TestCases.TC_Home_Positive1.ClickNikol(TC_Home_Positive1.java:215)
	at java.base/jdk.internal.reflect.DirectMethodHandleAccessor.invoke(DirectMethodHandleAccessor.java:103)
	at java.base/java.lang.reflect.Method.invoke(Method.java:580)
	at org.testng.internal.invokers.MethodInvocationHelper.invokeMethod(MethodInvocationHelper.java:139)
	at org.testng.internal.invokers.TestInvoker.invokeMethod(TestInvoker.java:677)
	at org.testng.internal.invokers.TestInvoker.invokeTestMethod(TestInvoker.java:221)
	at org.testng.internal.invokers.MethodRunner.runInSequence(MethodRunner.java:50)
	at org.testng.internal.invokers.TestInvoker$MethodInvocationAgent.invoke(TestInvoker.java:969)
	at org.testng.internal.invokers.TestInvoker.invokeTestMethods(TestInvoker.java:194)
	at org.testng.internal.invokers.TestMethodWorker.invokeTestMethods(TestMethodWorker.java:148)
	at org.testng.internal.invokers.TestMethodWorker.run(TestMethodWorker.java:128)
	at java.base/java.util.ArrayList.forEach(ArrayList.java:1597)
	at org.testng.TestRunner.privateRun(TestRunner.java:829)
	at org.testng.TestRunner.run(TestRunner.java:602)
	at org.testng.SuiteRunner.runTest(SuiteRunner.java:437)
	at org.testng.SuiteRunner.runSequentially(SuiteRunner.java:431)
	at org.testng.SuiteRunner.privateRun(SuiteRunner.java:391)
	at org.testng.SuiteRunner.run(SuiteRunner.java:330)
	at org.testng.SuiteRunnerWorker.runSuite(SuiteRunnerWorker.java:52)
	at org.testng.SuiteRunnerWorker.run(SuiteRunnerWorker.java:95)
	at org.testng.TestNG.runSuitesSequentially(TestNG.java:1256)
	at org.testng.TestNG.runSuitesLocally(TestNG.java:1176)
	at org.testng.TestNG.runSuites(TestNG.java:1099)
	at org.testng.TestNG.run(TestNG.java:1067)
	at org.testng.remote.AbstractRemoteTestNG.run(AbstractRemoteTestNG.java:115)
	at org.testng.remote.RemoteTestNG.initAndRun(RemoteTestNG.java:293)
	at org.testng.remote.RemoteTestNG.main(RemoteTestNG.java:91)
</textarea>
					
				</td>
			</tr>
			<tr class='log' status='fail'>
				<td class='status fail' title='fail' alt='fail'><i class='material-icons'>cancel</i></td>
				<td class='timestamp'>11:50:13 AM</td>
				<td class='step-details'>
						Screenshot is below:com.aventstack.extentreports.ExtentTest@7318daf8
					
				</td>
			</tr>
		</tbody>
	</table>
</div>
						<ul class='screenshots'>
							<li><img class='r-img' onerror='this.style.display="none"' data-featherlight='D:\Dax Data\Ahmedabad Automation\ProjectsOfAutomation\AMC\Screenshots\ClickNikol.png' src='D:\Dax Data\Ahmedabad Automation\ProjectsOfAutomation\AMC\Screenshots\ClickNikol.png' data-src='D:\Dax Data\Ahmedabad Automation\ProjectsOfAutomation\AMC\Screenshots\ClickNikol.png'></li>
						</ul>
					</div>
				</li>
				<li class='test displayed active  fail' status='fail' bdd='false' test-id='14'>
					<div class='test-heading'>
						<span class='test-name'>Clickback4</span>
						<span class='test-time'>Nov 6, 2024 11:50:14 AM</span>
						<span class='test-status right fail'>fail</span>
					</div>
					<div class='test-content hide'>
<div class='test-time-info'>
	<span class='label start-time'>Nov 6, 2024 11:50:14 AM</span>
	<span class='label end-time'>Nov 6, 2024 11:50:14 AM</span>
	<span class='label time-taken grey lighten-1 white-text'>0h 0m 0s+1ms</span>
</div>
<div class='test-steps'>
	<table class='bordered table-results'>
		<thead>
			<tr>
				<th>Status</th>
				<th>Timestamp</th>
				<th>Details</th>
			</tr>
		</thead>
		<tbody>
			<tr class='log' status='fail'>
				<td class='status fail' title='fail' alt='fail'><i class='material-icons'>cancel</i></td>
				<td class='timestamp'>11:50:14 AM</td>
				<td class='step-details'>
						<span class='badge white-text red'>Clickback4</span>
					
				</td>
			</tr>
			<tr class='log' status='fail'>
				<td class='status fail' title='fail' alt='fail'><i class='material-icons'>cancel</i></td>
				<td class='timestamp'>11:50:14 AM</td>
				<td class='step-details'>
						<span class='badge white-text red'>com.Amc.TestCases.TC_Home_Positive1:Clickback4</span>
					
				</td>
			</tr>
			<tr class='log' status='fail'>
				<td class='status fail' title='fail' alt='fail'><i class='material-icons'>cancel</i></td>
				<td class='timestamp'>11:50:14 AM</td>
				<td class='step-details'>
						<textarea disabled class="code-block">java.lang.NullPointerException: Cannot invoke "com.Amc.PageObjects.Home.Clickback2()" because "com.Amc.TestCases.TC_Home_Positive1.lp" is null
	at com.Amc.TestCases.TC_Home_Positive1.Clickback4(TC_Home_Positive1.java:241)
	at java.base/jdk.internal.reflect.DirectMethodHandleAccessor.invoke(DirectMethodHandleAccessor.java:103)
	at java.base/java.lang.reflect.Method.invoke(Method.java:580)
	at org.testng.internal.invokers.MethodInvocationHelper.invokeMethod(MethodInvocationHelper.java:139)
	at org.testng.internal.invokers.TestInvoker.invokeMethod(TestInvoker.java:677)
	at org.testng.internal.invokers.TestInvoker.invokeTestMethod(TestInvoker.java:221)
	at org.testng.internal.invokers.MethodRunner.runInSequence(MethodRunner.java:50)
	at org.testng.internal.invokers.TestInvoker$MethodInvocationAgent.invoke(TestInvoker.java:969)
	at org.testng.internal.invokers.TestInvoker.invokeTestMethods(TestInvoker.java:194)
	at org.testng.internal.invokers.TestMethodWorker.invokeTestMethods(TestMethodWorker.java:148)
	at org.testng.internal.invokers.TestMethodWorker.run(TestMethodWorker.java:128)
	at java.base/java.util.ArrayList.forEach(ArrayList.java:1597)
	at org.testng.TestRunner.privateRun(TestRunner.java:829)
	at org.testng.TestRunner.run(TestRunner.java:602)
	at org.testng.SuiteRunner.runTest(SuiteRunner.java:437)
	at org.testng.SuiteRunner.runSequentially(SuiteRunner.java:431)
	at org.testng.SuiteRunner.privateRun(SuiteRunner.java:391)
	at org.testng.SuiteRunner.run(SuiteRunner.java:330)
	at org.testng.SuiteRunnerWorker.runSuite(SuiteRunnerWorker.java:52)
	at org.testng.SuiteRunnerWorker.run(SuiteRunnerWorker.java:95)
	at org.testng.TestNG.runSuitesSequentially(TestNG.java:1256)
	at org.testng.TestNG.runSuitesLocally(TestNG.java:1176)
	at org.testng.TestNG.runSuites(TestNG.java:1099)
	at org.testng.TestNG.run(TestNG.java:1067)
	at org.testng.remote.AbstractRemoteTestNG.run(AbstractRemoteTestNG.java:115)
	at org.testng.remote.RemoteTestNG.initAndRun(RemoteTestNG.java:293)
	at org.testng.remote.RemoteTestNG.main(RemoteTestNG.java:91)
</textarea>
					
				</td>
			</tr>
			<tr class='log' status='fail'>
				<td class='status fail' title='fail' alt='fail'><i class='material-icons'>cancel</i></td>
				<td class='timestamp'>11:50:14 AM</td>
				<td class='step-details'>
						Screenshot is below:com.aventstack.extentreports.ExtentTest@e1e2e5e
					
				</td>
			</tr>
		</tbody>
	</table>
</div>
						<ul class='screenshots'>
							<li><img class='r-img' onerror='this.style.display="none"' data-featherlight='D:\Dax Data\Ahmedabad Automation\ProjectsOfAutomation\AMC\Screenshots\Clickback4.png' src='D:\Dax Data\Ahmedabad Automation\ProjectsOfAutomation\AMC\Screenshots\Clickback4.png' data-src='D:\Dax Data\Ahmedabad Automation\ProjectsOfAutomation\AMC\Screenshots\Clickback4.png'></li>
						</ul>
					</div>
				</li>
				<li class='test displayed active  fail' status='fail' bdd='false' test-id='15'>
					<div class='test-heading'>
						<span class='test-name'>ClickPopup5</span>
						<span class='test-time'>Nov 6, 2024 11:50:14 AM</span>
						<span class='test-status right fail'>fail</span>
					</div>
					<div class='test-content hide'>
<div class='test-time-info'>
	<span class='label start-time'>Nov 6, 2024 11:50:14 AM</span>
	<span class='label end-time'>Nov 6, 2024 11:50:14 AM</span>
	<span class='label time-taken grey lighten-1 white-text'>0h 0m 0s+2ms</span>
</div>
<div class='test-steps'>
	<table class='bordered table-results'>
		<thead>
			<tr>
				<th>Status</th>
				<th>Timestamp</th>
				<th>Details</th>
			</tr>
		</thead>
		<tbody>
			<tr class='log' status='fail'>
				<td class='status fail' title='fail' alt='fail'><i class='material-icons'>cancel</i></td>
				<td class='timestamp'>11:50:14 AM</td>
				<td class='step-details'>
						<span class='badge white-text red'>ClickPopup5</span>
					
				</td>
			</tr>
			<tr class='log' status='fail'>
				<td class='status fail' title='fail' alt='fail'><i class='material-icons'>cancel</i></td>
				<td class='timestamp'>11:50:14 AM</td>
				<td class='step-details'>
						<span class='badge white-text red'>com.Amc.TestCases.TC_Home_Positive1:ClickPopup5</span>
					
				</td>
			</tr>
			<tr class='log' status='fail'>
				<td class='status fail' title='fail' alt='fail'><i class='material-icons'>cancel</i></td>
				<td class='timestamp'>11:50:14 AM</td>
				<td class='step-details'>
						<textarea disabled class="code-block">java.lang.NullPointerException: Cannot invoke "com.Amc.PageObjects.Home.ClickPopup1()" because "com.Amc.TestCases.TC_Home_Positive1.lp" is null
	at com.Amc.TestCases.TC_Home_Positive1.ClickPopup5(TC_Home_Positive1.java:246)
	at java.base/jdk.internal.reflect.DirectMethodHandleAccessor.invoke(DirectMethodHandleAccessor.java:103)
	at java.base/java.lang.reflect.Method.invoke(Method.java:580)
	at org.testng.internal.invokers.MethodInvocationHelper.invokeMethod(MethodInvocationHelper.java:139)
	at org.testng.internal.invokers.TestInvoker.invokeMethod(TestInvoker.java:677)
	at org.testng.internal.invokers.TestInvoker.invokeTestMethod(TestInvoker.java:221)
	at org.testng.internal.invokers.MethodRunner.runInSequence(MethodRunner.java:50)
	at org.testng.internal.invokers.TestInvoker$MethodInvocationAgent.invoke(TestInvoker.java:969)
	at org.testng.internal.invokers.TestInvoker.invokeTestMethods(TestInvoker.java:194)
	at org.testng.internal.invokers.TestMethodWorker.invokeTestMethods(TestMethodWorker.java:148)
	at org.testng.internal.invokers.TestMethodWorker.run(TestMethodWorker.java:128)
	at java.base/java.util.ArrayList.forEach(ArrayList.java:1597)
	at org.testng.TestRunner.privateRun(TestRunner.java:829)
	at org.testng.TestRunner.run(TestRunner.java:602)
	at org.testng.SuiteRunner.runTest(SuiteRunner.java:437)
	at org.testng.SuiteRunner.runSequentially(SuiteRunner.java:431)
	at org.testng.SuiteRunner.privateRun(SuiteRunner.java:391)
	at org.testng.SuiteRunner.run(SuiteRunner.java:330)
	at org.testng.SuiteRunnerWorker.runSuite(SuiteRunnerWorker.java:52)
	at org.testng.SuiteRunnerWorker.run(SuiteRunnerWorker.java:95)
	at org.testng.TestNG.runSuitesSequentially(TestNG.java:1256)
	at org.testng.TestNG.runSuitesLocally(TestNG.java:1176)
	at org.testng.TestNG.runSuites(TestNG.java:1099)
	at org.testng.TestNG.run(TestNG.java:1067)
	at org.testng.remote.AbstractRemoteTestNG.run(AbstractRemoteTestNG.java:115)
	at org.testng.remote.RemoteTestNG.initAndRun(RemoteTestNG.java:293)
	at org.testng.remote.RemoteTestNG.main(RemoteTestNG.java:91)
</textarea>
					
				</td>
			</tr>
			<tr class='log' status='fail'>
				<td class='status fail' title='fail' alt='fail'><i class='material-icons'>cancel</i></td>
				<td class='timestamp'>11:50:14 AM</td>
				<td class='step-details'>
						Screenshot is below:com.aventstack.extentreports.ExtentTest@540b0448
					
				</td>
			</tr>
		</tbody>
	</table>
</div>
						<ul class='screenshots'>
							<li><img class='r-img' onerror='this.style.display="none"' data-featherlight='D:\Dax Data\Ahmedabad Automation\ProjectsOfAutomation\AMC\Screenshots\ClickPopup5.png' src='D:\Dax Data\Ahmedabad Automation\ProjectsOfAutomation\AMC\Screenshots\ClickPopup5.png' data-src='D:\Dax Data\Ahmedabad Automation\ProjectsOfAutomation\AMC\Screenshots\ClickPopup5.png'></li>
						</ul>
					</div>
				</li>
				<li class='test displayed active  fail' status='fail' bdd='false' test-id='16'>
					<div class='test-heading'>
						<span class='test-name'>ClickSindhuBhavan</span>
						<span class='test-time'>Nov 6, 2024 11:50:15 AM</span>
						<span class='test-status right fail'>fail</span>
					</div>
					<div class='test-content hide'>
<div class='test-time-info'>
	<span class='label start-time'>Nov 6, 2024 11:50:15 AM</span>
	<span class='label end-time'>Nov 6, 2024 11:50:15 AM</span>
	<span class='label time-taken grey lighten-1 white-text'>0h 0m 0s+4ms</span>
</div>
<div class='test-steps'>
	<table class='bordered table-results'>
		<thead>
			<tr>
				<th>Status</th>
				<th>Timestamp</th>
				<th>Details</th>
			</tr>
		</thead>
		<tbody>
			<tr class='log' status='fail'>
				<td class='status fail' title='fail' alt='fail'><i class='material-icons'>cancel</i></td>
				<td class='timestamp'>11:50:15 AM</td>
				<td class='step-details'>
						<span class='badge white-text red'>ClickSindhuBhavan</span>
					
				</td>
			</tr>
			<tr class='log' status='fail'>
				<td class='status fail' title='fail' alt='fail'><i class='material-icons'>cancel</i></td>
				<td class='timestamp'>11:50:15 AM</td>
				<td class='step-details'>
						<span class='badge white-text red'>com.Amc.TestCases.TC_Home_Positive1:ClickSindhuBhavan</span>
					
				</td>
			</tr>
			<tr class='log' status='fail'>
				<td class='status fail' title='fail' alt='fail'><i class='material-icons'>cancel</i></td>
				<td class='timestamp'>11:50:15 AM</td>
				<td class='step-details'>
						<textarea disabled class="code-block">java.lang.NullPointerException: Cannot invoke "com.Amc.PageObjects.Home.ClickSindhuBhavan()" because "com.Amc.TestCases.TC_Home_Positive1.lp" is null
	at com.Amc.TestCases.TC_Home_Positive1.ClickSindhuBhavan(TC_Home_Positive1.java:251)
	at java.base/jdk.internal.reflect.DirectMethodHandleAccessor.invoke(DirectMethodHandleAccessor.java:103)
	at java.base/java.lang.reflect.Method.invoke(Method.java:580)
	at org.testng.internal.invokers.MethodInvocationHelper.invokeMethod(MethodInvocationHelper.java:139)
	at org.testng.internal.invokers.TestInvoker.invokeMethod(TestInvoker.java:677)
	at org.testng.internal.invokers.TestInvoker.invokeTestMethod(TestInvoker.java:221)
	at org.testng.internal.invokers.MethodRunner.runInSequence(MethodRunner.java:50)
	at org.testng.internal.invokers.TestInvoker$MethodInvocationAgent.invoke(TestInvoker.java:969)
	at org.testng.internal.invokers.TestInvoker.invokeTestMethods(TestInvoker.java:194)
	at org.testng.internal.invokers.TestMethodWorker.invokeTestMethods(TestMethodWorker.java:148)
	at org.testng.internal.invokers.TestMethodWorker.run(TestMethodWorker.java:128)
	at java.base/java.util.ArrayList.forEach(ArrayList.java:1597)
	at org.testng.TestRunner.privateRun(TestRunner.java:829)
	at org.testng.TestRunner.run(TestRunner.java:602)
	at org.testng.SuiteRunner.runTest(SuiteRunner.java:437)
	at org.testng.SuiteRunner.runSequentially(SuiteRunner.java:431)
	at org.testng.SuiteRunner.privateRun(SuiteRunner.java:391)
	at org.testng.SuiteRunner.run(SuiteRunner.java:330)
	at org.testng.SuiteRunnerWorker.runSuite(SuiteRunnerWorker.java:52)
	at org.testng.SuiteRunnerWorker.run(SuiteRunnerWorker.java:95)
	at org.testng.TestNG.runSuitesSequentially(TestNG.java:1256)
	at org.testng.TestNG.runSuitesLocally(TestNG.java:1176)
	at org.testng.TestNG.runSuites(TestNG.java:1099)
	at org.testng.TestNG.run(TestNG.java:1067)
	at org.testng.remote.AbstractRemoteTestNG.run(AbstractRemoteTestNG.java:115)
	at org.testng.remote.RemoteTestNG.initAndRun(RemoteTestNG.java:293)
	at org.testng.remote.RemoteTestNG.main(RemoteTestNG.java:91)
</textarea>
					
				</td>
			</tr>
			<tr class='log' status='fail'>
				<td class='status fail' title='fail' alt='fail'><i class='material-icons'>cancel</i></td>
				<td class='timestamp'>11:50:15 AM</td>
				<td class='step-details'>
						Screenshot is below:com.aventstack.extentreports.ExtentTest@3730ab42
					
				</td>
			</tr>
		</tbody>
	</table>
</div>
						<ul class='screenshots'>
							<li><img class='r-img' onerror='this.style.display="none"' data-featherlight='D:\Dax Data\Ahmedabad Automation\ProjectsOfAutomation\AMC\Screenshots\ClickSindhuBhavan.png' src='D:\Dax Data\Ahmedabad Automation\ProjectsOfAutomation\AMC\Screenshots\ClickSindhuBhavan.png' data-src='D:\Dax Data\Ahmedabad Automation\ProjectsOfAutomation\AMC\Screenshots\ClickSindhuBhavan.png'></li>
						</ul>
					</div>
				</li>
				<li class='test displayed active  fail' status='fail' bdd='false' test-id='17'>
					<div class='test-heading'>
						<span class='test-name'>Clickback5</span>
						<span class='test-time'>Nov 6, 2024 11:50:15 AM</span>
						<span class='test-status right fail'>fail</span>
					</div>
					<div class='test-content hide'>
<div class='test-time-info'>
	<span class='label start-time'>Nov 6, 2024 11:50:15 AM</span>
	<span class='label end-time'>Nov 6, 2024 11:50:15 AM</span>
	<span class='label time-taken grey lighten-1 white-text'>0h 0m 0s+1ms</span>
</div>
<div class='test-steps'>
	<table class='bordered table-results'>
		<thead>
			<tr>
				<th>Status</th>
				<th>Timestamp</th>
				<th>Details</th>
			</tr>
		</thead>
		<tbody>
			<tr class='log' status='fail'>
				<td class='status fail' title='fail' alt='fail'><i class='material-icons'>cancel</i></td>
				<td class='timestamp'>11:50:15 AM</td>
				<td class='step-details'>
						<span class='badge white-text red'>Clickback5</span>
					
				</td>
			</tr>
			<tr class='log' status='fail'>
				<td class='status fail' title='fail' alt='fail'><i class='material-icons'>cancel</i></td>
				<td class='timestamp'>11:50:15 AM</td>
				<td class='step-details'>
						<span class='badge white-text red'>com.Amc.TestCases.TC_Home_Positive1:Clickback5</span>
					
				</td>
			</tr>
			<tr class='log' status='fail'>
				<td class='status fail' title='fail' alt='fail'><i class='material-icons'>cancel</i></td>
				<td class='timestamp'>11:50:15 AM</td>
				<td class='step-details'>
						<textarea disabled class="code-block">java.lang.NullPointerException: Cannot invoke "com.Amc.PageObjects.Home.Clickback2()" because "com.Amc.TestCases.TC_Home_Positive1.lp" is null
	at com.Amc.TestCases.TC_Home_Positive1.Clickback5(TC_Home_Positive1.java:277)
	at java.base/jdk.internal.reflect.DirectMethodHandleAccessor.invoke(DirectMethodHandleAccessor.java:103)
	at java.base/java.lang.reflect.Method.invoke(Method.java:580)
	at org.testng.internal.invokers.MethodInvocationHelper.invokeMethod(MethodInvocationHelper.java:139)
	at org.testng.internal.invokers.TestInvoker.invokeMethod(TestInvoker.java:677)
	at org.testng.internal.invokers.TestInvoker.invokeTestMethod(TestInvoker.java:221)
	at org.testng.internal.invokers.MethodRunner.runInSequence(MethodRunner.java:50)
	at org.testng.internal.invokers.TestInvoker$MethodInvocationAgent.invoke(TestInvoker.java:969)
	at org.testng.internal.invokers.TestInvoker.invokeTestMethods(TestInvoker.java:194)
	at org.testng.internal.invokers.TestMethodWorker.invokeTestMethods(TestMethodWorker.java:148)
	at org.testng.internal.invokers.TestMethodWorker.run(TestMethodWorker.java:128)
	at java.base/java.util.ArrayList.forEach(ArrayList.java:1597)
	at org.testng.TestRunner.privateRun(TestRunner.java:829)
	at org.testng.TestRunner.run(TestRunner.java:602)
	at org.testng.SuiteRunner.runTest(SuiteRunner.java:437)
	at org.testng.SuiteRunner.runSequentially(SuiteRunner.java:431)
	at org.testng.SuiteRunner.privateRun(SuiteRunner.java:391)
	at org.testng.SuiteRunner.run(SuiteRunner.java:330)
	at org.testng.SuiteRunnerWorker.runSuite(SuiteRunnerWorker.java:52)
	at org.testng.SuiteRunnerWorker.run(SuiteRunnerWorker.java:95)
	at org.testng.TestNG.runSuitesSequentially(TestNG.java:1256)
	at org.testng.TestNG.runSuitesLocally(TestNG.java:1176)
	at org.testng.TestNG.runSuites(TestNG.java:1099)
	at org.testng.TestNG.run(TestNG.java:1067)
	at org.testng.remote.AbstractRemoteTestNG.run(AbstractRemoteTestNG.java:115)
	at org.testng.remote.RemoteTestNG.initAndRun(RemoteTestNG.java:293)
	at org.testng.remote.RemoteTestNG.main(RemoteTestNG.java:91)
</textarea>
					
				</td>
			</tr>
			<tr class='log' status='fail'>
				<td class='status fail' title='fail' alt='fail'><i class='material-icons'>cancel</i></td>
				<td class='timestamp'>11:50:15 AM</td>
				<td class='step-details'>
						Screenshot is below:com.aventstack.extentreports.ExtentTest@54d901aa
					
				</td>
			</tr>
		</tbody>
	</table>
</div>
						<ul class='screenshots'>
							<li><img class='r-img' onerror='this.style.display="none"' data-featherlight='D:\Dax Data\Ahmedabad Automation\ProjectsOfAutomation\AMC\Screenshots\Clickback5.png' src='D:\Dax Data\Ahmedabad Automation\ProjectsOfAutomation\AMC\Screenshots\Clickback5.png' data-src='D:\Dax Data\Ahmedabad Automation\ProjectsOfAutomation\AMC\Screenshots\Clickback5.png'></li>
						</ul>
					</div>
				</li>
				<li class='test displayed active  fail' status='fail' bdd='false' test-id='18'>
					<div class='test-heading'>
						<span class='test-name'>ClickPopup6</span>
						<span class='test-time'>Nov 6, 2024 11:50:16 AM</span>
						<span class='test-status right fail'>fail</span>
					</div>
					<div class='test-content hide'>
<div class='test-time-info'>
	<span class='label start-time'>Nov 6, 2024 11:50:16 AM</span>
	<span class='label end-time'>Nov 6, 2024 11:50:16 AM</span>
	<span class='label time-taken grey lighten-1 white-text'>0h 0m 0s+0ms</span>
</div>
<div class='test-steps'>
	<table class='bordered table-results'>
		<thead>
			<tr>
				<th>Status</th>
				<th>Timestamp</th>
				<th>Details</th>
			</tr>
		</thead>
		<tbody>
			<tr class='log' status='fail'>
				<td class='status fail' title='fail' alt='fail'><i class='material-icons'>cancel</i></td>
				<td class='timestamp'>11:50:16 AM</td>
				<td class='step-details'>
						<span class='badge white-text red'>ClickPopup6</span>
					
				</td>
			</tr>
			<tr class='log' status='fail'>
				<td class='status fail' title='fail' alt='fail'><i class='material-icons'>cancel</i></td>
				<td class='timestamp'>11:50:16 AM</td>
				<td class='step-details'>
						<span class='badge white-text red'>com.Amc.TestCases.TC_Home_Positive1:ClickPopup6</span>
					
				</td>
			</tr>
			<tr class='log' status='fail'>
				<td class='status fail' title='fail' alt='fail'><i class='material-icons'>cancel</i></td>
				<td class='timestamp'>11:50:16 AM</td>
				<td class='step-details'>
						<textarea disabled class="code-block">java.lang.NullPointerException: Cannot invoke "com.Amc.PageObjects.Home.ClickPopup1()" because "com.Amc.TestCases.TC_Home_Positive1.lp" is null
	at com.Amc.TestCases.TC_Home_Positive1.ClickPopup6(TC_Home_Positive1.java:282)
	at java.base/jdk.internal.reflect.DirectMethodHandleAccessor.invoke(DirectMethodHandleAccessor.java:103)
	at java.base/java.lang.reflect.Method.invoke(Method.java:580)
	at org.testng.internal.invokers.MethodInvocationHelper.invokeMethod(MethodInvocationHelper.java:139)
	at org.testng.internal.invokers.TestInvoker.invokeMethod(TestInvoker.java:677)
	at org.testng.internal.invokers.TestInvoker.invokeTestMethod(TestInvoker.java:221)
	at org.testng.internal.invokers.MethodRunner.runInSequence(MethodRunner.java:50)
	at org.testng.internal.invokers.TestInvoker$MethodInvocationAgent.invoke(TestInvoker.java:969)
	at org.testng.internal.invokers.TestInvoker.invokeTestMethods(TestInvoker.java:194)
	at org.testng.internal.invokers.TestMethodWorker.invokeTestMethods(TestMethodWorker.java:148)
	at org.testng.internal.invokers.TestMethodWorker.run(TestMethodWorker.java:128)
	at java.base/java.util.ArrayList.forEach(ArrayList.java:1597)
	at org.testng.TestRunner.privateRun(TestRunner.java:829)
	at org.testng.TestRunner.run(TestRunner.java:602)
	at org.testng.SuiteRunner.runTest(SuiteRunner.java:437)
	at org.testng.SuiteRunner.runSequentially(SuiteRunner.java:431)
	at org.testng.SuiteRunner.privateRun(SuiteRunner.java:391)
	at org.testng.SuiteRunner.run(SuiteRunner.java:330)
	at org.testng.SuiteRunnerWorker.runSuite(SuiteRunnerWorker.java:52)
	at org.testng.SuiteRunnerWorker.run(SuiteRunnerWorker.java:95)
	at org.testng.TestNG.runSuitesSequentially(TestNG.java:1256)
	at org.testng.TestNG.runSuitesLocally(TestNG.java:1176)
	at org.testng.TestNG.runSuites(TestNG.java:1099)
	at org.testng.TestNG.run(TestNG.java:1067)
	at org.testng.remote.AbstractRemoteTestNG.run(AbstractRemoteTestNG.java:115)
	at org.testng.remote.RemoteTestNG.initAndRun(RemoteTestNG.java:293)
	at org.testng.remote.RemoteTestNG.main(RemoteTestNG.java:91)
</textarea>
					
				</td>
			</tr>
			<tr class='log' status='fail'>
				<td class='status fail' title='fail' alt='fail'><i class='material-icons'>cancel</i></td>
				<td class='timestamp'>11:50:16 AM</td>
				<td class='step-details'>
						Screenshot is below:com.aventstack.extentreports.ExtentTest@23f72d88
					
				</td>
			</tr>
		</tbody>
	</table>
</div>
						<ul class='screenshots'>
							<li><img class='r-img' onerror='this.style.display="none"' data-featherlight='D:\Dax Data\Ahmedabad Automation\ProjectsOfAutomation\AMC\Screenshots\ClickPopup6.png' src='D:\Dax Data\Ahmedabad Automation\ProjectsOfAutomation\AMC\Screenshots\ClickPopup6.png' data-src='D:\Dax Data\Ahmedabad Automation\ProjectsOfAutomation\AMC\Screenshots\ClickPopup6.png'></li>
						</ul>
					</div>
				</li>
				<li class='test displayed active  fail' status='fail' bdd='false' test-id='19'>
					<div class='test-heading'>
						<span class='test-name'>Clickvideo</span>
						<span class='test-time'>Nov 6, 2024 11:50:16 AM</span>
						<span class='test-status right fail'>fail</span>
					</div>
					<div class='test-content hide'>
<div class='test-time-info'>
	<span class='label start-time'>Nov 6, 2024 11:50:16 AM</span>
	<span class='label end-time'>Nov 6, 2024 11:50:16 AM</span>
	<span class='label time-taken grey lighten-1 white-text'>0h 0m 0s+1ms</span>
</div>
<div class='test-steps'>
	<table class='bordered table-results'>
		<thead>
			<tr>
				<th>Status</th>
				<th>Timestamp</th>
				<th>Details</th>
			</tr>
		</thead>
		<tbody>
			<tr class='log' status='fail'>
				<td class='status fail' title='fail' alt='fail'><i class='material-icons'>cancel</i></td>
				<td class='timestamp'>11:50:16 AM</td>
				<td class='step-details'>
						<span class='badge white-text red'>Clickvideo</span>
					
				</td>
			</tr>
			<tr class='log' status='fail'>
				<td class='status fail' title='fail' alt='fail'><i class='material-icons'>cancel</i></td>
				<td class='timestamp'>11:50:16 AM</td>
				<td class='step-details'>
						<span class='badge white-text red'>com.Amc.TestCases.TC_Home_Positive1:Clickvideo</span>
					
				</td>
			</tr>
			<tr class='log' status='fail'>
				<td class='status fail' title='fail' alt='fail'><i class='material-icons'>cancel</i></td>
				<td class='timestamp'>11:50:16 AM</td>
				<td class='step-details'>
						<textarea disabled class="code-block">java.lang.NullPointerException: Cannot invoke "com.Amc.PageObjects.Home.Clickvideo()" because "com.Amc.TestCases.TC_Home_Positive1.lp" is null
	at com.Amc.TestCases.TC_Home_Positive1.Clickvideo(TC_Home_Positive1.java:292)
	at java.base/jdk.internal.reflect.DirectMethodHandleAccessor.invoke(DirectMethodHandleAccessor.java:103)
	at java.base/java.lang.reflect.Method.invoke(Method.java:580)
	at org.testng.internal.invokers.MethodInvocationHelper.invokeMethod(MethodInvocationHelper.java:139)
	at org.testng.internal.invokers.TestInvoker.invokeMethod(TestInvoker.java:677)
	at org.testng.internal.invokers.TestInvoker.invokeTestMethod(TestInvoker.java:221)
	at org.testng.internal.invokers.MethodRunner.runInSequence(MethodRunner.java:50)
	at org.testng.internal.invokers.TestInvoker$MethodInvocationAgent.invoke(TestInvoker.java:969)
	at org.testng.internal.invokers.TestInvoker.invokeTestMethods(TestInvoker.java:194)
	at org.testng.internal.invokers.TestMethodWorker.invokeTestMethods(TestMethodWorker.java:148)
	at org.testng.internal.invokers.TestMethodWorker.run(TestMethodWorker.java:128)
	at java.base/java.util.ArrayList.forEach(ArrayList.java:1597)
	at org.testng.TestRunner.privateRun(TestRunner.java:829)
	at org.testng.TestRunner.run(TestRunner.java:602)
	at org.testng.SuiteRunner.runTest(SuiteRunner.java:437)
	at org.testng.SuiteRunner.runSequentially(SuiteRunner.java:431)
	at org.testng.SuiteRunner.privateRun(SuiteRunner.java:391)
	at org.testng.SuiteRunner.run(SuiteRunner.java:330)
	at org.testng.SuiteRunnerWorker.runSuite(SuiteRunnerWorker.java:52)
	at org.testng.SuiteRunnerWorker.run(SuiteRunnerWorker.java:95)
	at org.testng.TestNG.runSuitesSequentially(TestNG.java:1256)
	at org.testng.TestNG.runSuitesLocally(TestNG.java:1176)
	at org.testng.TestNG.runSuites(TestNG.java:1099)
	at org.testng.TestNG.run(TestNG.java:1067)
	at org.testng.remote.AbstractRemoteTestNG.run(AbstractRemoteTestNG.java:115)
	at org.testng.remote.RemoteTestNG.initAndRun(RemoteTestNG.java:293)
	at org.testng.remote.RemoteTestNG.main(RemoteTestNG.java:91)
</textarea>
					
				</td>
			</tr>
			<tr class='log' status='fail'>
				<td class='status fail' title='fail' alt='fail'><i class='material-icons'>cancel</i></td>
				<td class='timestamp'>11:50:16 AM</td>
				<td class='step-details'>
						Screenshot is below:com.aventstack.extentreports.ExtentTest@507b79f7
					
				</td>
			</tr>
		</tbody>
	</table>
</div>
						<ul class='screenshots'>
							<li><img class='r-img' onerror='this.style.display="none"' data-featherlight='D:\Dax Data\Ahmedabad Automation\ProjectsOfAutomation\AMC\Screenshots\Clickvideo.png' src='D:\Dax Data\Ahmedabad Automation\ProjectsOfAutomation\AMC\Screenshots\Clickvideo.png' data-src='D:\Dax Data\Ahmedabad Automation\ProjectsOfAutomation\AMC\Screenshots\Clickvideo.png'></li>
						</ul>
					</div>
				</li>
				<li class='test displayed active  fail' status='fail' bdd='false' test-id='20'>
					<div class='test-heading'>
						<span class='test-name'>ClickVideoplay</span>
						<span class='test-time'>Nov 6, 2024 11:50:19 AM</span>
						<span class='test-status right fail'>fail</span>
					</div>
					<div class='test-content hide'>
<div class='test-time-info'>
	<span class='label start-time'>Nov 6, 2024 11:50:19 AM</span>
	<span class='label end-time'>Nov 6, 2024 11:50:19 AM</span>
	<span class='label time-taken grey lighten-1 white-text'>0h 0m 0s+2ms</span>
</div>
<div class='test-steps'>
	<table class='bordered table-results'>
		<thead>
			<tr>
				<th>Status</th>
				<th>Timestamp</th>
				<th>Details</th>
			</tr>
		</thead>
		<tbody>
			<tr class='log' status='fail'>
				<td class='status fail' title='fail' alt='fail'><i class='material-icons'>cancel</i></td>
				<td class='timestamp'>11:50:19 AM</td>
				<td class='step-details'>
						<span class='badge white-text red'>ClickVideoplay</span>
					
				</td>
			</tr>
			<tr class='log' status='fail'>
				<td class='status fail' title='fail' alt='fail'><i class='material-icons'>cancel</i></td>
				<td class='timestamp'>11:50:19 AM</td>
				<td class='step-details'>
						<span class='badge white-text red'>com.Amc.TestCases.TC_Home_Positive1:ClickVideoplay</span>
					
				</td>
			</tr>
			<tr class='log' status='fail'>
				<td class='status fail' title='fail' alt='fail'><i class='material-icons'>cancel</i></td>
				<td class='timestamp'>11:50:19 AM</td>
				<td class='step-details'>
						<textarea disabled class="code-block">java.lang.NullPointerException: Cannot invoke "com.Amc.PageObjects.Home.ClickVideoplay()" because "com.Amc.TestCases.TC_Home_Positive1.lp" is null
	at com.Amc.TestCases.TC_Home_Positive1.ClickVideoplay(TC_Home_Positive1.java:298)
	at java.base/jdk.internal.reflect.DirectMethodHandleAccessor.invoke(DirectMethodHandleAccessor.java:103)
	at java.base/java.lang.reflect.Method.invoke(Method.java:580)
	at org.testng.internal.invokers.MethodInvocationHelper.invokeMethod(MethodInvocationHelper.java:139)
	at org.testng.internal.invokers.TestInvoker.invokeMethod(TestInvoker.java:677)
	at org.testng.internal.invokers.TestInvoker.invokeTestMethod(TestInvoker.java:221)
	at org.testng.internal.invokers.MethodRunner.runInSequence(MethodRunner.java:50)
	at org.testng.internal.invokers.TestInvoker$MethodInvocationAgent.invoke(TestInvoker.java:969)
	at org.testng.internal.invokers.TestInvoker.invokeTestMethods(TestInvoker.java:194)
	at org.testng.internal.invokers.TestMethodWorker.invokeTestMethods(TestMethodWorker.java:148)
	at org.testng.internal.invokers.TestMethodWorker.run(TestMethodWorker.java:128)
	at java.base/java.util.ArrayList.forEach(ArrayList.java:1597)
	at org.testng.TestRunner.privateRun(TestRunner.java:829)
	at org.testng.TestRunner.run(TestRunner.java:602)
	at org.testng.SuiteRunner.runTest(SuiteRunner.java:437)
	at org.testng.SuiteRunner.runSequentially(SuiteRunner.java:431)
	at org.testng.SuiteRunner.privateRun(SuiteRunner.java:391)
	at org.testng.SuiteRunner.run(SuiteRunner.java:330)
	at org.testng.SuiteRunnerWorker.runSuite(SuiteRunnerWorker.java:52)
	at org.testng.SuiteRunnerWorker.run(SuiteRunnerWorker.java:95)
	at org.testng.TestNG.runSuitesSequentially(TestNG.java:1256)
	at org.testng.TestNG.runSuitesLocally(TestNG.java:1176)
	at org.testng.TestNG.runSuites(TestNG.java:1099)
	at org.testng.TestNG.run(TestNG.java:1067)
	at org.testng.remote.AbstractRemoteTestNG.run(AbstractRemoteTestNG.java:115)
	at org.testng.remote.RemoteTestNG.initAndRun(RemoteTestNG.java:293)
	at org.testng.remote.RemoteTestNG.main(RemoteTestNG.java:91)
</textarea>
					
				</td>
			</tr>
			<tr class='log' status='fail'>
				<td class='status fail' title='fail' alt='fail'><i class='material-icons'>cancel</i></td>
				<td class='timestamp'>11:50:19 AM</td>
				<td class='step-details'>
						Screenshot is below:com.aventstack.extentreports.ExtentTest@23b3aa8c
					
				</td>
			</tr>
		</tbody>
	</table>
</div>
						<ul class='screenshots'>
							<li><img class='r-img' onerror='this.style.display="none"' data-featherlight='D:\Dax Data\Ahmedabad Automation\ProjectsOfAutomation\AMC\Screenshots\ClickVideoplay.png' src='D:\Dax Data\Ahmedabad Automation\ProjectsOfAutomation\AMC\Screenshots\ClickVideoplay.png' data-src='D:\Dax Data\Ahmedabad Automation\ProjectsOfAutomation\AMC\Screenshots\ClickVideoplay.png'></li>
						</ul>
					</div>
				</li>
				<li class='test displayed active  fail' status='fail' bdd='false' test-id='21'>
					<div class='test-heading'>
						<span class='test-name'>ClickVideoclose</span>
						<span class='test-time'>Nov 6, 2024 11:50:29 AM</span>
						<span class='test-status right fail'>fail</span>
					</div>
					<div class='test-content hide'>
<div class='test-time-info'>
	<span class='label start-time'>Nov 6, 2024 11:50:29 AM</span>
	<span class='label end-time'>Nov 6, 2024 11:50:29 AM</span>
	<span class='label time-taken grey lighten-1 white-text'>0h 0m 0s+1ms</span>
</div>
<div class='test-steps'>
	<table class='bordered table-results'>
		<thead>
			<tr>
				<th>Status</th>
				<th>Timestamp</th>
				<th>Details</th>
			</tr>
		</thead>
		<tbody>
			<tr class='log' status='fail'>
				<td class='status fail' title='fail' alt='fail'><i class='material-icons'>cancel</i></td>
				<td class='timestamp'>11:50:29 AM</td>
				<td class='step-details'>
						<span class='badge white-text red'>ClickVideoclose</span>
					
				</td>
			</tr>
			<tr class='log' status='fail'>
				<td class='status fail' title='fail' alt='fail'><i class='material-icons'>cancel</i></td>
				<td class='timestamp'>11:50:29 AM</td>
				<td class='step-details'>
						<span class='badge white-text red'>com.Amc.TestCases.TC_Home_Positive1:ClickVideoclose</span>
					
				</td>
			</tr>
			<tr class='log' status='fail'>
				<td class='status fail' title='fail' alt='fail'><i class='material-icons'>cancel</i></td>
				<td class='timestamp'>11:50:29 AM</td>
				<td class='step-details'>
						<textarea disabled class="code-block">java.lang.NullPointerException: Cannot invoke "com.Amc.PageObjects.Home.ClickVideoclose()" because "com.Amc.TestCases.TC_Home_Positive1.lp" is null
	at com.Amc.TestCases.TC_Home_Positive1.ClickVideoclose(TC_Home_Positive1.java:303)
	at java.base/jdk.internal.reflect.DirectMethodHandleAccessor.invoke(DirectMethodHandleAccessor.java:103)
	at java.base/java.lang.reflect.Method.invoke(Method.java:580)
	at org.testng.internal.invokers.MethodInvocationHelper.invokeMethod(MethodInvocationHelper.java:139)
	at org.testng.internal.invokers.TestInvoker.invokeMethod(TestInvoker.java:677)
	at org.testng.internal.invokers.TestInvoker.invokeTestMethod(TestInvoker.java:221)
	at org.testng.internal.invokers.MethodRunner.runInSequence(MethodRunner.java:50)
	at org.testng.internal.invokers.TestInvoker$MethodInvocationAgent.invoke(TestInvoker.java:969)
	at org.testng.internal.invokers.TestInvoker.invokeTestMethods(TestInvoker.java:194)
	at org.testng.internal.invokers.TestMethodWorker.invokeTestMethods(TestMethodWorker.java:148)
	at org.testng.internal.invokers.TestMethodWorker.run(TestMethodWorker.java:128)
	at java.base/java.util.ArrayList.forEach(ArrayList.java:1597)
	at org.testng.TestRunner.privateRun(TestRunner.java:829)
	at org.testng.TestRunner.run(TestRunner.java:602)
	at org.testng.SuiteRunner.runTest(SuiteRunner.java:437)
	at org.testng.SuiteRunner.runSequentially(SuiteRunner.java:431)
	at org.testng.SuiteRunner.privateRun(SuiteRunner.java:391)
	at org.testng.SuiteRunner.run(SuiteRunner.java:330)
	at org.testng.SuiteRunnerWorker.runSuite(SuiteRunnerWorker.java:52)
	at org.testng.SuiteRunnerWorker.run(SuiteRunnerWorker.java:95)
	at org.testng.TestNG.runSuitesSequentially(TestNG.java:1256)
	at org.testng.TestNG.runSuitesLocally(TestNG.java:1176)
	at org.testng.TestNG.runSuites(TestNG.java:1099)
	at org.testng.TestNG.run(TestNG.java:1067)
	at org.testng.remote.AbstractRemoteTestNG.run(AbstractRemoteTestNG.java:115)
	at org.testng.remote.RemoteTestNG.initAndRun(RemoteTestNG.java:293)
	at org.testng.remote.RemoteTestNG.main(RemoteTestNG.java:91)
</textarea>
					
				</td>
			</tr>
			<tr class='log' status='fail'>
				<td class='status fail' title='fail' alt='fail'><i class='material-icons'>cancel</i></td>
				<td class='timestamp'>11:50:29 AM</td>
				<td class='step-details'>
						Screenshot is below:com.aventstack.extentreports.ExtentTest@1cb7936c
					
				</td>
			</tr>
		</tbody>
	</table>
</div>
						<ul class='screenshots'>
							<li><img class='r-img' onerror='this.style.display="none"' data-featherlight='D:\Dax Data\Ahmedabad Automation\ProjectsOfAutomation\AMC\Screenshots\ClickVideoclose.png' src='D:\Dax Data\Ahmedabad Automation\ProjectsOfAutomation\AMC\Screenshots\ClickVideoclose.png' data-src='D:\Dax Data\Ahmedabad Automation\ProjectsOfAutomation\AMC\Screenshots\ClickVideoclose.png'></li>
						</ul>
					</div>
				</li>
				<li class='test displayed active  fail' status='fail' bdd='false' test-id='22'>
					<div class='test-heading'>
						<span class='test-name'>Clickpartner1</span>
						<span class='test-time'>Nov 6, 2024 11:50:32 AM</span>
						<span class='test-status right fail'>fail</span>
					</div>
					<div class='test-content hide'>
<div class='test-time-info'>
	<span class='label start-time'>Nov 6, 2024 11:50:32 AM</span>
	<span class='label end-time'>Nov 6, 2024 11:50:32 AM</span>
	<span class='label time-taken grey lighten-1 white-text'>0h 0m 0s+3ms</span>
</div>
<div class='test-steps'>
	<table class='bordered table-results'>
		<thead>
			<tr>
				<th>Status</th>
				<th>Timestamp</th>
				<th>Details</th>
			</tr>
		</thead>
		<tbody>
			<tr class='log' status='fail'>
				<td class='status fail' title='fail' alt='fail'><i class='material-icons'>cancel</i></td>
				<td class='timestamp'>11:50:32 AM</td>
				<td class='step-details'>
						<span class='badge white-text red'>Clickpartner1</span>
					
				</td>
			</tr>
			<tr class='log' status='fail'>
				<td class='status fail' title='fail' alt='fail'><i class='material-icons'>cancel</i></td>
				<td class='timestamp'>11:50:32 AM</td>
				<td class='step-details'>
						<span class='badge white-text red'>com.Amc.TestCases.TC_Home_Positive1:Clickpartner1</span>
					
				</td>
			</tr>
			<tr class='log' status='fail'>
				<td class='status fail' title='fail' alt='fail'><i class='material-icons'>cancel</i></td>
				<td class='timestamp'>11:50:32 AM</td>
				<td class='step-details'>
						<textarea disabled class="code-block">java.lang.NullPointerException: Cannot invoke "com.Amc.PageObjects.Home.Clickpartner1()" because "com.Amc.TestCases.TC_Home_Positive1.lp" is null
	at com.Amc.TestCases.TC_Home_Positive1.Clickpartner1(TC_Home_Positive1.java:315)
	at java.base/jdk.internal.reflect.DirectMethodHandleAccessor.invoke(DirectMethodHandleAccessor.java:103)
	at java.base/java.lang.reflect.Method.invoke(Method.java:580)
	at org.testng.internal.invokers.MethodInvocationHelper.invokeMethod(MethodInvocationHelper.java:139)
	at org.testng.internal.invokers.TestInvoker.invokeMethod(TestInvoker.java:677)
	at org.testng.internal.invokers.TestInvoker.invokeTestMethod(TestInvoker.java:221)
	at org.testng.internal.invokers.MethodRunner.runInSequence(MethodRunner.java:50)
	at org.testng.internal.invokers.TestInvoker$MethodInvocationAgent.invoke(TestInvoker.java:969)
	at org.testng.internal.invokers.TestInvoker.invokeTestMethods(TestInvoker.java:194)
	at org.testng.internal.invokers.TestMethodWorker.invokeTestMethods(TestMethodWorker.java:148)
	at org.testng.internal.invokers.TestMethodWorker.run(TestMethodWorker.java:128)
	at java.base/java.util.ArrayList.forEach(ArrayList.java:1597)
	at org.testng.TestRunner.privateRun(TestRunner.java:829)
	at org.testng.TestRunner.run(TestRunner.java:602)
	at org.testng.SuiteRunner.runTest(SuiteRunner.java:437)
	at org.testng.SuiteRunner.runSequentially(SuiteRunner.java:431)
	at org.testng.SuiteRunner.privateRun(SuiteRunner.java:391)
	at org.testng.SuiteRunner.run(SuiteRunner.java:330)
	at org.testng.SuiteRunnerWorker.runSuite(SuiteRunnerWorker.java:52)
	at org.testng.SuiteRunnerWorker.run(SuiteRunnerWorker.java:95)
	at org.testng.TestNG.runSuitesSequentially(TestNG.java:1256)
	at org.testng.TestNG.runSuitesLocally(TestNG.java:1176)
	at org.testng.TestNG.runSuites(TestNG.java:1099)
	at org.testng.TestNG.run(TestNG.java:1067)
	at org.testng.remote.AbstractRemoteTestNG.run(AbstractRemoteTestNG.java:115)
	at org.testng.remote.RemoteTestNG.initAndRun(RemoteTestNG.java:293)
	at org.testng.remote.RemoteTestNG.main(RemoteTestNG.java:91)
</textarea>
					
				</td>
			</tr>
			<tr class='log' status='fail'>
				<td class='status fail' title='fail' alt='fail'><i class='material-icons'>cancel</i></td>
				<td class='timestamp'>11:50:32 AM</td>
				<td class='step-details'>
						Screenshot is below:com.aventstack.extentreports.ExtentTest@65eabaab
					
				</td>
			</tr>
		</tbody>
	</table>
</div>
						<ul class='screenshots'>
							<li><img class='r-img' onerror='this.style.display="none"' data-featherlight='D:\Dax Data\Ahmedabad Automation\ProjectsOfAutomation\AMC\Screenshots\Clickpartner1.png' src='D:\Dax Data\Ahmedabad Automation\ProjectsOfAutomation\AMC\Screenshots\Clickpartner1.png' data-src='D:\Dax Data\Ahmedabad Automation\ProjectsOfAutomation\AMC\Screenshots\Clickpartner1.png'></li>
						</ul>
					</div>
				</li>
				<li class='test displayed active  fail' status='fail' bdd='false' test-id='23'>
					<div class='test-heading'>
						<span class='test-name'>Clickback6</span>
						<span class='test-time'>Nov 6, 2024 11:50:32 AM</span>
						<span class='test-status right fail'>fail</span>
					</div>
					<div class='test-content hide'>
<div class='test-time-info'>
	<span class='label start-time'>Nov 6, 2024 11:50:32 AM</span>
	<span class='label end-time'>Nov 6, 2024 11:50:32 AM</span>
	<span class='label time-taken grey lighten-1 white-text'>0h 0m 0s+2ms</span>
</div>
<div class='test-steps'>
	<table class='bordered table-results'>
		<thead>
			<tr>
				<th>Status</th>
				<th>Timestamp</th>
				<th>Details</th>
			</tr>
		</thead>
		<tbody>
			<tr class='log' status='fail'>
				<td class='status fail' title='fail' alt='fail'><i class='material-icons'>cancel</i></td>
				<td class='timestamp'>11:50:32 AM</td>
				<td class='step-details'>
						<span class='badge white-text red'>Clickback6</span>
					
				</td>
			</tr>
			<tr class='log' status='fail'>
				<td class='status fail' title='fail' alt='fail'><i class='material-icons'>cancel</i></td>
				<td class='timestamp'>11:50:32 AM</td>
				<td class='step-details'>
						<span class='badge white-text red'>com.Amc.TestCases.TC_Home_Positive1:Clickback6</span>
					
				</td>
			</tr>
			<tr class='log' status='fail'>
				<td class='status fail' title='fail' alt='fail'><i class='material-icons'>cancel</i></td>
				<td class='timestamp'>11:50:32 AM</td>
				<td class='step-details'>
						<textarea disabled class="code-block">java.lang.NullPointerException: Cannot invoke "com.Amc.PageObjects.Home.Clickback()" because "com.Amc.TestCases.TC_Home_Positive1.lp" is null
	at com.Amc.TestCases.TC_Home_Positive1.Clickback6(TC_Home_Positive1.java:319)
	at java.base/jdk.internal.reflect.DirectMethodHandleAccessor.invoke(DirectMethodHandleAccessor.java:103)
	at java.base/java.lang.reflect.Method.invoke(Method.java:580)
	at org.testng.internal.invokers.MethodInvocationHelper.invokeMethod(MethodInvocationHelper.java:139)
	at org.testng.internal.invokers.TestInvoker.invokeMethod(TestInvoker.java:677)
	at org.testng.internal.invokers.TestInvoker.invokeTestMethod(TestInvoker.java:221)
	at org.testng.internal.invokers.MethodRunner.runInSequence(MethodRunner.java:50)
	at org.testng.internal.invokers.TestInvoker$MethodInvocationAgent.invoke(TestInvoker.java:969)
	at org.testng.internal.invokers.TestInvoker.invokeTestMethods(TestInvoker.java:194)
	at org.testng.internal.invokers.TestMethodWorker.invokeTestMethods(TestMethodWorker.java:148)
	at org.testng.internal.invokers.TestMethodWorker.run(TestMethodWorker.java:128)
	at java.base/java.util.ArrayList.forEach(ArrayList.java:1597)
	at org.testng.TestRunner.privateRun(TestRunner.java:829)
	at org.testng.TestRunner.run(TestRunner.java:602)
	at org.testng.SuiteRunner.runTest(SuiteRunner.java:437)
	at org.testng.SuiteRunner.runSequentially(SuiteRunner.java:431)
	at org.testng.SuiteRunner.privateRun(SuiteRunner.java:391)
	at org.testng.SuiteRunner.run(SuiteRunner.java:330)
	at org.testng.SuiteRunnerWorker.runSuite(SuiteRunnerWorker.java:52)
	at org.testng.SuiteRunnerWorker.run(SuiteRunnerWorker.java:95)
	at org.testng.TestNG.runSuitesSequentially(TestNG.java:1256)
	at org.testng.TestNG.runSuitesLocally(TestNG.java:1176)
	at org.testng.TestNG.runSuites(TestNG.java:1099)
	at org.testng.TestNG.run(TestNG.java:1067)
	at org.testng.remote.AbstractRemoteTestNG.run(AbstractRemoteTestNG.java:115)
	at org.testng.remote.RemoteTestNG.initAndRun(RemoteTestNG.java:293)
	at org.testng.remote.RemoteTestNG.main(RemoteTestNG.java:91)
</textarea>
					
				</td>
			</tr>
			<tr class='log' status='fail'>
				<td class='status fail' title='fail' alt='fail'><i class='material-icons'>cancel</i></td>
				<td class='timestamp'>11:50:32 AM</td>
				<td class='step-details'>
						Screenshot is below:com.aventstack.extentreports.ExtentTest@47ad69f7
					
				</td>
			</tr>
		</tbody>
	</table>
</div>
						<ul class='screenshots'>
							<li><img class='r-img' onerror='this.style.display="none"' data-featherlight='D:\Dax Data\Ahmedabad Automation\ProjectsOfAutomation\AMC\Screenshots\Clickback6.png' src='D:\Dax Data\Ahmedabad Automation\ProjectsOfAutomation\AMC\Screenshots\Clickback6.png' data-src='D:\Dax Data\Ahmedabad Automation\ProjectsOfAutomation\AMC\Screenshots\Clickback6.png'></li>
						</ul>
					</div>
				</li>
				<li class='test displayed active  fail' status='fail' bdd='false' test-id='24'>
					<div class='test-heading'>
						<span class='test-name'>ClickPopup7</span>
						<span class='test-time'>Nov 6, 2024 11:50:33 AM</span>
						<span class='test-status right fail'>fail</span>
					</div>
					<div class='test-content hide'>
<div class='test-time-info'>
	<span class='label start-time'>Nov 6, 2024 11:50:33 AM</span>
	<span class='label end-time'>Nov 6, 2024 11:50:33 AM</span>
	<span class='label time-taken grey lighten-1 white-text'>0h 0m 0s+1ms</span>
</div>
<div class='test-steps'>
	<table class='bordered table-results'>
		<thead>
			<tr>
				<th>Status</th>
				<th>Timestamp</th>
				<th>Details</th>
			</tr>
		</thead>
		<tbody>
			<tr class='log' status='fail'>
				<td class='status fail' title='fail' alt='fail'><i class='material-icons'>cancel</i></td>
				<td class='timestamp'>11:50:33 AM</td>
				<td class='step-details'>
						<span class='badge white-text red'>ClickPopup7</span>
					
				</td>
			</tr>
			<tr class='log' status='fail'>
				<td class='status fail' title='fail' alt='fail'><i class='material-icons'>cancel</i></td>
				<td class='timestamp'>11:50:33 AM</td>
				<td class='step-details'>
						<span class='badge white-text red'>com.Amc.TestCases.TC_Home_Positive1:ClickPopup7</span>
					
				</td>
			</tr>
			<tr class='log' status='fail'>
				<td class='status fail' title='fail' alt='fail'><i class='material-icons'>cancel</i></td>
				<td class='timestamp'>11:50:33 AM</td>
				<td class='step-details'>
						<textarea disabled class="code-block">java.lang.NullPointerException: Cannot invoke "com.Amc.PageObjects.Home.ClickPopup1()" because "com.Amc.TestCases.TC_Home_Positive1.lp" is null
	at com.Amc.TestCases.TC_Home_Positive1.ClickPopup7(TC_Home_Positive1.java:324)
	at java.base/jdk.internal.reflect.DirectMethodHandleAccessor.invoke(DirectMethodHandleAccessor.java:103)
	at java.base/java.lang.reflect.Method.invoke(Method.java:580)
	at org.testng.internal.invokers.MethodInvocationHelper.invokeMethod(MethodInvocationHelper.java:139)
	at org.testng.internal.invokers.TestInvoker.invokeMethod(TestInvoker.java:677)
	at org.testng.internal.invokers.TestInvoker.invokeTestMethod(TestInvoker.java:221)
	at org.testng.internal.invokers.MethodRunner.runInSequence(MethodRunner.java:50)
	at org.testng.internal.invokers.TestInvoker$MethodInvocationAgent.invoke(TestInvoker.java:969)
	at org.testng.internal.invokers.TestInvoker.invokeTestMethods(TestInvoker.java:194)
	at org.testng.internal.invokers.TestMethodWorker.invokeTestMethods(TestMethodWorker.java:148)
	at org.testng.internal.invokers.TestMethodWorker.run(TestMethodWorker.java:128)
	at java.base/java.util.ArrayList.forEach(ArrayList.java:1597)
	at org.testng.TestRunner.privateRun(TestRunner.java:829)
	at org.testng.TestRunner.run(TestRunner.java:602)
	at org.testng.SuiteRunner.runTest(SuiteRunner.java:437)
	at org.testng.SuiteRunner.runSequentially(SuiteRunner.java:431)
	at org.testng.SuiteRunner.privateRun(SuiteRunner.java:391)
	at org.testng.SuiteRunner.run(SuiteRunner.java:330)
	at org.testng.SuiteRunnerWorker.runSuite(SuiteRunnerWorker.java:52)
	at org.testng.SuiteRunnerWorker.run(SuiteRunnerWorker.java:95)
	at org.testng.TestNG.runSuitesSequentially(TestNG.java:1256)
	at org.testng.TestNG.runSuitesLocally(TestNG.java:1176)
	at org.testng.TestNG.runSuites(TestNG.java:1099)
	at org.testng.TestNG.run(TestNG.java:1067)
	at org.testng.remote.AbstractRemoteTestNG.run(AbstractRemoteTestNG.java:115)
	at org.testng.remote.RemoteTestNG.initAndRun(RemoteTestNG.java:293)
	at org.testng.remote.RemoteTestNG.main(RemoteTestNG.java:91)
</textarea>
					
				</td>
			</tr>
			<tr class='log' status='fail'>
				<td class='status fail' title='fail' alt='fail'><i class='material-icons'>cancel</i></td>
				<td class='timestamp'>11:50:33 AM</td>
				<td class='step-details'>
						Screenshot is below:com.aventstack.extentreports.ExtentTest@100c567f
					
				</td>
			</tr>
		</tbody>
	</table>
</div>
						<ul class='screenshots'>
							<li><img class='r-img' onerror='this.style.display="none"' data-featherlight='D:\Dax Data\Ahmedabad Automation\ProjectsOfAutomation\AMC\Screenshots\ClickPopup7.png' src='D:\Dax Data\Ahmedabad Automation\ProjectsOfAutomation\AMC\Screenshots\ClickPopup7.png' data-src='D:\Dax Data\Ahmedabad Automation\ProjectsOfAutomation\AMC\Screenshots\ClickPopup7.png'></li>
						</ul>
					</div>
				</li>
				<li class='test displayed active  fail' status='fail' bdd='false' test-id='25'>
					<div class='test-heading'>
						<span class='test-name'>Clickbookpass1</span>
						<span class='test-time'>Nov 6, 2024 11:50:35 AM</span>
						<span class='test-status right fail'>fail</span>
					</div>
					<div class='test-content hide'>
<div class='test-time-info'>
	<span class='label start-time'>Nov 6, 2024 11:50:35 AM</span>
	<span class='label end-time'>Nov 6, 2024 11:50:35 AM</span>
	<span class='label time-taken grey lighten-1 white-text'>0h 0m 0s+4ms</span>
</div>
<div class='test-steps'>
	<table class='bordered table-results'>
		<thead>
			<tr>
				<th>Status</th>
				<th>Timestamp</th>
				<th>Details</th>
			</tr>
		</thead>
		<tbody>
			<tr class='log' status='fail'>
				<td class='status fail' title='fail' alt='fail'><i class='material-icons'>cancel</i></td>
				<td class='timestamp'>11:50:35 AM</td>
				<td class='step-details'>
						<span class='badge white-text red'>Clickbookpass1</span>
					
				</td>
			</tr>
			<tr class='log' status='fail'>
				<td class='status fail' title='fail' alt='fail'><i class='material-icons'>cancel</i></td>
				<td class='timestamp'>11:50:35 AM</td>
				<td class='step-details'>
						<span class='badge white-text red'>com.Amc.TestCases.TC_Home_Positive1:Clickbookpass1</span>
					
				</td>
			</tr>
			<tr class='log' status='fail'>
				<td class='status fail' title='fail' alt='fail'><i class='material-icons'>cancel</i></td>
				<td class='timestamp'>11:50:35 AM</td>
				<td class='step-details'>
						<textarea disabled class="code-block">java.lang.NullPointerException: Cannot invoke "com.Amc.PageObjects.Home.Clickbookpass1()" because "com.Amc.TestCases.TC_Home_Positive1.lp" is null
	at com.Amc.TestCases.TC_Home_Positive1.Clickbookpass1(TC_Home_Positive1.java:330)
	at java.base/jdk.internal.reflect.DirectMethodHandleAccessor.invoke(DirectMethodHandleAccessor.java:103)
	at java.base/java.lang.reflect.Method.invoke(Method.java:580)
	at org.testng.internal.invokers.MethodInvocationHelper.invokeMethod(MethodInvocationHelper.java:139)
	at org.testng.internal.invokers.TestInvoker.invokeMethod(TestInvoker.java:677)
	at org.testng.internal.invokers.TestInvoker.invokeTestMethod(TestInvoker.java:221)
	at org.testng.internal.invokers.MethodRunner.runInSequence(MethodRunner.java:50)
	at org.testng.internal.invokers.TestInvoker$MethodInvocationAgent.invoke(TestInvoker.java:969)
	at org.testng.internal.invokers.TestInvoker.invokeTestMethods(TestInvoker.java:194)
	at org.testng.internal.invokers.TestMethodWorker.invokeTestMethods(TestMethodWorker.java:148)
	at org.testng.internal.invokers.TestMethodWorker.run(TestMethodWorker.java:128)
	at java.base/java.util.ArrayList.forEach(ArrayList.java:1597)
	at org.testng.TestRunner.privateRun(TestRunner.java:829)
	at org.testng.TestRunner.run(TestRunner.java:602)
	at org.testng.SuiteRunner.runTest(SuiteRunner.java:437)
	at org.testng.SuiteRunner.runSequentially(SuiteRunner.java:431)
	at org.testng.SuiteRunner.privateRun(SuiteRunner.java:391)
	at org.testng.SuiteRunner.run(SuiteRunner.java:330)
	at org.testng.SuiteRunnerWorker.runSuite(SuiteRunnerWorker.java:52)
	at org.testng.SuiteRunnerWorker.run(SuiteRunnerWorker.java:95)
	at org.testng.TestNG.runSuitesSequentially(TestNG.java:1256)
	at org.testng.TestNG.runSuitesLocally(TestNG.java:1176)
	at org.testng.TestNG.runSuites(TestNG.java:1099)
	at org.testng.TestNG.run(TestNG.java:1067)
	at org.testng.remote.AbstractRemoteTestNG.run(AbstractRemoteTestNG.java:115)
	at org.testng.remote.RemoteTestNG.initAndRun(RemoteTestNG.java:293)
	at org.testng.remote.RemoteTestNG.main(RemoteTestNG.java:91)
</textarea>
					
				</td>
			</tr>
			<tr class='log' status='fail'>
				<td class='status fail' title='fail' alt='fail'><i class='material-icons'>cancel</i></td>
				<td class='timestamp'>11:50:35 AM</td>
				<td class='step-details'>
						Screenshot is below:com.aventstack.extentreports.ExtentTest@30669dac
					
				</td>
			</tr>
		</tbody>
	</table>
</div>
						<ul class='screenshots'>
							<li><img class='r-img' onerror='this.style.display="none"' data-featherlight='D:\Dax Data\Ahmedabad Automation\ProjectsOfAutomation\AMC\Screenshots\Clickbookpass1.png' src='D:\Dax Data\Ahmedabad Automation\ProjectsOfAutomation\AMC\Screenshots\Clickbookpass1.png' data-src='D:\Dax Data\Ahmedabad Automation\ProjectsOfAutomation\AMC\Screenshots\Clickbookpass1.png'></li>
						</ul>
					</div>
				</li>
				<li class='test displayed active  fail' status='fail' bdd='false' test-id='26'>
					<div class='test-heading'>
						<span class='test-name'>Clickback7</span>
						<span class='test-time'>Nov 6, 2024 11:50:36 AM</span>
						<span class='test-status right fail'>fail</span>
					</div>
					<div class='test-content hide'>
<div class='test-time-info'>
	<span class='label start-time'>Nov 6, 2024 11:50:36 AM</span>
	<span class='label end-time'>Nov 6, 2024 11:50:36 AM</span>
	<span class='label time-taken grey lighten-1 white-text'>0h 0m 0s+1ms</span>
</div>
<div class='test-steps'>
	<table class='bordered table-results'>
		<thead>
			<tr>
				<th>Status</th>
				<th>Timestamp</th>
				<th>Details</th>
			</tr>
		</thead>
		<tbody>
			<tr class='log' status='fail'>
				<td class='status fail' title='fail' alt='fail'><i class='material-icons'>cancel</i></td>
				<td class='timestamp'>11:50:36 AM</td>
				<td class='step-details'>
						<span class='badge white-text red'>Clickback7</span>
					
				</td>
			</tr>
			<tr class='log' status='fail'>
				<td class='status fail' title='fail' alt='fail'><i class='material-icons'>cancel</i></td>
				<td class='timestamp'>11:50:36 AM</td>
				<td class='step-details'>
						<span class='badge white-text red'>com.Amc.TestCases.TC_Home_Positive1:Clickback7</span>
					
				</td>
			</tr>
			<tr class='log' status='fail'>
				<td class='status fail' title='fail' alt='fail'><i class='material-icons'>cancel</i></td>
				<td class='timestamp'>11:50:36 AM</td>
				<td class='step-details'>
						<textarea disabled class="code-block">java.lang.NullPointerException: Cannot invoke "com.Amc.PageObjects.Home.Clickback()" because "com.Amc.TestCases.TC_Home_Positive1.lp" is null
	at com.Amc.TestCases.TC_Home_Positive1.Clickback7(TC_Home_Positive1.java:334)
	at java.base/jdk.internal.reflect.DirectMethodHandleAccessor.invoke(DirectMethodHandleAccessor.java:103)
	at java.base/java.lang.reflect.Method.invoke(Method.java:580)
	at org.testng.internal.invokers.MethodInvocationHelper.invokeMethod(MethodInvocationHelper.java:139)
	at org.testng.internal.invokers.TestInvoker.invokeMethod(TestInvoker.java:677)
	at org.testng.internal.invokers.TestInvoker.invokeTestMethod(TestInvoker.java:221)
	at org.testng.internal.invokers.MethodRunner.runInSequence(MethodRunner.java:50)
	at org.testng.internal.invokers.TestInvoker$MethodInvocationAgent.invoke(TestInvoker.java:969)
	at org.testng.internal.invokers.TestInvoker.invokeTestMethods(TestInvoker.java:194)
	at org.testng.internal.invokers.TestMethodWorker.invokeTestMethods(TestMethodWorker.java:148)
	at org.testng.internal.invokers.TestMethodWorker.run(TestMethodWorker.java:128)
	at java.base/java.util.ArrayList.forEach(ArrayList.java:1597)
	at org.testng.TestRunner.privateRun(TestRunner.java:829)
	at org.testng.TestRunner.run(TestRunner.java:602)
	at org.testng.SuiteRunner.runTest(SuiteRunner.java:437)
	at org.testng.SuiteRunner.runSequentially(SuiteRunner.java:431)
	at org.testng.SuiteRunner.privateRun(SuiteRunner.java:391)
	at org.testng.SuiteRunner.run(SuiteRunner.java:330)
	at org.testng.SuiteRunnerWorker.runSuite(SuiteRunnerWorker.java:52)
	at org.testng.SuiteRunnerWorker.run(SuiteRunnerWorker.java:95)
	at org.testng.TestNG.runSuitesSequentially(TestNG.java:1256)
	at org.testng.TestNG.runSuitesLocally(TestNG.java:1176)
	at org.testng.TestNG.runSuites(TestNG.java:1099)
	at org.testng.TestNG.run(TestNG.java:1067)
	at org.testng.remote.AbstractRemoteTestNG.run(AbstractRemoteTestNG.java:115)
	at org.testng.remote.RemoteTestNG.initAndRun(RemoteTestNG.java:293)
	at org.testng.remote.RemoteTestNG.main(RemoteTestNG.java:91)
</textarea>
					
				</td>
			</tr>
			<tr class='log' status='fail'>
				<td class='status fail' title='fail' alt='fail'><i class='material-icons'>cancel</i></td>
				<td class='timestamp'>11:50:36 AM</td>
				<td class='step-details'>
						Screenshot is below:com.aventstack.extentreports.ExtentTest@70331432
					
				</td>
			</tr>
		</tbody>
	</table>
</div>
						<ul class='screenshots'>
							<li><img class='r-img' onerror='this.style.display="none"' data-featherlight='D:\Dax Data\Ahmedabad Automation\ProjectsOfAutomation\AMC\Screenshots\Clickback7.png' src='D:\Dax Data\Ahmedabad Automation\ProjectsOfAutomation\AMC\Screenshots\Clickback7.png' data-src='D:\Dax Data\Ahmedabad Automation\ProjectsOfAutomation\AMC\Screenshots\Clickback7.png'></li>
						</ul>
					</div>
				</li>
				<li class='test displayed active  fail' status='fail' bdd='false' test-id='27'>
					<div class='test-heading'>
						<span class='test-name'>ClickPopup8</span>
						<span class='test-time'>Nov 6, 2024 11:50:36 AM</span>
						<span class='test-status right fail'>fail</span>
					</div>
					<div class='test-content hide'>
<div class='test-time-info'>
	<span class='label start-time'>Nov 6, 2024 11:50:36 AM</span>
	<span class='label end-time'>Nov 6, 2024 11:50:36 AM</span>
	<span class='label time-taken grey lighten-1 white-text'>0h 0m 0s+2ms</span>
</div>
<div class='test-steps'>
	<table class='bordered table-results'>
		<thead>
			<tr>
				<th>Status</th>
				<th>Timestamp</th>
				<th>Details</th>
			</tr>
		</thead>
		<tbody>
			<tr class='log' status='fail'>
				<td class='status fail' title='fail' alt='fail'><i class='material-icons'>cancel</i></td>
				<td class='timestamp'>11:50:36 AM</td>
				<td class='step-details'>
						<span class='badge white-text red'>ClickPopup8</span>
					
				</td>
			</tr>
			<tr class='log' status='fail'>
				<td class='status fail' title='fail' alt='fail'><i class='material-icons'>cancel</i></td>
				<td class='timestamp'>11:50:36 AM</td>
				<td class='step-details'>
						<span class='badge white-text red'>com.Amc.TestCases.TC_Home_Positive1:ClickPopup8</span>
					
				</td>
			</tr>
			<tr class='log' status='fail'>
				<td class='status fail' title='fail' alt='fail'><i class='material-icons'>cancel</i></td>
				<td class='timestamp'>11:50:36 AM</td>
				<td class='step-details'>
						<textarea disabled class="code-block">java.lang.NullPointerException: Cannot invoke "com.Amc.PageObjects.Home.ClickPopup1()" because "com.Amc.TestCases.TC_Home_Positive1.lp" is null
	at com.Amc.TestCases.TC_Home_Positive1.ClickPopup8(TC_Home_Positive1.java:339)
	at java.base/jdk.internal.reflect.DirectMethodHandleAccessor.invoke(DirectMethodHandleAccessor.java:103)
	at java.base/java.lang.reflect.Method.invoke(Method.java:580)
	at org.testng.internal.invokers.MethodInvocationHelper.invokeMethod(MethodInvocationHelper.java:139)
	at org.testng.internal.invokers.TestInvoker.invokeMethod(TestInvoker.java:677)
	at org.testng.internal.invokers.TestInvoker.invokeTestMethod(TestInvoker.java:221)
	at org.testng.internal.invokers.MethodRunner.runInSequence(MethodRunner.java:50)
	at org.testng.internal.invokers.TestInvoker$MethodInvocationAgent.invoke(TestInvoker.java:969)
	at org.testng.internal.invokers.TestInvoker.invokeTestMethods(TestInvoker.java:194)
	at org.testng.internal.invokers.TestMethodWorker.invokeTestMethods(TestMethodWorker.java:148)
	at org.testng.internal.invokers.TestMethodWorker.run(TestMethodWorker.java:128)
	at java.base/java.util.ArrayList.forEach(ArrayList.java:1597)
	at org.testng.TestRunner.privateRun(TestRunner.java:829)
	at org.testng.TestRunner.run(TestRunner.java:602)
	at org.testng.SuiteRunner.runTest(SuiteRunner.java:437)
	at org.testng.SuiteRunner.runSequentially(SuiteRunner.java:431)
	at org.testng.SuiteRunner.privateRun(SuiteRunner.java:391)
	at org.testng.SuiteRunner.run(SuiteRunner.java:330)
	at org.testng.SuiteRunnerWorker.runSuite(SuiteRunnerWorker.java:52)
	at org.testng.SuiteRunnerWorker.run(SuiteRunnerWorker.java:95)
	at org.testng.TestNG.runSuitesSequentially(TestNG.java:1256)
	at org.testng.TestNG.runSuitesLocally(TestNG.java:1176)
	at org.testng.TestNG.runSuites(TestNG.java:1099)
	at org.testng.TestNG.run(TestNG.java:1067)
	at org.testng.remote.AbstractRemoteTestNG.run(AbstractRemoteTestNG.java:115)
	at org.testng.remote.RemoteTestNG.initAndRun(RemoteTestNG.java:293)
	at org.testng.remote.RemoteTestNG.main(RemoteTestNG.java:91)
</textarea>
					
				</td>
			</tr>
			<tr class='log' status='fail'>
				<td class='status fail' title='fail' alt='fail'><i class='material-icons'>cancel</i></td>
				<td class='timestamp'>11:50:36 AM</td>
				<td class='step-details'>
						Screenshot is below:com.aventstack.extentreports.ExtentTest@6ff415ad
					
				</td>
			</tr>
		</tbody>
	</table>
</div>
						<ul class='screenshots'>
							<li><img class='r-img' onerror='this.style.display="none"' data-featherlight='D:\Dax Data\Ahmedabad Automation\ProjectsOfAutomation\AMC\Screenshots\ClickPopup8.png' src='D:\Dax Data\Ahmedabad Automation\ProjectsOfAutomation\AMC\Screenshots\ClickPopup8.png' data-src='D:\Dax Data\Ahmedabad Automation\ProjectsOfAutomation\AMC\Screenshots\ClickPopup8.png'></li>
						</ul>
					</div>
				</li>
				<li class='test displayed active  fail' status='fail' bdd='false' test-id='28'>
					<div class='test-heading'>
						<span class='test-name'>ClickSponsors</span>
						<span class='test-time'>Nov 6, 2024 11:50:37 AM</span>
						<span class='test-status right fail'>fail</span>
					</div>
					<div class='test-content hide'>
<div class='test-time-info'>
	<span class='label start-time'>Nov 6, 2024 11:50:37 AM</span>
	<span class='label end-time'>Nov 6, 2024 11:50:37 AM</span>
	<span class='label time-taken grey lighten-1 white-text'>0h 0m 0s+1ms</span>
</div>
<div class='test-steps'>
	<table class='bordered table-results'>
		<thead>
			<tr>
				<th>Status</th>
				<th>Timestamp</th>
				<th>Details</th>
			</tr>
		</thead>
		<tbody>
			<tr class='log' status='fail'>
				<td class='status fail' title='fail' alt='fail'><i class='material-icons'>cancel</i></td>
				<td class='timestamp'>11:50:37 AM</td>
				<td class='step-details'>
						<span class='badge white-text red'>ClickSponsors</span>
					
				</td>
			</tr>
			<tr class='log' status='fail'>
				<td class='status fail' title='fail' alt='fail'><i class='material-icons'>cancel</i></td>
				<td class='timestamp'>11:50:37 AM</td>
				<td class='step-details'>
						<span class='badge white-text red'>com.Amc.TestCases.TC_Home_Positive1:ClickSponsors</span>
					
				</td>
			</tr>
			<tr class='log' status='fail'>
				<td class='status fail' title='fail' alt='fail'><i class='material-icons'>cancel</i></td>
				<td class='timestamp'>11:50:37 AM</td>
				<td class='step-details'>
						<textarea disabled class="code-block">java.lang.NullPointerException: Cannot invoke "com.Amc.PageObjects.Home.ClickSponsors()" because "com.Amc.TestCases.TC_Home_Positive1.lp" is null
	at com.Amc.TestCases.TC_Home_Positive1.ClickSponsors(TC_Home_Positive1.java:349)
	at java.base/jdk.internal.reflect.DirectMethodHandleAccessor.invoke(DirectMethodHandleAccessor.java:103)
	at java.base/java.lang.reflect.Method.invoke(Method.java:580)
	at org.testng.internal.invokers.MethodInvocationHelper.invokeMethod(MethodInvocationHelper.java:139)
	at org.testng.internal.invokers.TestInvoker.invokeMethod(TestInvoker.java:677)
	at org.testng.internal.invokers.TestInvoker.invokeTestMethod(TestInvoker.java:221)
	at org.testng.internal.invokers.MethodRunner.runInSequence(MethodRunner.java:50)
	at org.testng.internal.invokers.TestInvoker$MethodInvocationAgent.invoke(TestInvoker.java:969)
	at org.testng.internal.invokers.TestInvoker.invokeTestMethods(TestInvoker.java:194)
	at org.testng.internal.invokers.TestMethodWorker.invokeTestMethods(TestMethodWorker.java:148)
	at org.testng.internal.invokers.TestMethodWorker.run(TestMethodWorker.java:128)
	at java.base/java.util.ArrayList.forEach(ArrayList.java:1597)
	at org.testng.TestRunner.privateRun(TestRunner.java:829)
	at org.testng.TestRunner.run(TestRunner.java:602)
	at org.testng.SuiteRunner.runTest(SuiteRunner.java:437)
	at org.testng.SuiteRunner.runSequentially(SuiteRunner.java:431)
	at org.testng.SuiteRunner.privateRun(SuiteRunner.java:391)
	at org.testng.SuiteRunner.run(SuiteRunner.java:330)
	at org.testng.SuiteRunnerWorker.runSuite(SuiteRunnerWorker.java:52)
	at org.testng.SuiteRunnerWorker.run(SuiteRunnerWorker.java:95)
	at org.testng.TestNG.runSuitesSequentially(TestNG.java:1256)
	at org.testng.TestNG.runSuitesLocally(TestNG.java:1176)
	at org.testng.TestNG.runSuites(TestNG.java:1099)
	at org.testng.TestNG.run(TestNG.java:1067)
	at org.testng.remote.AbstractRemoteTestNG.run(AbstractRemoteTestNG.java:115)
	at org.testng.remote.RemoteTestNG.initAndRun(RemoteTestNG.java:293)
	at org.testng.remote.RemoteTestNG.main(RemoteTestNG.java:91)
</textarea>
					
				</td>
			</tr>
			<tr class='log' status='fail'>
				<td class='status fail' title='fail' alt='fail'><i class='material-icons'>cancel</i></td>
				<td class='timestamp'>11:50:37 AM</td>
				<td class='step-details'>
						Screenshot is below:com.aventstack.extentreports.ExtentTest@108d55c4
					
				</td>
			</tr>
		</tbody>
	</table>
</div>
						<ul class='screenshots'>
							<li><img class='r-img' onerror='this.style.display="none"' data-featherlight='D:\Dax Data\Ahmedabad Automation\ProjectsOfAutomation\AMC\Screenshots\ClickSponsors.png' src='D:\Dax Data\Ahmedabad Automation\ProjectsOfAutomation\AMC\Screenshots\ClickSponsors.png' data-src='D:\Dax Data\Ahmedabad Automation\ProjectsOfAutomation\AMC\Screenshots\ClickSponsors.png'></li>
						</ul>
					</div>
				</li>
			</ul>
		</div>
	</div>
	<!-- subview left -->
	<div class='subview-right left'>
		<div class='view-summary'>
			<div id='step-filters' class="right sr-filters">
				<a class="btn-floating waves-effect waves-light green" status="pass" alt="pass" title="pass"><i class="material-icons">check_circle</i></a>
				<a class="btn-floating waves-effect waves-light red" status="fail" alt="fail" title="fail"><i class="material-icons">cancel</i></a>
				<a class="btn-floating waves-effect waves-light red darken-4" status="fatal" alt="fatal" title="fatal"><i class="material-icons">cancel</i></a>
				<a class="btn-floating waves-effect waves-light pink text-lighten-1" status="error" alt="error" title="error"><i class="material-icons">error</i></a>
				<a class="btn-floating waves-effect waves-light orange" alt="warning" status="warning" title="warning"><i class="material-icons">warning</i></a>
				<a class="btn-floating waves-effect waves-light teal" status="skip" alt="skip" title="skip"><i class="material-icons">redo</i></a>
				<a class="btn-floating waves-effect waves-light grey" status="clear" alt="Clear filters" title="Clear filters"><i class="material-icons">clear</i></a>
			</div>
			<h5 class='test-name'></h5>
		</div>
	</div>
	<!-- subview right -->
</div>
<!-- test view --><!-- category view --><div id='exception-view' class='view hide'>
	<section id='controls'>
		<div class='controls grey lighten-4'>
			<!-- search -->
			<div class='chip transparent' alt='Search Tests' title='Search Tests'>
				<a href="#" class='search-div'>
				<i class='material-icons'>search</i> Search
				</a>
				<div class='input-field left hide'>
					<input id='search-tests' type='text' class='validate browser-default' placeholder='Search Tests...'>
				</div>
			</div>
			<!-- search -->
		</div>
	</section>
	<div class='subview-left left'>
		<div class='view-summary'>
			<ul id='exception-collection' class='exception-collection'>
				<li class='exception displayed active'>
					<div class='exception-heading'>
						<span class='exception-name'>java.lang.NullPointerException</span>
						<span class='exception-count right'><span class='label red lighten-1 white-text'>28</span></span>
					</div>
					<div class='exception-content hide'>
						<div class='exception-tests'>
							<table class='bordered table-results'>
								<thead>
									<tr>
										<th>Timestamp</th>
										<th>TestName</th>
										<th>Status</th>
									</tr>
								</thead>
								<tbody>
									<tr>
										<td>Nov 6, 2024 11:50:00 AM</td>
										<td class='linked' test-id='1'>Clickpartner</td>
										<td>
											<textarea disabled class="code-block">java.lang.NullPointerException: Cannot invoke "com.Amc.PageObjects.Home.Clickpartner()" because "com.Amc.TestCases.TC_Home_Positive1.lp" is null
	at com.Amc.TestCases.TC_Home_Positive1.Clickpartner(TC_Home_Positive1.java:51)
	at java.base/jdk.internal.reflect.DirectMethodHandleAccessor.invoke(DirectMethodHandleAccessor.java:103)
	at java.base/java.lang.reflect.Method.invoke(Method.java:580)
	at org.testng.internal.invokers.MethodInvocationHelper.invokeMethod(MethodInvocationHelper.java:139)
	at org.testng.internal.invokers.TestInvoker.invokeMethod(TestInvoker.java:677)
	at org.testng.internal.invokers.TestInvoker.invokeTestMethod(TestInvoker.java:221)
	at org.testng.internal.invokers.MethodRunner.runInSequence(MethodRunner.java:50)
	at org.testng.internal.invokers.TestInvoker$MethodInvocationAgent.invoke(TestInvoker.java:969)
	at org.testng.internal.invokers.TestInvoker.invokeTestMethods(TestInvoker.java:194)
	at org.testng.internal.invokers.TestMethodWorker.invokeTestMethods(TestMethodWorker.java:148)
	at org.testng.internal.invokers.TestMethodWorker.run(TestMethodWorker.java:128)
	at java.base/java.util.ArrayList.forEach(ArrayList.java:1597)
	at org.testng.TestRunner.privateRun(TestRunner.java:829)
	at org.testng.TestRunner.run(TestRunner.java:602)
	at org.testng.SuiteRunner.runTest(SuiteRunner.java:437)
	at org.testng.SuiteRunner.runSequentially(SuiteRunner.java:431)
	at org.testng.SuiteRunner.privateRun(SuiteRunner.java:391)
	at org.testng.SuiteRunner.run(SuiteRunner.java:330)
	at org.testng.SuiteRunnerWorker.runSuite(SuiteRunnerWorker.java:52)
	at org.testng.SuiteRunnerWorker.run(SuiteRunnerWorker.java:95)
	at org.testng.TestNG.runSuitesSequentially(TestNG.java:1256)
	at org.testng.TestNG.runSuitesLocally(TestNG.java:1176)
	at org.testng.TestNG.runSuites(TestNG.java:1099)
	at org.testng.TestNG.run(TestNG.java:1067)
	at org.testng.remote.AbstractRemoteTestNG.run(AbstractRemoteTestNG.java:115)
	at org.testng.remote.RemoteTestNG.initAndRun(RemoteTestNG.java:293)
	at org.testng.remote.RemoteTestNG.main(RemoteTestNG.java:91)
</textarea>
										</td>
									</tr>
									<tr>
										<td>Nov 6, 2024 11:50:00 AM</td>
										<td class='linked' test-id='2'>Clickback</td>
										<td>
											<textarea disabled class="code-block">java.lang.NullPointerException: Cannot invoke "com.Amc.PageObjects.Home.Clickback()" because "com.Amc.TestCases.TC_Home_Positive1.lp" is null
	at com.Amc.TestCases.TC_Home_Positive1.Clickback(TC_Home_Positive1.java:80)
	at java.base/jdk.internal.reflect.DirectMethodHandleAccessor.invoke(DirectMethodHandleAccessor.java:103)
	at java.base/java.lang.reflect.Method.invoke(Method.java:580)
	at org.testng.internal.invokers.MethodInvocationHelper.invokeMethod(MethodInvocationHelper.java:139)
	at org.testng.internal.invokers.TestInvoker.invokeMethod(TestInvoker.java:677)
	at org.testng.internal.invokers.TestInvoker.invokeTestMethod(TestInvoker.java:221)
	at org.testng.internal.invokers.MethodRunner.runInSequence(MethodRunner.java:50)
	at org.testng.internal.invokers.TestInvoker$MethodInvocationAgent.invoke(TestInvoker.java:969)
	at org.testng.internal.invokers.TestInvoker.invokeTestMethods(TestInvoker.java:194)
	at org.testng.internal.invokers.TestMethodWorker.invokeTestMethods(TestMethodWorker.java:148)
	at org.testng.internal.invokers.TestMethodWorker.run(TestMethodWorker.java:128)
	at java.base/java.util.ArrayList.forEach(ArrayList.java:1597)
	at org.testng.TestRunner.privateRun(TestRunner.java:829)
	at org.testng.TestRunner.run(TestRunner.java:602)
	at org.testng.SuiteRunner.runTest(SuiteRunner.java:437)
	at org.testng.SuiteRunner.runSequentially(SuiteRunner.java:431)
	at org.testng.SuiteRunner.privateRun(SuiteRunner.java:391)
	at org.testng.SuiteRunner.run(SuiteRunner.java:330)
	at org.testng.SuiteRunnerWorker.runSuite(SuiteRunnerWorker.java:52)
	at org.testng.SuiteRunnerWorker.run(SuiteRunnerWorker.java:95)
	at org.testng.TestNG.runSuitesSequentially(TestNG.java:1256)
	at org.testng.TestNG.runSuitesLocally(TestNG.java:1176)
	at org.testng.TestNG.runSuites(TestNG.java:1099)
	at org.testng.TestNG.run(TestNG.java:1067)
	at org.testng.remote.AbstractRemoteTestNG.run(AbstractRemoteTestNG.java:115)
	at org.testng.remote.RemoteTestNG.initAndRun(RemoteTestNG.java:293)
	at org.testng.remote.RemoteTestNG.main(RemoteTestNG.java:91)
</textarea>
										</td>
									</tr>
									<tr>
										<td>Nov 6, 2024 11:50:03 AM</td>
										<td class='linked' test-id='3'>ClickPopup1</td>
										<td>
											<textarea disabled class="code-block">java.lang.NullPointerException: Cannot invoke "com.Amc.PageObjects.Home.ClickPopup1()" because "com.Amc.TestCases.TC_Home_Positive1.lp" is null
	at com.Amc.TestCases.TC_Home_Positive1.ClickPopup1(TC_Home_Positive1.java:86)
	at java.base/jdk.internal.reflect.DirectMethodHandleAccessor.invoke(DirectMethodHandleAccessor.java:103)
	at java.base/java.lang.reflect.Method.invoke(Method.java:580)
	at org.testng.internal.invokers.MethodInvocationHelper.invokeMethod(MethodInvocationHelper.java:139)
	at org.testng.internal.invokers.TestInvoker.invokeMethod(TestInvoker.java:677)
	at org.testng.internal.invokers.TestInvoker.invokeTestMethod(TestInvoker.java:221)
	at org.testng.internal.invokers.MethodRunner.runInSequence(MethodRunner.java:50)
	at org.testng.internal.invokers.TestInvoker$MethodInvocationAgent.invoke(TestInvoker.java:969)
	at org.testng.internal.invokers.TestInvoker.invokeTestMethods(TestInvoker.java:194)
	at org.testng.internal.invokers.TestMethodWorker.invokeTestMethods(TestMethodWorker.java:148)
	at org.testng.internal.invokers.TestMethodWorker.run(TestMethodWorker.java:128)
	at java.base/java.util.ArrayList.forEach(ArrayList.java:1597)
	at org.testng.TestRunner.privateRun(TestRunner.java:829)
	at org.testng.TestRunner.run(TestRunner.java:602)
	at org.testng.SuiteRunner.runTest(SuiteRunner.java:437)
	at org.testng.SuiteRunner.runSequentially(SuiteRunner.java:431)
	at org.testng.SuiteRunner.privateRun(SuiteRunner.java:391)
	at org.testng.SuiteRunner.run(SuiteRunner.java:330)
	at org.testng.SuiteRunnerWorker.runSuite(SuiteRunnerWorker.java:52)
	at org.testng.SuiteRunnerWorker.run(SuiteRunnerWorker.java:95)
	at org.testng.TestNG.runSuitesSequentially(TestNG.java:1256)
	at org.testng.TestNG.runSuitesLocally(TestNG.java:1176)
	at org.testng.TestNG.runSuites(TestNG.java:1099)
	at org.testng.TestNG.run(TestNG.java:1067)
	at org.testng.remote.AbstractRemoteTestNG.run(AbstractRemoteTestNG.java:115)
	at org.testng.remote.RemoteTestNG.initAndRun(RemoteTestNG.java:293)
	at org.testng.remote.RemoteTestNG.main(RemoteTestNG.java:91)
</textarea>
										</td>
									</tr>
									<tr>
										<td>Nov 6, 2024 11:50:05 AM</td>
										<td class='linked' test-id='4'>Clickbookpass</td>
										<td>
											<textarea disabled class="code-block">java.lang.NullPointerException: Cannot invoke "com.Amc.PageObjects.Home.Clickbookpass()" because "com.Amc.TestCases.TC_Home_Positive1.lp" is null
	at com.Amc.TestCases.TC_Home_Positive1.Clickbookpass(TC_Home_Positive1.java:98)
	at java.base/jdk.internal.reflect.DirectMethodHandleAccessor.invoke(DirectMethodHandleAccessor.java:103)
	at java.base/java.lang.reflect.Method.invoke(Method.java:580)
	at org.testng.internal.invokers.MethodInvocationHelper.invokeMethod(MethodInvocationHelper.java:139)
	at org.testng.internal.invokers.TestInvoker.invokeMethod(TestInvoker.java:677)
	at org.testng.internal.invokers.TestInvoker.invokeTestMethod(TestInvoker.java:221)
	at org.testng.internal.invokers.MethodRunner.runInSequence(MethodRunner.java:50)
	at org.testng.internal.invokers.TestInvoker$MethodInvocationAgent.invoke(TestInvoker.java:969)
	at org.testng.internal.invokers.TestInvoker.invokeTestMethods(TestInvoker.java:194)
	at org.testng.internal.invokers.TestMethodWorker.invokeTestMethods(TestMethodWorker.java:148)
	at org.testng.internal.invokers.TestMethodWorker.run(TestMethodWorker.java:128)
	at java.base/java.util.ArrayList.forEach(ArrayList.java:1597)
	at org.testng.TestRunner.privateRun(TestRunner.java:829)
	at org.testng.TestRunner.run(TestRunner.java:602)
	at org.testng.SuiteRunner.runTest(SuiteRunner.java:437)
	at org.testng.SuiteRunner.runSequentially(SuiteRunner.java:431)
	at org.testng.SuiteRunner.privateRun(SuiteRunner.java:391)
	at org.testng.SuiteRunner.run(SuiteRunner.java:330)
	at org.testng.SuiteRunnerWorker.runSuite(SuiteRunnerWorker.java:52)
	at org.testng.SuiteRunnerWorker.run(SuiteRunnerWorker.java:95)
	at org.testng.TestNG.runSuitesSequentially(TestNG.java:1256)
	at org.testng.TestNG.runSuitesLocally(TestNG.java:1176)
	at org.testng.TestNG.runSuites(TestNG.java:1099)
	at org.testng.TestNG.run(TestNG.java:1067)
	at org.testng.remote.AbstractRemoteTestNG.run(AbstractRemoteTestNG.java:115)
	at org.testng.remote.RemoteTestNG.initAndRun(RemoteTestNG.java:293)
	at org.testng.remote.RemoteTestNG.main(RemoteTestNG.java:91)
</textarea>
										</td>
									</tr>
									<tr>
										<td>Nov 6, 2024 11:50:06 AM</td>
										<td class='linked' test-id='5'>Clickback1</td>
										<td>
											<textarea disabled class="code-block">java.lang.NullPointerException: Cannot invoke "com.Amc.PageObjects.Home.Clickback()" because "com.Amc.TestCases.TC_Home_Positive1.lp" is null
	at com.Amc.TestCases.TC_Home_Positive1.Clickback1(TC_Home_Positive1.java:126)
	at java.base/jdk.internal.reflect.DirectMethodHandleAccessor.invoke(DirectMethodHandleAccessor.java:103)
	at java.base/java.lang.reflect.Method.invoke(Method.java:580)
	at org.testng.internal.invokers.MethodInvocationHelper.invokeMethod(MethodInvocationHelper.java:139)
	at org.testng.internal.invokers.TestInvoker.invokeMethod(TestInvoker.java:677)
	at org.testng.internal.invokers.TestInvoker.invokeTestMethod(TestInvoker.java:221)
	at org.testng.internal.invokers.MethodRunner.runInSequence(MethodRunner.java:50)
	at org.testng.internal.invokers.TestInvoker$MethodInvocationAgent.invoke(TestInvoker.java:969)
	at org.testng.internal.invokers.TestInvoker.invokeTestMethods(TestInvoker.java:194)
	at org.testng.internal.invokers.TestMethodWorker.invokeTestMethods(TestMethodWorker.java:148)
	at org.testng.internal.invokers.TestMethodWorker.run(TestMethodWorker.java:128)
	at java.base/java.util.ArrayList.forEach(ArrayList.java:1597)
	at org.testng.TestRunner.privateRun(TestRunner.java:829)
	at org.testng.TestRunner.run(TestRunner.java:602)
	at org.testng.SuiteRunner.runTest(SuiteRunner.java:437)
	at org.testng.SuiteRunner.runSequentially(SuiteRunner.java:431)
	at org.testng.SuiteRunner.privateRun(SuiteRunner.java:391)
	at org.testng.SuiteRunner.run(SuiteRunner.java:330)
	at org.testng.SuiteRunnerWorker.runSuite(SuiteRunnerWorker.java:52)
	at org.testng.SuiteRunnerWorker.run(SuiteRunnerWorker.java:95)
	at org.testng.TestNG.runSuitesSequentially(TestNG.java:1256)
	at org.testng.TestNG.runSuitesLocally(TestNG.java:1176)
	at org.testng.TestNG.runSuites(TestNG.java:1099)
	at org.testng.TestNG.run(TestNG.java:1067)
	at org.testng.remote.AbstractRemoteTestNG.run(AbstractRemoteTestNG.java:115)
	at org.testng.remote.RemoteTestNG.initAndRun(RemoteTestNG.java:293)
	at org.testng.remote.RemoteTestNG.main(RemoteTestNG.java:91)
</textarea>
										</td>
									</tr>
									<tr>
										<td>Nov 6, 2024 11:50:06 AM</td>
										<td class='linked' test-id='6'>ClickPopup2</td>
										<td>
											<textarea disabled class="code-block">java.lang.NullPointerException: Cannot invoke "com.Amc.PageObjects.Home.ClickPopup1()" because "com.Amc.TestCases.TC_Home_Positive1.lp" is null
	at com.Amc.TestCases.TC_Home_Positive1.ClickPopup2(TC_Home_Positive1.java:131)
	at java.base/jdk.internal.reflect.DirectMethodHandleAccessor.invoke(DirectMethodHandleAccessor.java:103)
	at java.base/java.lang.reflect.Method.invoke(Method.java:580)
	at org.testng.internal.invokers.MethodInvocationHelper.invokeMethod(MethodInvocationHelper.java:139)
	at org.testng.internal.invokers.TestInvoker.invokeMethod(TestInvoker.java:677)
	at org.testng.internal.invokers.TestInvoker.invokeTestMethod(TestInvoker.java:221)
	at org.testng.internal.invokers.MethodRunner.runInSequence(MethodRunner.java:50)
	at org.testng.internal.invokers.TestInvoker$MethodInvocationAgent.invoke(TestInvoker.java:969)
	at org.testng.internal.invokers.TestInvoker.invokeTestMethods(TestInvoker.java:194)
	at org.testng.internal.invokers.TestMethodWorker.invokeTestMethods(TestMethodWorker.java:148)
	at org.testng.internal.invokers.TestMethodWorker.run(TestMethodWorker.java:128)
	at java.base/java.util.ArrayList.forEach(ArrayList.java:1597)
	at org.testng.TestRunner.privateRun(TestRunner.java:829)
	at org.testng.TestRunner.run(TestRunner.java:602)
	at org.testng.SuiteRunner.runTest(SuiteRunner.java:437)
	at org.testng.SuiteRunner.runSequentially(SuiteRunner.java:431)
	at org.testng.SuiteRunner.privateRun(SuiteRunner.java:391)
	at org.testng.SuiteRunner.run(SuiteRunner.java:330)
	at org.testng.SuiteRunnerWorker.runSuite(SuiteRunnerWorker.java:52)
	at org.testng.SuiteRunnerWorker.run(SuiteRunnerWorker.java:95)
	at org.testng.TestNG.runSuitesSequentially(TestNG.java:1256)
	at org.testng.TestNG.runSuitesLocally(TestNG.java:1176)
	at org.testng.TestNG.runSuites(TestNG.java:1099)
	at org.testng.TestNG.run(TestNG.java:1067)
	at org.testng.remote.AbstractRemoteTestNG.run(AbstractRemoteTestNG.java:115)
	at org.testng.remote.RemoteTestNG.initAndRun(RemoteTestNG.java:293)
	at org.testng.remote.RemoteTestNG.main(RemoteTestNG.java:91)
</textarea>
										</td>
									</tr>
									<tr>
										<td>Nov 6, 2024 11:50:10 AM</td>
										<td class='linked' test-id='7'>ClickCGroad</td>
										<td>
											<textarea disabled class="code-block">java.lang.NullPointerException: Cannot invoke "com.Amc.PageObjects.Home.ClickCGroad()" because "com.Amc.TestCases.TC_Home_Positive1.lp" is null
	at com.Amc.TestCases.TC_Home_Positive1.ClickCGroad(TC_Home_Positive1.java:142)
	at java.base/jdk.internal.reflect.DirectMethodHandleAccessor.invoke(DirectMethodHandleAccessor.java:103)
	at java.base/java.lang.reflect.Method.invoke(Method.java:580)
	at org.testng.internal.invokers.MethodInvocationHelper.invokeMethod(MethodInvocationHelper.java:139)
	at org.testng.internal.invokers.TestInvoker.invokeMethod(TestInvoker.java:677)
	at org.testng.internal.invokers.TestInvoker.invokeTestMethod(TestInvoker.java:221)
	at org.testng.internal.invokers.MethodRunner.runInSequence(MethodRunner.java:50)
	at org.testng.internal.invokers.TestInvoker$MethodInvocationAgent.invoke(TestInvoker.java:969)
	at org.testng.internal.invokers.TestInvoker.invokeTestMethods(TestInvoker.java:194)
	at org.testng.internal.invokers.TestMethodWorker.invokeTestMethods(TestMethodWorker.java:148)
	at org.testng.internal.invokers.TestMethodWorker.run(TestMethodWorker.java:128)
	at java.base/java.util.ArrayList.forEach(ArrayList.java:1597)
	at org.testng.TestRunner.privateRun(TestRunner.java:829)
	at org.testng.TestRunner.run(TestRunner.java:602)
	at org.testng.SuiteRunner.runTest(SuiteRunner.java:437)
	at org.testng.SuiteRunner.runSequentially(SuiteRunner.java:431)
	at org.testng.SuiteRunner.privateRun(SuiteRunner.java:391)
	at org.testng.SuiteRunner.run(SuiteRunner.java:330)
	at org.testng.SuiteRunnerWorker.runSuite(SuiteRunnerWorker.java:52)
	at org.testng.SuiteRunnerWorker.run(SuiteRunnerWorker.java:95)
	at org.testng.TestNG.runSuitesSequentially(TestNG.java:1256)
	at org.testng.TestNG.runSuitesLocally(TestNG.java:1176)
	at org.testng.TestNG.runSuites(TestNG.java:1099)
	at org.testng.TestNG.run(TestNG.java:1067)
	at org.testng.remote.AbstractRemoteTestNG.run(AbstractRemoteTestNG.java:115)
	at org.testng.remote.RemoteTestNG.initAndRun(RemoteTestNG.java:293)
	at org.testng.remote.RemoteTestNG.main(RemoteTestNG.java:91)
</textarea>
										</td>
									</tr>
									<tr>
										<td>Nov 6, 2024 11:50:10 AM</td>
										<td class='linked' test-id='8'>Clickback2</td>
										<td>
											<textarea disabled class="code-block">java.lang.NullPointerException: Cannot invoke "com.Amc.PageObjects.Home.Clickback2()" because "com.Amc.TestCases.TC_Home_Positive1.lp" is null
	at com.Amc.TestCases.TC_Home_Positive1.Clickback2(TC_Home_Positive1.java:168)
	at java.base/jdk.internal.reflect.DirectMethodHandleAccessor.invoke(DirectMethodHandleAccessor.java:103)
	at java.base/java.lang.reflect.Method.invoke(Method.java:580)
	at org.testng.internal.invokers.MethodInvocationHelper.invokeMethod(MethodInvocationHelper.java:139)
	at org.testng.internal.invokers.TestInvoker.invokeMethod(TestInvoker.java:677)
	at org.testng.internal.invokers.TestInvoker.invokeTestMethod(TestInvoker.java:221)
	at org.testng.internal.invokers.MethodRunner.runInSequence(MethodRunner.java:50)
	at org.testng.internal.invokers.TestInvoker$MethodInvocationAgent.invoke(TestInvoker.java:969)
	at org.testng.internal.invokers.TestInvoker.invokeTestMethods(TestInvoker.java:194)
	at org.testng.internal.invokers.TestMethodWorker.invokeTestMethods(TestMethodWorker.java:148)
	at org.testng.internal.invokers.TestMethodWorker.run(TestMethodWorker.java:128)
	at java.base/java.util.ArrayList.forEach(ArrayList.java:1597)
	at org.testng.TestRunner.privateRun(TestRunner.java:829)
	at org.testng.TestRunner.run(TestRunner.java:602)
	at org.testng.SuiteRunner.runTest(SuiteRunner.java:437)
	at org.testng.SuiteRunner.runSequentially(SuiteRunner.java:431)
	at org.testng.SuiteRunner.privateRun(SuiteRunner.java:391)
	at org.testng.SuiteRunner.run(SuiteRunner.java:330)
	at org.testng.SuiteRunnerWorker.runSuite(SuiteRunnerWorker.java:52)
	at org.testng.SuiteRunnerWorker.run(SuiteRunnerWorker.java:95)
	at org.testng.TestNG.runSuitesSequentially(TestNG.java:1256)
	at org.testng.TestNG.runSuitesLocally(TestNG.java:1176)
	at org.testng.TestNG.runSuites(TestNG.java:1099)
	at org.testng.TestNG.run(TestNG.java:1067)
	at org.testng.remote.AbstractRemoteTestNG.run(AbstractRemoteTestNG.java:115)
	at org.testng.remote.RemoteTestNG.initAndRun(RemoteTestNG.java:293)
	at org.testng.remote.RemoteTestNG.main(RemoteTestNG.java:91)
</textarea>
										</td>
									</tr>
									<tr>
										<td>Nov 6, 2024 11:50:11 AM</td>
										<td class='linked' test-id='9'>ClickPopup3</td>
										<td>
											<textarea disabled class="code-block">java.lang.NullPointerException: Cannot invoke "com.Amc.PageObjects.Home.ClickPopup1()" because "com.Amc.TestCases.TC_Home_Positive1.lp" is null
	at com.Amc.TestCases.TC_Home_Positive1.ClickPopup3(TC_Home_Positive1.java:174)
	at java.base/jdk.internal.reflect.DirectMethodHandleAccessor.invoke(DirectMethodHandleAccessor.java:103)
	at java.base/java.lang.reflect.Method.invoke(Method.java:580)
	at org.testng.internal.invokers.MethodInvocationHelper.invokeMethod(MethodInvocationHelper.java:139)
	at org.testng.internal.invokers.TestInvoker.invokeMethod(TestInvoker.java:677)
	at org.testng.internal.invokers.TestInvoker.invokeTestMethod(TestInvoker.java:221)
	at org.testng.internal.invokers.MethodRunner.runInSequence(MethodRunner.java:50)
	at org.testng.internal.invokers.TestInvoker$MethodInvocationAgent.invoke(TestInvoker.java:969)
	at org.testng.internal.invokers.TestInvoker.invokeTestMethods(TestInvoker.java:194)
	at org.testng.internal.invokers.TestMethodWorker.invokeTestMethods(TestMethodWorker.java:148)
	at org.testng.internal.invokers.TestMethodWorker.run(TestMethodWorker.java:128)
	at java.base/java.util.ArrayList.forEach(ArrayList.java:1597)
	at org.testng.TestRunner.privateRun(TestRunner.java:829)
	at org.testng.TestRunner.run(TestRunner.java:602)
	at org.testng.SuiteRunner.runTest(SuiteRunner.java:437)
	at org.testng.SuiteRunner.runSequentially(SuiteRunner.java:431)
	at org.testng.SuiteRunner.privateRun(SuiteRunner.java:391)
	at org.testng.SuiteRunner.run(SuiteRunner.java:330)
	at org.testng.SuiteRunnerWorker.runSuite(SuiteRunnerWorker.java:52)
	at org.testng.SuiteRunnerWorker.run(SuiteRunnerWorker.java:95)
	at org.testng.TestNG.runSuitesSequentially(TestNG.java:1256)
	at org.testng.TestNG.runSuitesLocally(TestNG.java:1176)
	at org.testng.TestNG.runSuites(TestNG.java:1099)
	at org.testng.TestNG.run(TestNG.java:1067)
	at org.testng.remote.AbstractRemoteTestNG.run(AbstractRemoteTestNG.java:115)
	at org.testng.remote.RemoteTestNG.initAndRun(RemoteTestNG.java:293)
	at org.testng.remote.RemoteTestNG.main(RemoteTestNG.java:91)
</textarea>
										</td>
									</tr>
									<tr>
										<td>Nov 6, 2024 11:50:11 AM</td>
										<td class='linked' test-id='10'>ClickManinagar</td>
										<td>
											<textarea disabled class="code-block">java.lang.NullPointerException: Cannot invoke "com.Amc.PageObjects.Home.ClickManinagar()" because "com.Amc.TestCases.TC_Home_Positive1.lp" is null
	at com.Amc.TestCases.TC_Home_Positive1.ClickManinagar(TC_Home_Positive1.java:179)
	at java.base/jdk.internal.reflect.DirectMethodHandleAccessor.invoke(DirectMethodHandleAccessor.java:103)
	at java.base/java.lang.reflect.Method.invoke(Method.java:580)
	at org.testng.internal.invokers.MethodInvocationHelper.invokeMethod(MethodInvocationHelper.java:139)
	at org.testng.internal.invokers.TestInvoker.invokeMethod(TestInvoker.java:677)
	at org.testng.internal.invokers.TestInvoker.invokeTestMethod(TestInvoker.java:221)
	at org.testng.internal.invokers.MethodRunner.runInSequence(MethodRunner.java:50)
	at org.testng.internal.invokers.TestInvoker$MethodInvocationAgent.invoke(TestInvoker.java:969)
	at org.testng.internal.invokers.TestInvoker.invokeTestMethods(TestInvoker.java:194)
	at org.testng.internal.invokers.TestMethodWorker.invokeTestMethods(TestMethodWorker.java:148)
	at org.testng.internal.invokers.TestMethodWorker.run(TestMethodWorker.java:128)
	at java.base/java.util.ArrayList.forEach(ArrayList.java:1597)
	at org.testng.TestRunner.privateRun(TestRunner.java:829)
	at org.testng.TestRunner.run(TestRunner.java:602)
	at org.testng.SuiteRunner.runTest(SuiteRunner.java:437)
	at org.testng.SuiteRunner.runSequentially(SuiteRunner.java:431)
	at org.testng.SuiteRunner.privateRun(SuiteRunner.java:391)
	at org.testng.SuiteRunner.run(SuiteRunner.java:330)
	at org.testng.SuiteRunnerWorker.runSuite(SuiteRunnerWorker.java:52)
	at org.testng.SuiteRunnerWorker.run(SuiteRunnerWorker.java:95)
	at org.testng.TestNG.runSuitesSequentially(TestNG.java:1256)
	at org.testng.TestNG.runSuitesLocally(TestNG.java:1176)
	at org.testng.TestNG.runSuites(TestNG.java:1099)
	at org.testng.TestNG.run(TestNG.java:1067)
	at org.testng.remote.AbstractRemoteTestNG.run(AbstractRemoteTestNG.java:115)
	at org.testng.remote.RemoteTestNG.initAndRun(RemoteTestNG.java:293)
	at org.testng.remote.RemoteTestNG.main(RemoteTestNG.java:91)
</textarea>
										</td>
									</tr>
									<tr>
										<td>Nov 6, 2024 11:50:12 AM</td>
										<td class='linked' test-id='11'>Clickback3</td>
										<td>
											<textarea disabled class="code-block">java.lang.NullPointerException: Cannot invoke "com.Amc.PageObjects.Home.Clickback2()" because "com.Amc.TestCases.TC_Home_Positive1.lp" is null
	at com.Amc.TestCases.TC_Home_Positive1.Clickback3(TC_Home_Positive1.java:205)
	at java.base/jdk.internal.reflect.DirectMethodHandleAccessor.invoke(DirectMethodHandleAccessor.java:103)
	at java.base/java.lang.reflect.Method.invoke(Method.java:580)
	at org.testng.internal.invokers.MethodInvocationHelper.invokeMethod(MethodInvocationHelper.java:139)
	at org.testng.internal.invokers.TestInvoker.invokeMethod(TestInvoker.java:677)
	at org.testng.internal.invokers.TestInvoker.invokeTestMethod(TestInvoker.java:221)
	at org.testng.internal.invokers.MethodRunner.runInSequence(MethodRunner.java:50)
	at org.testng.internal.invokers.TestInvoker$MethodInvocationAgent.invoke(TestInvoker.java:969)
	at org.testng.internal.invokers.TestInvoker.invokeTestMethods(TestInvoker.java:194)
	at org.testng.internal.invokers.TestMethodWorker.invokeTestMethods(TestMethodWorker.java:148)
	at org.testng.internal.invokers.TestMethodWorker.run(TestMethodWorker.java:128)
	at java.base/java.util.ArrayList.forEach(ArrayList.java:1597)
	at org.testng.TestRunner.privateRun(TestRunner.java:829)
	at org.testng.TestRunner.run(TestRunner.java:602)
	at org.testng.SuiteRunner.runTest(SuiteRunner.java:437)
	at org.testng.SuiteRunner.runSequentially(SuiteRunner.java:431)
	at org.testng.SuiteRunner.privateRun(SuiteRunner.java:391)
	at org.testng.SuiteRunner.run(SuiteRunner.java:330)
	at org.testng.SuiteRunnerWorker.runSuite(SuiteRunnerWorker.java:52)
	at org.testng.SuiteRunnerWorker.run(SuiteRunnerWorker.java:95)
	at org.testng.TestNG.runSuitesSequentially(TestNG.java:1256)
	at org.testng.TestNG.runSuitesLocally(TestNG.java:1176)
	at org.testng.TestNG.runSuites(TestNG.java:1099)
	at org.testng.TestNG.run(TestNG.java:1067)
	at org.testng.remote.AbstractRemoteTestNG.run(AbstractRemoteTestNG.java:115)
	at org.testng.remote.RemoteTestNG.initAndRun(RemoteTestNG.java:293)
	at org.testng.remote.RemoteTestNG.main(RemoteTestNG.java:91)
</textarea>
										</td>
									</tr>
									<tr>
										<td>Nov 6, 2024 11:50:12 AM</td>
										<td class='linked' test-id='12'>ClickPopup4</td>
										<td>
											<textarea disabled class="code-block">java.lang.NullPointerException: Cannot invoke "com.Amc.PageObjects.Home.ClickPopup1()" because "com.Amc.TestCases.TC_Home_Positive1.lp" is null
	at com.Amc.TestCases.TC_Home_Positive1.ClickPopup4(TC_Home_Positive1.java:210)
	at java.base/jdk.internal.reflect.DirectMethodHandleAccessor.invoke(DirectMethodHandleAccessor.java:103)
	at java.base/java.lang.reflect.Method.invoke(Method.java:580)
	at org.testng.internal.invokers.MethodInvocationHelper.invokeMethod(MethodInvocationHelper.java:139)
	at org.testng.internal.invokers.TestInvoker.invokeMethod(TestInvoker.java:677)
	at org.testng.internal.invokers.TestInvoker.invokeTestMethod(TestInvoker.java:221)
	at org.testng.internal.invokers.MethodRunner.runInSequence(MethodRunner.java:50)
	at org.testng.internal.invokers.TestInvoker$MethodInvocationAgent.invoke(TestInvoker.java:969)
	at org.testng.internal.invokers.TestInvoker.invokeTestMethods(TestInvoker.java:194)
	at org.testng.internal.invokers.TestMethodWorker.invokeTestMethods(TestMethodWorker.java:148)
	at org.testng.internal.invokers.TestMethodWorker.run(TestMethodWorker.java:128)
	at java.base/java.util.ArrayList.forEach(ArrayList.java:1597)
	at org.testng.TestRunner.privateRun(TestRunner.java:829)
	at org.testng.TestRunner.run(TestRunner.java:602)
	at org.testng.SuiteRunner.runTest(SuiteRunner.java:437)
	at org.testng.SuiteRunner.runSequentially(SuiteRunner.java:431)
	at org.testng.SuiteRunner.privateRun(SuiteRunner.java:391)
	at org.testng.SuiteRunner.run(SuiteRunner.java:330)
	at org.testng.SuiteRunnerWorker.runSuite(SuiteRunnerWorker.java:52)
	at org.testng.SuiteRunnerWorker.run(SuiteRunnerWorker.java:95)
	at org.testng.TestNG.runSuitesSequentially(TestNG.java:1256)
	at org.testng.TestNG.runSuitesLocally(TestNG.java:1176)
	at org.testng.TestNG.runSuites(TestNG.java:1099)
	at org.testng.TestNG.run(TestNG.java:1067)
	at org.testng.remote.AbstractRemoteTestNG.run(AbstractRemoteTestNG.java:115)
	at org.testng.remote.RemoteTestNG.initAndRun(RemoteTestNG.java:293)
	at org.testng.remote.RemoteTestNG.main(RemoteTestNG.java:91)
</textarea>
										</td>
									</tr>
									<tr>
										<td>Nov 6, 2024 11:50:13 AM</td>
										<td class='linked' test-id='13'>ClickNikol</td>
										<td>
											<textarea disabled class="code-block">java.lang.NullPointerException: Cannot invoke "com.Amc.PageObjects.Home.ClickNikol()" because "com.Amc.TestCases.TC_Home_Positive1.lp" is null
	at com.Amc.TestCases.TC_Home_Positive1.ClickNikol(TC_Home_Positive1.java:215)
	at java.base/jdk.internal.reflect.DirectMethodHandleAccessor.invoke(DirectMethodHandleAccessor.java:103)
	at java.base/java.lang.reflect.Method.invoke(Method.java:580)
	at org.testng.internal.invokers.MethodInvocationHelper.invokeMethod(MethodInvocationHelper.java:139)
	at org.testng.internal.invokers.TestInvoker.invokeMethod(TestInvoker.java:677)
	at org.testng.internal.invokers.TestInvoker.invokeTestMethod(TestInvoker.java:221)
	at org.testng.internal.invokers.MethodRunner.runInSequence(MethodRunner.java:50)
	at org.testng.internal.invokers.TestInvoker$MethodInvocationAgent.invoke(TestInvoker.java:969)
	at org.testng.internal.invokers.TestInvoker.invokeTestMethods(TestInvoker.java:194)
	at org.testng.internal.invokers.TestMethodWorker.invokeTestMethods(TestMethodWorker.java:148)
	at org.testng.internal.invokers.TestMethodWorker.run(TestMethodWorker.java:128)
	at java.base/java.util.ArrayList.forEach(ArrayList.java:1597)
	at org.testng.TestRunner.privateRun(TestRunner.java:829)
	at org.testng.TestRunner.run(TestRunner.java:602)
	at org.testng.SuiteRunner.runTest(SuiteRunner.java:437)
	at org.testng.SuiteRunner.runSequentially(SuiteRunner.java:431)
	at org.testng.SuiteRunner.privateRun(SuiteRunner.java:391)
	at org.testng.SuiteRunner.run(SuiteRunner.java:330)
	at org.testng.SuiteRunnerWorker.runSuite(SuiteRunnerWorker.java:52)
	at org.testng.SuiteRunnerWorker.run(SuiteRunnerWorker.java:95)
	at org.testng.TestNG.runSuitesSequentially(TestNG.java:1256)
	at org.testng.TestNG.runSuitesLocally(TestNG.java:1176)
	at org.testng.TestNG.runSuites(TestNG.java:1099)
	at org.testng.TestNG.run(TestNG.java:1067)
	at org.testng.remote.AbstractRemoteTestNG.run(AbstractRemoteTestNG.java:115)
	at org.testng.remote.RemoteTestNG.initAndRun(RemoteTestNG.java:293)
	at org.testng.remote.RemoteTestNG.main(RemoteTestNG.java:91)
</textarea>
										</td>
									</tr>
									<tr>
										<td>Nov 6, 2024 11:50:14 AM</td>
										<td class='linked' test-id='14'>Clickback4</td>
										<td>
											<textarea disabled class="code-block">java.lang.NullPointerException: Cannot invoke "com.Amc.PageObjects.Home.Clickback2()" because "com.Amc.TestCases.TC_Home_Positive1.lp" is null
	at com.Amc.TestCases.TC_Home_Positive1.Clickback4(TC_Home_Positive1.java:241)
	at java.base/jdk.internal.reflect.DirectMethodHandleAccessor.invoke(DirectMethodHandleAccessor.java:103)
	at java.base/java.lang.reflect.Method.invoke(Method.java:580)
	at org.testng.internal.invokers.MethodInvocationHelper.invokeMethod(MethodInvocationHelper.java:139)
	at org.testng.internal.invokers.TestInvoker.invokeMethod(TestInvoker.java:677)
	at org.testng.internal.invokers.TestInvoker.invokeTestMethod(TestInvoker.java:221)
	at org.testng.internal.invokers.MethodRunner.runInSequence(MethodRunner.java:50)
	at org.testng.internal.invokers.TestInvoker$MethodInvocationAgent.invoke(TestInvoker.java:969)
	at org.testng.internal.invokers.TestInvoker.invokeTestMethods(TestInvoker.java:194)
	at org.testng.internal.invokers.TestMethodWorker.invokeTestMethods(TestMethodWorker.java:148)
	at org.testng.internal.invokers.TestMethodWorker.run(TestMethodWorker.java:128)
	at java.base/java.util.ArrayList.forEach(ArrayList.java:1597)
	at org.testng.TestRunner.privateRun(TestRunner.java:829)
	at org.testng.TestRunner.run(TestRunner.java:602)
	at org.testng.SuiteRunner.runTest(SuiteRunner.java:437)
	at org.testng.SuiteRunner.runSequentially(SuiteRunner.java:431)
	at org.testng.SuiteRunner.privateRun(SuiteRunner.java:391)
	at org.testng.SuiteRunner.run(SuiteRunner.java:330)
	at org.testng.SuiteRunnerWorker.runSuite(SuiteRunnerWorker.java:52)
	at org.testng.SuiteRunnerWorker.run(SuiteRunnerWorker.java:95)
	at org.testng.TestNG.runSuitesSequentially(TestNG.java:1256)
	at org.testng.TestNG.runSuitesLocally(TestNG.java:1176)
	at org.testng.TestNG.runSuites(TestNG.java:1099)
	at org.testng.TestNG.run(TestNG.java:1067)
	at org.testng.remote.AbstractRemoteTestNG.run(AbstractRemoteTestNG.java:115)
	at org.testng.remote.RemoteTestNG.initAndRun(RemoteTestNG.java:293)
	at org.testng.remote.RemoteTestNG.main(RemoteTestNG.java:91)
</textarea>
										</td>
									</tr>
									<tr>
										<td>Nov 6, 2024 11:50:14 AM</td>
										<td class='linked' test-id='15'>ClickPopup5</td>
										<td>
											<textarea disabled class="code-block">java.lang.NullPointerException: Cannot invoke "com.Amc.PageObjects.Home.ClickPopup1()" because "com.Amc.TestCases.TC_Home_Positive1.lp" is null
	at com.Amc.TestCases.TC_Home_Positive1.ClickPopup5(TC_Home_Positive1.java:246)
	at java.base/jdk.internal.reflect.DirectMethodHandleAccessor.invoke(DirectMethodHandleAccessor.java:103)
	at java.base/java.lang.reflect.Method.invoke(Method.java:580)
	at org.testng.internal.invokers.MethodInvocationHelper.invokeMethod(MethodInvocationHelper.java:139)
	at org.testng.internal.invokers.TestInvoker.invokeMethod(TestInvoker.java:677)
	at org.testng.internal.invokers.TestInvoker.invokeTestMethod(TestInvoker.java:221)
	at org.testng.internal.invokers.MethodRunner.runInSequence(MethodRunner.java:50)
	at org.testng.internal.invokers.TestInvoker$MethodInvocationAgent.invoke(TestInvoker.java:969)
	at org.testng.internal.invokers.TestInvoker.invokeTestMethods(TestInvoker.java:194)
	at org.testng.internal.invokers.TestMethodWorker.invokeTestMethods(TestMethodWorker.java:148)
	at org.testng.internal.invokers.TestMethodWorker.run(TestMethodWorker.java:128)
	at java.base/java.util.ArrayList.forEach(ArrayList.java:1597)
	at org.testng.TestRunner.privateRun(TestRunner.java:829)
	at org.testng.TestRunner.run(TestRunner.java:602)
	at org.testng.SuiteRunner.runTest(SuiteRunner.java:437)
	at org.testng.SuiteRunner.runSequentially(SuiteRunner.java:431)
	at org.testng.SuiteRunner.privateRun(SuiteRunner.java:391)
	at org.testng.SuiteRunner.run(SuiteRunner.java:330)
	at org.testng.SuiteRunnerWorker.runSuite(SuiteRunnerWorker.java:52)
	at org.testng.SuiteRunnerWorker.run(SuiteRunnerWorker.java:95)
	at org.testng.TestNG.runSuitesSequentially(TestNG.java:1256)
	at org.testng.TestNG.runSuitesLocally(TestNG.java:1176)
	at org.testng.TestNG.runSuites(TestNG.java:1099)
	at org.testng.TestNG.run(TestNG.java:1067)
	at org.testng.remote.AbstractRemoteTestNG.run(AbstractRemoteTestNG.java:115)
	at org.testng.remote.RemoteTestNG.initAndRun(RemoteTestNG.java:293)
	at org.testng.remote.RemoteTestNG.main(RemoteTestNG.java:91)
</textarea>
										</td>
									</tr>
									<tr>
										<td>Nov 6, 2024 11:50:15 AM</td>
										<td class='linked' test-id='16'>ClickSindhuBhavan</td>
										<td>
											<textarea disabled class="code-block">java.lang.NullPointerException: Cannot invoke "com.Amc.PageObjects.Home.ClickSindhuBhavan()" because "com.Amc.TestCases.TC_Home_Positive1.lp" is null
	at com.Amc.TestCases.TC_Home_Positive1.ClickSindhuBhavan(TC_Home_Positive1.java:251)
	at java.base/jdk.internal.reflect.DirectMethodHandleAccessor.invoke(DirectMethodHandleAccessor.java:103)
	at java.base/java.lang.reflect.Method.invoke(Method.java:580)
	at org.testng.internal.invokers.MethodInvocationHelper.invokeMethod(MethodInvocationHelper.java:139)
	at org.testng.internal.invokers.TestInvoker.invokeMethod(TestInvoker.java:677)
	at org.testng.internal.invokers.TestInvoker.invokeTestMethod(TestInvoker.java:221)
	at org.testng.internal.invokers.MethodRunner.runInSequence(MethodRunner.java:50)
	at org.testng.internal.invokers.TestInvoker$MethodInvocationAgent.invoke(TestInvoker.java:969)
	at org.testng.internal.invokers.TestInvoker.invokeTestMethods(TestInvoker.java:194)
	at org.testng.internal.invokers.TestMethodWorker.invokeTestMethods(TestMethodWorker.java:148)
	at org.testng.internal.invokers.TestMethodWorker.run(TestMethodWorker.java:128)
	at java.base/java.util.ArrayList.forEach(ArrayList.java:1597)
	at org.testng.TestRunner.privateRun(TestRunner.java:829)
	at org.testng.TestRunner.run(TestRunner.java:602)
	at org.testng.SuiteRunner.runTest(SuiteRunner.java:437)
	at org.testng.SuiteRunner.runSequentially(SuiteRunner.java:431)
	at org.testng.SuiteRunner.privateRun(SuiteRunner.java:391)
	at org.testng.SuiteRunner.run(SuiteRunner.java:330)
	at org.testng.SuiteRunnerWorker.runSuite(SuiteRunnerWorker.java:52)
	at org.testng.SuiteRunnerWorker.run(SuiteRunnerWorker.java:95)
	at org.testng.TestNG.runSuitesSequentially(TestNG.java:1256)
	at org.testng.TestNG.runSuitesLocally(TestNG.java:1176)
	at org.testng.TestNG.runSuites(TestNG.java:1099)
	at org.testng.TestNG.run(TestNG.java:1067)
	at org.testng.remote.AbstractRemoteTestNG.run(AbstractRemoteTestNG.java:115)
	at org.testng.remote.RemoteTestNG.initAndRun(RemoteTestNG.java:293)
	at org.testng.remote.RemoteTestNG.main(RemoteTestNG.java:91)
</textarea>
										</td>
									</tr>
									<tr>
										<td>Nov 6, 2024 11:50:15 AM</td>
										<td class='linked' test-id='17'>Clickback5</td>
										<td>
											<textarea disabled class="code-block">java.lang.NullPointerException: Cannot invoke "com.Amc.PageObjects.Home.Clickback2()" because "com.Amc.TestCases.TC_Home_Positive1.lp" is null
	at com.Amc.TestCases.TC_Home_Positive1.Clickback5(TC_Home_Positive1.java:277)
	at java.base/jdk.internal.reflect.DirectMethodHandleAccessor.invoke(DirectMethodHandleAccessor.java:103)
	at java.base/java.lang.reflect.Method.invoke(Method.java:580)
	at org.testng.internal.invokers.MethodInvocationHelper.invokeMethod(MethodInvocationHelper.java:139)
	at org.testng.internal.invokers.TestInvoker.invokeMethod(TestInvoker.java:677)
	at org.testng.internal.invokers.TestInvoker.invokeTestMethod(TestInvoker.java:221)
	at org.testng.internal.invokers.MethodRunner.runInSequence(MethodRunner.java:50)
	at org.testng.internal.invokers.TestInvoker$MethodInvocationAgent.invoke(TestInvoker.java:969)
	at org.testng.internal.invokers.TestInvoker.invokeTestMethods(TestInvoker.java:194)
	at org.testng.internal.invokers.TestMethodWorker.invokeTestMethods(TestMethodWorker.java:148)
	at org.testng.internal.invokers.TestMethodWorker.run(TestMethodWorker.java:128)
	at java.base/java.util.ArrayList.forEach(ArrayList.java:1597)
	at org.testng.TestRunner.privateRun(TestRunner.java:829)
	at org.testng.TestRunner.run(TestRunner.java:602)
	at org.testng.SuiteRunner.runTest(SuiteRunner.java:437)
	at org.testng.SuiteRunner.runSequentially(SuiteRunner.java:431)
	at org.testng.SuiteRunner.privateRun(SuiteRunner.java:391)
	at org.testng.SuiteRunner.run(SuiteRunner.java:330)
	at org.testng.SuiteRunnerWorker.runSuite(SuiteRunnerWorker.java:52)
	at org.testng.SuiteRunnerWorker.run(SuiteRunnerWorker.java:95)
	at org.testng.TestNG.runSuitesSequentially(TestNG.java:1256)
	at org.testng.TestNG.runSuitesLocally(TestNG.java:1176)
	at org.testng.TestNG.runSuites(TestNG.java:1099)
	at org.testng.TestNG.run(TestNG.java:1067)
	at org.testng.remote.AbstractRemoteTestNG.run(AbstractRemoteTestNG.java:115)
	at org.testng.remote.RemoteTestNG.initAndRun(RemoteTestNG.java:293)
	at org.testng.remote.RemoteTestNG.main(RemoteTestNG.java:91)
</textarea>
										</td>
									</tr>
									<tr>
										<td>Nov 6, 2024 11:50:16 AM</td>
										<td class='linked' test-id='18'>ClickPopup6</td>
										<td>
											<textarea disabled class="code-block">java.lang.NullPointerException: Cannot invoke "com.Amc.PageObjects.Home.ClickPopup1()" because "com.Amc.TestCases.TC_Home_Positive1.lp" is null
	at com.Amc.TestCases.TC_Home_Positive1.ClickPopup6(TC_Home_Positive1.java:282)
	at java.base/jdk.internal.reflect.DirectMethodHandleAccessor.invoke(DirectMethodHandleAccessor.java:103)
	at java.base/java.lang.reflect.Method.invoke(Method.java:580)
	at org.testng.internal.invokers.MethodInvocationHelper.invokeMethod(MethodInvocationHelper.java:139)
	at org.testng.internal.invokers.TestInvoker.invokeMethod(TestInvoker.java:677)
	at org.testng.internal.invokers.TestInvoker.invokeTestMethod(TestInvoker.java:221)
	at org.testng.internal.invokers.MethodRunner.runInSequence(MethodRunner.java:50)
	at org.testng.internal.invokers.TestInvoker$MethodInvocationAgent.invoke(TestInvoker.java:969)
	at org.testng.internal.invokers.TestInvoker.invokeTestMethods(TestInvoker.java:194)
	at org.testng.internal.invokers.TestMethodWorker.invokeTestMethods(TestMethodWorker.java:148)
	at org.testng.internal.invokers.TestMethodWorker.run(TestMethodWorker.java:128)
	at java.base/java.util.ArrayList.forEach(ArrayList.java:1597)
	at org.testng.TestRunner.privateRun(TestRunner.java:829)
	at org.testng.TestRunner.run(TestRunner.java:602)
	at org.testng.SuiteRunner.runTest(SuiteRunner.java:437)
	at org.testng.SuiteRunner.runSequentially(SuiteRunner.java:431)
	at org.testng.SuiteRunner.privateRun(SuiteRunner.java:391)
	at org.testng.SuiteRunner.run(SuiteRunner.java:330)
	at org.testng.SuiteRunnerWorker.runSuite(SuiteRunnerWorker.java:52)
	at org.testng.SuiteRunnerWorker.run(SuiteRunnerWorker.java:95)
	at org.testng.TestNG.runSuitesSequentially(TestNG.java:1256)
	at org.testng.TestNG.runSuitesLocally(TestNG.java:1176)
	at org.testng.TestNG.runSuites(TestNG.java:1099)
	at org.testng.TestNG.run(TestNG.java:1067)
	at org.testng.remote.AbstractRemoteTestNG.run(AbstractRemoteTestNG.java:115)
	at org.testng.remote.RemoteTestNG.initAndRun(RemoteTestNG.java:293)
	at org.testng.remote.RemoteTestNG.main(RemoteTestNG.java:91)
</textarea>
										</td>
									</tr>
									<tr>
										<td>Nov 6, 2024 11:50:16 AM</td>
										<td class='linked' test-id='19'>Clickvideo</td>
										<td>
											<textarea disabled class="code-block">java.lang.NullPointerException: Cannot invoke "com.Amc.PageObjects.Home.Clickvideo()" because "com.Amc.TestCases.TC_Home_Positive1.lp" is null
	at com.Amc.TestCases.TC_Home_Positive1.Clickvideo(TC_Home_Positive1.java:292)
	at java.base/jdk.internal.reflect.DirectMethodHandleAccessor.invoke(DirectMethodHandleAccessor.java:103)
	at java.base/java.lang.reflect.Method.invoke(Method.java:580)
	at org.testng.internal.invokers.MethodInvocationHelper.invokeMethod(MethodInvocationHelper.java:139)
	at org.testng.internal.invokers.TestInvoker.invokeMethod(TestInvoker.java:677)
	at org.testng.internal.invokers.TestInvoker.invokeTestMethod(TestInvoker.java:221)
	at org.testng.internal.invokers.MethodRunner.runInSequence(MethodRunner.java:50)
	at org.testng.internal.invokers.TestInvoker$MethodInvocationAgent.invoke(TestInvoker.java:969)
	at org.testng.internal.invokers.TestInvoker.invokeTestMethods(TestInvoker.java:194)
	at org.testng.internal.invokers.TestMethodWorker.invokeTestMethods(TestMethodWorker.java:148)
	at org.testng.internal.invokers.TestMethodWorker.run(TestMethodWorker.java:128)
	at java.base/java.util.ArrayList.forEach(ArrayList.java:1597)
	at org.testng.TestRunner.privateRun(TestRunner.java:829)
	at org.testng.TestRunner.run(TestRunner.java:602)
	at org.testng.SuiteRunner.runTest(SuiteRunner.java:437)
	at org.testng.SuiteRunner.runSequentially(SuiteRunner.java:431)
	at org.testng.SuiteRunner.privateRun(SuiteRunner.java:391)
	at org.testng.SuiteRunner.run(SuiteRunner.java:330)
	at org.testng.SuiteRunnerWorker.runSuite(SuiteRunnerWorker.java:52)
	at org.testng.SuiteRunnerWorker.run(SuiteRunnerWorker.java:95)
	at org.testng.TestNG.runSuitesSequentially(TestNG.java:1256)
	at org.testng.TestNG.runSuitesLocally(TestNG.java:1176)
	at org.testng.TestNG.runSuites(TestNG.java:1099)
	at org.testng.TestNG.run(TestNG.java:1067)
	at org.testng.remote.AbstractRemoteTestNG.run(AbstractRemoteTestNG.java:115)
	at org.testng.remote.RemoteTestNG.initAndRun(RemoteTestNG.java:293)
	at org.testng.remote.RemoteTestNG.main(RemoteTestNG.java:91)
</textarea>
										</td>
									</tr>
									<tr>
										<td>Nov 6, 2024 11:50:19 AM</td>
										<td class='linked' test-id='20'>ClickVideoplay</td>
										<td>
											<textarea disabled class="code-block">java.lang.NullPointerException: Cannot invoke "com.Amc.PageObjects.Home.ClickVideoplay()" because "com.Amc.TestCases.TC_Home_Positive1.lp" is null
	at com.Amc.TestCases.TC_Home_Positive1.ClickVideoplay(TC_Home_Positive1.java:298)
	at java.base/jdk.internal.reflect.DirectMethodHandleAccessor.invoke(DirectMethodHandleAccessor.java:103)
	at java.base/java.lang.reflect.Method.invoke(Method.java:580)
	at org.testng.internal.invokers.MethodInvocationHelper.invokeMethod(MethodInvocationHelper.java:139)
	at org.testng.internal.invokers.TestInvoker.invokeMethod(TestInvoker.java:677)
	at org.testng.internal.invokers.TestInvoker.invokeTestMethod(TestInvoker.java:221)
	at org.testng.internal.invokers.MethodRunner.runInSequence(MethodRunner.java:50)
	at org.testng.internal.invokers.TestInvoker$MethodInvocationAgent.invoke(TestInvoker.java:969)
	at org.testng.internal.invokers.TestInvoker.invokeTestMethods(TestInvoker.java:194)
	at org.testng.internal.invokers.TestMethodWorker.invokeTestMethods(TestMethodWorker.java:148)
	at org.testng.internal.invokers.TestMethodWorker.run(TestMethodWorker.java:128)
	at java.base/java.util.ArrayList.forEach(ArrayList.java:1597)
	at org.testng.TestRunner.privateRun(TestRunner.java:829)
	at org.testng.TestRunner.run(TestRunner.java:602)
	at org.testng.SuiteRunner.runTest(SuiteRunner.java:437)
	at org.testng.SuiteRunner.runSequentially(SuiteRunner.java:431)
	at org.testng.SuiteRunner.privateRun(SuiteRunner.java:391)
	at org.testng.SuiteRunner.run(SuiteRunner.java:330)
	at org.testng.SuiteRunnerWorker.runSuite(SuiteRunnerWorker.java:52)
	at org.testng.SuiteRunnerWorker.run(SuiteRunnerWorker.java:95)
	at org.testng.TestNG.runSuitesSequentially(TestNG.java:1256)
	at org.testng.TestNG.runSuitesLocally(TestNG.java:1176)
	at org.testng.TestNG.runSuites(TestNG.java:1099)
	at org.testng.TestNG.run(TestNG.java:1067)
	at org.testng.remote.AbstractRemoteTestNG.run(AbstractRemoteTestNG.java:115)
	at org.testng.remote.RemoteTestNG.initAndRun(RemoteTestNG.java:293)
	at org.testng.remote.RemoteTestNG.main(RemoteTestNG.java:91)
</textarea>
										</td>
									</tr>
									<tr>
										<td>Nov 6, 2024 11:50:29 AM</td>
										<td class='linked' test-id='21'>ClickVideoclose</td>
										<td>
											<textarea disabled class="code-block">java.lang.NullPointerException: Cannot invoke "com.Amc.PageObjects.Home.ClickVideoclose()" because "com.Amc.TestCases.TC_Home_Positive1.lp" is null
	at com.Amc.TestCases.TC_Home_Positive1.ClickVideoclose(TC_Home_Positive1.java:303)
	at java.base/jdk.internal.reflect.DirectMethodHandleAccessor.invoke(DirectMethodHandleAccessor.java:103)
	at java.base/java.lang.reflect.Method.invoke(Method.java:580)
	at org.testng.internal.invokers.MethodInvocationHelper.invokeMethod(MethodInvocationHelper.java:139)
	at org.testng.internal.invokers.TestInvoker.invokeMethod(TestInvoker.java:677)
	at org.testng.internal.invokers.TestInvoker.invokeTestMethod(TestInvoker.java:221)
	at org.testng.internal.invokers.MethodRunner.runInSequence(MethodRunner.java:50)
	at org.testng.internal.invokers.TestInvoker$MethodInvocationAgent.invoke(TestInvoker.java:969)
	at org.testng.internal.invokers.TestInvoker.invokeTestMethods(TestInvoker.java:194)
	at org.testng.internal.invokers.TestMethodWorker.invokeTestMethods(TestMethodWorker.java:148)
	at org.testng.internal.invokers.TestMethodWorker.run(TestMethodWorker.java:128)
	at java.base/java.util.ArrayList.forEach(ArrayList.java:1597)
	at org.testng.TestRunner.privateRun(TestRunner.java:829)
	at org.testng.TestRunner.run(TestRunner.java:602)
	at org.testng.SuiteRunner.runTest(SuiteRunner.java:437)
	at org.testng.SuiteRunner.runSequentially(SuiteRunner.java:431)
	at org.testng.SuiteRunner.privateRun(SuiteRunner.java:391)
	at org.testng.SuiteRunner.run(SuiteRunner.java:330)
	at org.testng.SuiteRunnerWorker.runSuite(SuiteRunnerWorker.java:52)
	at org.testng.SuiteRunnerWorker.run(SuiteRunnerWorker.java:95)
	at org.testng.TestNG.runSuitesSequentially(TestNG.java:1256)
	at org.testng.TestNG.runSuitesLocally(TestNG.java:1176)
	at org.testng.TestNG.runSuites(TestNG.java:1099)
	at org.testng.TestNG.run(TestNG.java:1067)
	at org.testng.remote.AbstractRemoteTestNG.run(AbstractRemoteTestNG.java:115)
	at org.testng.remote.RemoteTestNG.initAndRun(RemoteTestNG.java:293)
	at org.testng.remote.RemoteTestNG.main(RemoteTestNG.java:91)
</textarea>
										</td>
									</tr>
									<tr>
										<td>Nov 6, 2024 11:50:32 AM</td>
										<td class='linked' test-id='22'>Clickpartner1</td>
										<td>
											<textarea disabled class="code-block">java.lang.NullPointerException: Cannot invoke "com.Amc.PageObjects.Home.Clickpartner1()" because "com.Amc.TestCases.TC_Home_Positive1.lp" is null
	at com.Amc.TestCases.TC_Home_Positive1.Clickpartner1(TC_Home_Positive1.java:315)
	at java.base/jdk.internal.reflect.DirectMethodHandleAccessor.invoke(DirectMethodHandleAccessor.java:103)
	at java.base/java.lang.reflect.Method.invoke(Method.java:580)
	at org.testng.internal.invokers.MethodInvocationHelper.invokeMethod(MethodInvocationHelper.java:139)
	at org.testng.internal.invokers.TestInvoker.invokeMethod(TestInvoker.java:677)
	at org.testng.internal.invokers.TestInvoker.invokeTestMethod(TestInvoker.java:221)
	at org.testng.internal.invokers.MethodRunner.runInSequence(MethodRunner.java:50)
	at org.testng.internal.invokers.TestInvoker$MethodInvocationAgent.invoke(TestInvoker.java:969)
	at org.testng.internal.invokers.TestInvoker.invokeTestMethods(TestInvoker.java:194)
	at org.testng.internal.invokers.TestMethodWorker.invokeTestMethods(TestMethodWorker.java:148)
	at org.testng.internal.invokers.TestMethodWorker.run(TestMethodWorker.java:128)
	at java.base/java.util.ArrayList.forEach(ArrayList.java:1597)
	at org.testng.TestRunner.privateRun(TestRunner.java:829)
	at org.testng.TestRunner.run(TestRunner.java:602)
	at org.testng.SuiteRunner.runTest(SuiteRunner.java:437)
	at org.testng.SuiteRunner.runSequentially(SuiteRunner.java:431)
	at org.testng.SuiteRunner.privateRun(SuiteRunner.java:391)
	at org.testng.SuiteRunner.run(SuiteRunner.java:330)
	at org.testng.SuiteRunnerWorker.runSuite(SuiteRunnerWorker.java:52)
	at org.testng.SuiteRunnerWorker.run(SuiteRunnerWorker.java:95)
	at org.testng.TestNG.runSuitesSequentially(TestNG.java:1256)
	at org.testng.TestNG.runSuitesLocally(TestNG.java:1176)
	at org.testng.TestNG.runSuites(TestNG.java:1099)
	at org.testng.TestNG.run(TestNG.java:1067)
	at org.testng.remote.AbstractRemoteTestNG.run(AbstractRemoteTestNG.java:115)
	at org.testng.remote.RemoteTestNG.initAndRun(RemoteTestNG.java:293)
	at org.testng.remote.RemoteTestNG.main(RemoteTestNG.java:91)
</textarea>
										</td>
									</tr>
									<tr>
										<td>Nov 6, 2024 11:50:32 AM</td>
										<td class='linked' test-id='23'>Clickback6</td>
										<td>
											<textarea disabled class="code-block">java.lang.NullPointerException: Cannot invoke "com.Amc.PageObjects.Home.Clickback()" because "com.Amc.TestCases.TC_Home_Positive1.lp" is null
	at com.Amc.TestCases.TC_Home_Positive1.Clickback6(TC_Home_Positive1.java:319)
	at java.base/jdk.internal.reflect.DirectMethodHandleAccessor.invoke(DirectMethodHandleAccessor.java:103)
	at java.base/java.lang.reflect.Method.invoke(Method.java:580)
	at org.testng.internal.invokers.MethodInvocationHelper.invokeMethod(MethodInvocationHelper.java:139)
	at org.testng.internal.invokers.TestInvoker.invokeMethod(TestInvoker.java:677)
	at org.testng.internal.invokers.TestInvoker.invokeTestMethod(TestInvoker.java:221)
	at org.testng.internal.invokers.MethodRunner.runInSequence(MethodRunner.java:50)
	at org.testng.internal.invokers.TestInvoker$MethodInvocationAgent.invoke(TestInvoker.java:969)
	at org.testng.internal.invokers.TestInvoker.invokeTestMethods(TestInvoker.java:194)
	at org.testng.internal.invokers.TestMethodWorker.invokeTestMethods(TestMethodWorker.java:148)
	at org.testng.internal.invokers.TestMethodWorker.run(TestMethodWorker.java:128)
	at java.base/java.util.ArrayList.forEach(ArrayList.java:1597)
	at org.testng.TestRunner.privateRun(TestRunner.java:829)
	at org.testng.TestRunner.run(TestRunner.java:602)
	at org.testng.SuiteRunner.runTest(SuiteRunner.java:437)
	at org.testng.SuiteRunner.runSequentially(SuiteRunner.java:431)
	at org.testng.SuiteRunner.privateRun(SuiteRunner.java:391)
	at org.testng.SuiteRunner.run(SuiteRunner.java:330)
	at org.testng.SuiteRunnerWorker.runSuite(SuiteRunnerWorker.java:52)
	at org.testng.SuiteRunnerWorker.run(SuiteRunnerWorker.java:95)
	at org.testng.TestNG.runSuitesSequentially(TestNG.java:1256)
	at org.testng.TestNG.runSuitesLocally(TestNG.java:1176)
	at org.testng.TestNG.runSuites(TestNG.java:1099)
	at org.testng.TestNG.run(TestNG.java:1067)
	at org.testng.remote.AbstractRemoteTestNG.run(AbstractRemoteTestNG.java:115)
	at org.testng.remote.RemoteTestNG.initAndRun(RemoteTestNG.java:293)
	at org.testng.remote.RemoteTestNG.main(RemoteTestNG.java:91)
</textarea>
										</td>
									</tr>
									<tr>
										<td>Nov 6, 2024 11:50:33 AM</td>
										<td class='linked' test-id='24'>ClickPopup7</td>
										<td>
											<textarea disabled class="code-block">java.lang.NullPointerException: Cannot invoke "com.Amc.PageObjects.Home.ClickPopup1()" because "com.Amc.TestCases.TC_Home_Positive1.lp" is null
	at com.Amc.TestCases.TC_Home_Positive1.ClickPopup7(TC_Home_Positive1.java:324)
	at java.base/jdk.internal.reflect.DirectMethodHandleAccessor.invoke(DirectMethodHandleAccessor.java:103)
	at java.base/java.lang.reflect.Method.invoke(Method.java:580)
	at org.testng.internal.invokers.MethodInvocationHelper.invokeMethod(MethodInvocationHelper.java:139)
	at org.testng.internal.invokers.TestInvoker.invokeMethod(TestInvoker.java:677)
	at org.testng.internal.invokers.TestInvoker.invokeTestMethod(TestInvoker.java:221)
	at org.testng.internal.invokers.MethodRunner.runInSequence(MethodRunner.java:50)
	at org.testng.internal.invokers.TestInvoker$MethodInvocationAgent.invoke(TestInvoker.java:969)
	at org.testng.internal.invokers.TestInvoker.invokeTestMethods(TestInvoker.java:194)
	at org.testng.internal.invokers.TestMethodWorker.invokeTestMethods(TestMethodWorker.java:148)
	at org.testng.internal.invokers.TestMethodWorker.run(TestMethodWorker.java:128)
	at java.base/java.util.ArrayList.forEach(ArrayList.java:1597)
	at org.testng.TestRunner.privateRun(TestRunner.java:829)
	at org.testng.TestRunner.run(TestRunner.java:602)
	at org.testng.SuiteRunner.runTest(SuiteRunner.java:437)
	at org.testng.SuiteRunner.runSequentially(SuiteRunner.java:431)
	at org.testng.SuiteRunner.privateRun(SuiteRunner.java:391)
	at org.testng.SuiteRunner.run(SuiteRunner.java:330)
	at org.testng.SuiteRunnerWorker.runSuite(SuiteRunnerWorker.java:52)
	at org.testng.SuiteRunnerWorker.run(SuiteRunnerWorker.java:95)
	at org.testng.TestNG.runSuitesSequentially(TestNG.java:1256)
	at org.testng.TestNG.runSuitesLocally(TestNG.java:1176)
	at org.testng.TestNG.runSuites(TestNG.java:1099)
	at org.testng.TestNG.run(TestNG.java:1067)
	at org.testng.remote.AbstractRemoteTestNG.run(AbstractRemoteTestNG.java:115)
	at org.testng.remote.RemoteTestNG.initAndRun(RemoteTestNG.java:293)
	at org.testng.remote.RemoteTestNG.main(RemoteTestNG.java:91)
</textarea>
										</td>
									</tr>
									<tr>
										<td>Nov 6, 2024 11:50:35 AM</td>
										<td class='linked' test-id='25'>Clickbookpass1</td>
										<td>
											<textarea disabled class="code-block">java.lang.NullPointerException: Cannot invoke "com.Amc.PageObjects.Home.Clickbookpass1()" because "com.Amc.TestCases.TC_Home_Positive1.lp" is null
	at com.Amc.TestCases.TC_Home_Positive1.Clickbookpass1(TC_Home_Positive1.java:330)
	at java.base/jdk.internal.reflect.DirectMethodHandleAccessor.invoke(DirectMethodHandleAccessor.java:103)
	at java.base/java.lang.reflect.Method.invoke(Method.java:580)
	at org.testng.internal.invokers.MethodInvocationHelper.invokeMethod(MethodInvocationHelper.java:139)
	at org.testng.internal.invokers.TestInvoker.invokeMethod(TestInvoker.java:677)
	at org.testng.internal.invokers.TestInvoker.invokeTestMethod(TestInvoker.java:221)
	at org.testng.internal.invokers.MethodRunner.runInSequence(MethodRunner.java:50)
	at org.testng.internal.invokers.TestInvoker$MethodInvocationAgent.invoke(TestInvoker.java:969)
	at org.testng.internal.invokers.TestInvoker.invokeTestMethods(TestInvoker.java:194)
	at org.testng.internal.invokers.TestMethodWorker.invokeTestMethods(TestMethodWorker.java:148)
	at org.testng.internal.invokers.TestMethodWorker.run(TestMethodWorker.java:128)
	at java.base/java.util.ArrayList.forEach(ArrayList.java:1597)
	at org.testng.TestRunner.privateRun(TestRunner.java:829)
	at org.testng.TestRunner.run(TestRunner.java:602)
	at org.testng.SuiteRunner.runTest(SuiteRunner.java:437)
	at org.testng.SuiteRunner.runSequentially(SuiteRunner.java:431)
	at org.testng.SuiteRunner.privateRun(SuiteRunner.java:391)
	at org.testng.SuiteRunner.run(SuiteRunner.java:330)
	at org.testng.SuiteRunnerWorker.runSuite(SuiteRunnerWorker.java:52)
	at org.testng.SuiteRunnerWorker.run(SuiteRunnerWorker.java:95)
	at org.testng.TestNG.runSuitesSequentially(TestNG.java:1256)
	at org.testng.TestNG.runSuitesLocally(TestNG.java:1176)
	at org.testng.TestNG.runSuites(TestNG.java:1099)
	at org.testng.TestNG.run(TestNG.java:1067)
	at org.testng.remote.AbstractRemoteTestNG.run(AbstractRemoteTestNG.java:115)
	at org.testng.remote.RemoteTestNG.initAndRun(RemoteTestNG.java:293)
	at org.testng.remote.RemoteTestNG.main(RemoteTestNG.java:91)
</textarea>
										</td>
									</tr>
									<tr>
										<td>Nov 6, 2024 11:50:36 AM</td>
										<td class='linked' test-id='26'>Clickback7</td>
										<td>
											<textarea disabled class="code-block">java.lang.NullPointerException: Cannot invoke "com.Amc.PageObjects.Home.Clickback()" because "com.Amc.TestCases.TC_Home_Positive1.lp" is null
	at com.Amc.TestCases.TC_Home_Positive1.Clickback7(TC_Home_Positive1.java:334)
	at java.base/jdk.internal.reflect.DirectMethodHandleAccessor.invoke(DirectMethodHandleAccessor.java:103)
	at java.base/java.lang.reflect.Method.invoke(Method.java:580)
	at org.testng.internal.invokers.MethodInvocationHelper.invokeMethod(MethodInvocationHelper.java:139)
	at org.testng.internal.invokers.TestInvoker.invokeMethod(TestInvoker.java:677)
	at org.testng.internal.invokers.TestInvoker.invokeTestMethod(TestInvoker.java:221)
	at org.testng.internal.invokers.MethodRunner.runInSequence(MethodRunner.java:50)
	at org.testng.internal.invokers.TestInvoker$MethodInvocationAgent.invoke(TestInvoker.java:969)
	at org.testng.internal.invokers.TestInvoker.invokeTestMethods(TestInvoker.java:194)
	at org.testng.internal.invokers.TestMethodWorker.invokeTestMethods(TestMethodWorker.java:148)
	at org.testng.internal.invokers.TestMethodWorker.run(TestMethodWorker.java:128)
	at java.base/java.util.ArrayList.forEach(ArrayList.java:1597)
	at org.testng.TestRunner.privateRun(TestRunner.java:829)
	at org.testng.TestRunner.run(TestRunner.java:602)
	at org.testng.SuiteRunner.runTest(SuiteRunner.java:437)
	at org.testng.SuiteRunner.runSequentially(SuiteRunner.java:431)
	at org.testng.SuiteRunner.privateRun(SuiteRunner.java:391)
	at org.testng.SuiteRunner.run(SuiteRunner.java:330)
	at org.testng.SuiteRunnerWorker.runSuite(SuiteRunnerWorker.java:52)
	at org.testng.SuiteRunnerWorker.run(SuiteRunnerWorker.java:95)
	at org.testng.TestNG.runSuitesSequentially(TestNG.java:1256)
	at org.testng.TestNG.runSuitesLocally(TestNG.java:1176)
	at org.testng.TestNG.runSuites(TestNG.java:1099)
	at org.testng.TestNG.run(TestNG.java:1067)
	at org.testng.remote.AbstractRemoteTestNG.run(AbstractRemoteTestNG.java:115)
	at org.testng.remote.RemoteTestNG.initAndRun(RemoteTestNG.java:293)
	at org.testng.remote.RemoteTestNG.main(RemoteTestNG.java:91)
</textarea>
										</td>
									</tr>
									<tr>
										<td>Nov 6, 2024 11:50:36 AM</td>
										<td class='linked' test-id='27'>ClickPopup8</td>
										<td>
											<textarea disabled class="code-block">java.lang.NullPointerException: Cannot invoke "com.Amc.PageObjects.Home.ClickPopup1()" because "com.Amc.TestCases.TC_Home_Positive1.lp" is null
	at com.Amc.TestCases.TC_Home_Positive1.ClickPopup8(TC_Home_Positive1.java:339)
	at java.base/jdk.internal.reflect.DirectMethodHandleAccessor.invoke(DirectMethodHandleAccessor.java:103)
	at java.base/java.lang.reflect.Method.invoke(Method.java:580)
	at org.testng.internal.invokers.MethodInvocationHelper.invokeMethod(MethodInvocationHelper.java:139)
	at org.testng.internal.invokers.TestInvoker.invokeMethod(TestInvoker.java:677)
	at org.testng.internal.invokers.TestInvoker.invokeTestMethod(TestInvoker.java:221)
	at org.testng.internal.invokers.MethodRunner.runInSequence(MethodRunner.java:50)
	at org.testng.internal.invokers.TestInvoker$MethodInvocationAgent.invoke(TestInvoker.java:969)
	at org.testng.internal.invokers.TestInvoker.invokeTestMethods(TestInvoker.java:194)
	at org.testng.internal.invokers.TestMethodWorker.invokeTestMethods(TestMethodWorker.java:148)
	at org.testng.internal.invokers.TestMethodWorker.run(TestMethodWorker.java:128)
	at java.base/java.util.ArrayList.forEach(ArrayList.java:1597)
	at org.testng.TestRunner.privateRun(TestRunner.java:829)
	at org.testng.TestRunner.run(TestRunner.java:602)
	at org.testng.SuiteRunner.runTest(SuiteRunner.java:437)
	at org.testng.SuiteRunner.runSequentially(SuiteRunner.java:431)
	at org.testng.SuiteRunner.privateRun(SuiteRunner.java:391)
	at org.testng.SuiteRunner.run(SuiteRunner.java:330)
	at org.testng.SuiteRunnerWorker.runSuite(SuiteRunnerWorker.java:52)
	at org.testng.SuiteRunnerWorker.run(SuiteRunnerWorker.java:95)
	at org.testng.TestNG.runSuitesSequentially(TestNG.java:1256)
	at org.testng.TestNG.runSuitesLocally(TestNG.java:1176)
	at org.testng.TestNG.runSuites(TestNG.java:1099)
	at org.testng.TestNG.run(TestNG.java:1067)
	at org.testng.remote.AbstractRemoteTestNG.run(AbstractRemoteTestNG.java:115)
	at org.testng.remote.RemoteTestNG.initAndRun(RemoteTestNG.java:293)
	at org.testng.remote.RemoteTestNG.main(RemoteTestNG.java:91)
</textarea>
										</td>
									</tr>
									<tr>
										<td>Nov 6, 2024 11:50:37 AM</td>
										<td class='linked' test-id='28'>ClickSponsors</td>
										<td>
											<textarea disabled class="code-block">java.lang.NullPointerException: Cannot invoke "com.Amc.PageObjects.Home.ClickSponsors()" because "com.Amc.TestCases.TC_Home_Positive1.lp" is null
	at com.Amc.TestCases.TC_Home_Positive1.ClickSponsors(TC_Home_Positive1.java:349)
	at java.base/jdk.internal.reflect.DirectMethodHandleAccessor.invoke(DirectMethodHandleAccessor.java:103)
	at java.base/java.lang.reflect.Method.invoke(Method.java:580)
	at org.testng.internal.invokers.MethodInvocationHelper.invokeMethod(MethodInvocationHelper.java:139)
	at org.testng.internal.invokers.TestInvoker.invokeMethod(TestInvoker.java:677)
	at org.testng.internal.invokers.TestInvoker.invokeTestMethod(TestInvoker.java:221)
	at org.testng.internal.invokers.MethodRunner.runInSequence(MethodRunner.java:50)
	at org.testng.internal.invokers.TestInvoker$MethodInvocationAgent.invoke(TestInvoker.java:969)
	at org.testng.internal.invokers.TestInvoker.invokeTestMethods(TestInvoker.java:194)
	at org.testng.internal.invokers.TestMethodWorker.invokeTestMethods(TestMethodWorker.java:148)
	at org.testng.internal.invokers.TestMethodWorker.run(TestMethodWorker.java:128)
	at java.base/java.util.ArrayList.forEach(ArrayList.java:1597)
	at org.testng.TestRunner.privateRun(TestRunner.java:829)
	at org.testng.TestRunner.run(TestRunner.java:602)
	at org.testng.SuiteRunner.runTest(SuiteRunner.java:437)
	at org.testng.SuiteRunner.runSequentially(SuiteRunner.java:431)
	at org.testng.SuiteRunner.privateRun(SuiteRunner.java:391)
	at org.testng.SuiteRunner.run(SuiteRunner.java:330)
	at org.testng.SuiteRunnerWorker.runSuite(SuiteRunnerWorker.java:52)
	at org.testng.SuiteRunnerWorker.run(SuiteRunnerWorker.java:95)
	at org.testng.TestNG.runSuitesSequentially(TestNG.java:1256)
	at org.testng.TestNG.runSuitesLocally(TestNG.java:1176)
	at org.testng.TestNG.runSuites(TestNG.java:1099)
	at org.testng.TestNG.run(TestNG.java:1067)
	at org.testng.remote.AbstractRemoteTestNG.run(AbstractRemoteTestNG.java:115)
	at org.testng.remote.RemoteTestNG.initAndRun(RemoteTestNG.java:293)
	at org.testng.remote.RemoteTestNG.main(RemoteTestNG.java:91)
</textarea>
										</td>
									</tr>
								</tbody>
							</table>
						</div>
					</div>
				</li>
			</ul>
		</div>
	</div>
	<div class='subview-right left'>
		<div class='view-summary'>
			<h5 class='exception-name'></h5>
		</div>
	</div>
</div>
<!-- exception view --><div id='dashboard-view' class='view hide'>
	<div class='card-panel transparent np-v'>
		<h5>Dashboard</h5>

		<div class='row'>
			<div class='col s2'>
				<div class='card-panel r'>
					Tests
					<div class='panel-lead'>28</div>
				</div>
			</div>
			<div class='col s2'>
				<div class='card-panel r'>
					Steps
					<div class='panel-lead'>0</div>
				</div>
			</div>
			<div class='col s2'>
				<div class='card-panel r'>
					Start
					<div class='panel-lead'>Nov 6, 2024 11:49:56 AM</div>
				</div>
			</div>
			<div class='col s2'>
				<div class='card-panel r'>
			 		End
			 		<div class='panel-lead'>Nov 6, 2024 11:50:37 AM</div>
				</div>
			</div>
			<div class='col s2'>
				<div class='card-panel r'>
					Time Taken
					<div class='panel-lead'>0h 0m 40s+884ms</div>
				</div>
			</div>
			<div class='col s4'>
				<div class='card-panel dashboard-environment'>
					<span class='right label cyan white-text'>Environment</span><p>&nbsp;</p>
					
					<table>
						<tr>
							<th>Name</th>
							<th>Value</th>
						</tr>
							<tr>
								<td>Host name</td>
								<td>Manektech.com</td>
							</tr>
							<tr>
								<td>Environemnt</td>
								<td>Live</td>
							</tr>
							<tr>
								<td>User</td>
								<td>Dax</td>
							</tr>
					</table>
				</div>
			</div>
		</div>
	</div>
</div>
<!-- dashboard view -->
<!-- testrunner-logs view -->		</div>
		<!-- container -->
		<script>
			var statusGroup = {
                parentCount: 28,
				passParent: 0,
				failParent: 28,
				fatalParent: 0,
				errorParent: 0,
				warningParent: 0,
				skipParent: 0,
				exceptionsParent: 28,
				childCount: 0,
				passChild: 0,
				failChild: 0,
				fatalChild: 0,
				errorChild: 0,
				warningChild: 0,
				skipChild: 0,
				infoChild: 0,
				debugChild: 0,
				exceptionsChild: 0,
				grandChildCount: 0,
				passGrandChild: 0,
				failGrandChild: 0,
				fatalGrandChild: 0,
				errorGrandChild: 0,
				warningGrandChild: 0,
				skipGrandChild: 0,
				infoGrandChild: 0,
				debugGrandChild: 0,
				exceptionsGrandChild: 0,
			};
		</script>
		<script>
			var timeline = {
			        "Clickpartner":0.028,"Clickback":0.001,"ClickPopup1":0.004,"Clickbookpass":0.002,"Clickback1":0.001,"ClickPopup2":0.002,"ClickCGroad":0.001,"Clickback2":0.002,"ClickPopup3":0.001,"ClickManinagar":0.002,"Clickback3":0.002,"ClickPopup4":0.001,"ClickNikol":0.002,"Clickback4":0.001,"ClickPopup5":0.002,"ClickSindhuBhavan":0.004,"Clickback5":0.001,"ClickPopup6":0,"Clickvideo":0.001,"ClickVideoplay":0.002,"ClickVideoclose":0.001,"Clickpartner1":0.003,"Clickback6":0.002,"ClickPopup7":0.001,"Clickbookpass1":0.004,"Clickback7":0.001,"ClickPopup8":0.002,"ClickSponsors":0.001
			};
		</script>
		<script src='https://cdn.rawgit.com/extent-framework/extent-github-cdn/b65cd69/v3html/js/extent.js' type='text/javascript'></script>
		<script type='text/javascript'>
			
            
                $(document).ready(function() {
                    
                });
            
        
		</script>
	</body>
</html>