<?xml version="1.0" encoding="UTF-8"?>
<!-- Generated by org.testng.reporters.JUnitReportReporter -->
<testsuite hostname="DESKTOP-59CAPPC" failures="1" tests="13" name="com.Intelivita.TestCases.TC_ContactPhp_NGTV001" time="8.105" errors="0" timestamp="2023-03-29T16:01:44 IST" skipped="0">
  <testcase classname="com.Intelivita.TestCases.TC_ContactPhp_NGTV001" name="Scroll" time="1.168"/>
  <system-out/>
  <testcase classname="com.Intelivita.TestCases.TC_ContactPhp_NGTV001" name="AddYourNameTest" time="2.468">
    <failure message="expected [true] but found [false]" type="java.lang.AssertionError">
      <![CDATA[java.lang.AssertionError: expected [true] but found [false]
at org.testng.Assert.fail(Assert.java:99)
at org.testng.Assert.failNotEquals(Assert.java:1037)
at org.testng.Assert.assertTrue(Assert.java:45)
at org.testng.Assert.assertTrue(Assert.java:55)
at com.Intelivita.TestCases.TC_ContactPhp_NGTV001.AddYourNameTest(TC_ContactPhp_NGTV001.java:41)
at java.base/jdk.internal.reflect.DirectMethodHandleAccessor.invoke(DirectMethodHandleAccessor.java:104)
at java.base/java.lang.reflect.Method.invoke(Method.java:578)
at org.testng.internal.MethodInvocationHelper.invokeMethod(MethodInvocationHelper.java:133)
at org.testng.internal.TestInvoker.invokeMethod(TestInvoker.java:598)
at org.testng.internal.TestInvoker.invokeTestMethod(TestInvoker.java:173)
at org.testng.internal.MethodRunner.runInSequence(MethodRunner.java:46)
at org.testng.internal.TestInvoker$MethodInvocationAgent.invoke(TestInvoker.java:824)
at org.testng.internal.TestInvoker.invokeTestMethods(TestInvoker.java:146)
at org.testng.internal.TestMethodWorker.invokeTestMethods(TestMethodWorker.java:146)
at org.testng.internal.TestMethodWorker.run(TestMethodWorker.java:128)
at java.base/java.util.ArrayList.forEach(ArrayList.java:1511)
at org.testng.TestRunner.privateRun(TestRunner.java:794)
at org.testng.TestRunner.run(TestRunner.java:596)
at org.testng.SuiteRunner.runTest(SuiteRunner.java:377)
at org.testng.SuiteRunner.runSequentially(SuiteRunner.java:371)
at org.testng.SuiteRunner.privateRun(SuiteRunner.java:332)
at org.testng.SuiteRunner.run(SuiteRunner.java:276)
at org.testng.SuiteRunnerWorker.runSuite(SuiteRunnerWorker.java:53)
at org.testng.SuiteRunnerWorker.run(SuiteRunnerWorker.java:96)
at org.testng.TestNG.runSuitesSequentially(TestNG.java:1212)
at org.testng.TestNG.runSuitesLocally(TestNG.java:1134)
at org.testng.TestNG.runSuites(TestNG.java:1063)
at org.testng.TestNG.run(TestNG.java:1031)
at org.testng.remote.AbstractRemoteTestNG.run(AbstractRemoteTestNG.java:115)
at org.testng.remote.RemoteTestNG.initAndRun(RemoteTestNG.java:251)
at org.testng.remote.RemoteTestNG.main(RemoteTestNG.java:77)
]]>
    </failure>
  </testcase> <!-- AddYourNameTest -->
  <system-out/>
  <testcase classname="com.Intelivita.TestCases.TC_ContactPhp_NGTV001" name="SelectCountryCodeTest" time="0.161"/>
  <system-out/>
  <testcase classname="com.Intelivita.TestCases.TC_ContactPhp_NGTV001" name="AddContactNumberTest" time="0.094"/>
  <system-out/>
  <testcase classname="com.Intelivita.TestCases.TC_ContactPhp_NGTV001" name="SelectYourBudgetTest" time="0.127"/>
  <system-out/>
  <testcase classname="com.Intelivita.TestCases.TC_ContactPhp_NGTV001" name="SelectServiceTest" time="0.340"/>
  <system-out/>
  <testcase classname="com.Intelivita.TestCases.TC_ContactPhp_NGTV001" name="AddEmailIdTest" time="0.157"/>
  <system-out/>
  <testcase classname="com.Intelivita.TestCases.TC_ContactPhp_NGTV001" name="AddCompanyNameTest" time="0.079"/>
  <system-out/>
  <testcase classname="com.Intelivita.TestCases.TC_ContactPhp_NGTV001" name="SelectYourRegionTest" time="0.165"/>
  <system-out/>
  <testcase classname="com.Intelivita.TestCases.TC_ContactPhp_NGTV001" name="SelectYourReferenceTest" time="0.132"/>
  <system-out/>
  <testcase classname="com.Intelivita.TestCases.TC_ContactPhp_NGTV001" name="AttachFileTest" time="0.030"/>
  <system-out/>
  <testcase classname="com.Intelivita.TestCases.TC_ContactPhp_NGTV001" name="SendMessageTest" time="0.153"/>
  <system-out/>
  <testcase classname="com.Intelivita.TestCases.TC_ContactPhp_NGTV001" name="ClickMessageButtonTest" time="3.031"/>
  <system-out/>
</testsuite> <!-- com.Intelivita.TestCases.TC_ContactPhp_NGTV001 -->
