<?xml version="1.0" encoding="UTF-8"?>
<!-- Generated by org.testng.reporters.JUnitReportReporter -->
<testsuite hostname="DESKTOP-FGUV4HO" failures="0" tests="18" name="com.Oxitec.TestCases.TC_Projects_teamsection_Positive1" time="-1691504000.000" errors="1" timestamp="2023-08-08T19:41:57 IST" skipped="17">
  <testcase classname="com.Oxitec.TestCases.TC_Projects_teamsection_Positive1" name="setup" time="-1691504000.000">
    <error message="
Parameter &#039;browser&#039; is required by BeforeSuite on method setup but has not been marked @Optional or defined
in C:\Users\Intelivita\AppData\Local\Temp\testng-eclipse--536380464\testng-customsuite.xml" type="org.testng.TestNGException">
      <![CDATA[org.testng.TestNGException: 
Parameter 'browser' is required by BeforeSuite on method setup but has not been marked @Optional or defined
in C:\Users\Intelivita\AppData\Local\Temp\testng-eclipse--536380464\testng-customsuite.xml
at org.testng.internal.Parameters.createParams(Parameters.java:267)
at org.testng.internal.Parameters.createParametersForMethod(Parameters.java:355)
at org.testng.internal.Parameters.createParameters(Parameters.java:684)
at org.testng.internal.Parameters.createConfigurationParameters(Parameters.java:166)
at org.testng.internal.invokers.ConfigInvoker.invokeConfigurations(ConfigInvoker.java:277)
at org.testng.SuiteRunner.privateRun(SuiteRunner.java:376)
at org.testng.SuiteRunner.run(SuiteRunner.java:330)
at org.testng.SuiteRunnerWorker.runSuite(SuiteRunnerWorker.java:52)
at org.testng.SuiteRunnerWorker.run(SuiteRunnerWorker.java:95)
at org.testng.TestNG.runSuitesSequentially(TestNG.java:1256)
at org.testng.TestNG.runSuitesLocally(TestNG.java:1176)
at org.testng.TestNG.runSuites(TestNG.java:1099)
at org.testng.TestNG.run(TestNG.java:1067)
at org.testng.remote.AbstractRemoteTestNG.run(AbstractRemoteTestNG.java:115)
at org.testng.remote.RemoteTestNG.initAndRun(RemoteTestNG.java:251)
at org.testng.remote.RemoteTestNG.main(RemoteTestNG.java:77)
]]>
    </error>
  </testcase> <!-- setup -->
  <system-out/>
  <testcase classname="com.Oxitec.TestCases.TC_Projects_teamsection_Positive1" name="ClickprojectssectionTest" time="0.000">
    <skipped/>
  </testcase> <!-- ClickprojectssectionTest -->
  <system-out/>
  <testcase classname="com.Oxitec.TestCases.TC_Projects_teamsection_Positive1" name="ClickteamprojectssectionTest" time="0.001">
    <skipped/>
  </testcase> <!-- ClickteamprojectssectionTest -->
  <system-out/>
  <testcase classname="com.Oxitec.TestCases.TC_Projects_teamsection_Positive1" name="ClickresultsTest" time="0.000">
    <skipped/>
  </testcase> <!-- ClickresultsTest -->
  <system-out/>
  <testcase classname="com.Oxitec.TestCases.TC_Projects_teamsection_Positive1" name="Clickresults1Test" time="0.000">
    <skipped/>
  </testcase> <!-- Clickresults1Test -->
  <system-out/>
  <testcase classname="com.Oxitec.TestCases.TC_Projects_teamsection_Positive1" name="ClickeditTest" time="0.000">
    <skipped/>
  </testcase> <!-- ClickeditTest -->
  <system-out/>
  <testcase classname="com.Oxitec.TestCases.TC_Projects_teamsection_Positive1" name="ClickcancelTest" time="0.000">
    <skipped/>
  </testcase> <!-- ClickcancelTest -->
  <system-out/>
  <testcase classname="com.Oxitec.TestCases.TC_Projects_teamsection_Positive1" name="Clickedit1Test" time="0.000">
    <skipped/>
  </testcase> <!-- Clickedit1Test -->
  <system-out/>
  <testcase classname="com.Oxitec.TestCases.TC_Projects_teamsection_Positive1" name="EditnameTest" time="0.001">
    <skipped/>
  </testcase> <!-- EditnameTest -->
  <system-out/>
  <testcase classname="com.Oxitec.TestCases.TC_Projects_teamsection_Positive1" name="EnterdescriptionTest" time="0.000">
    <skipped/>
  </testcase> <!-- EnterdescriptionTest -->
  <system-out/>
  <testcase classname="com.Oxitec.TestCases.TC_Projects_teamsection_Positive1" name="SubmitTest" time="0.000">
    <skipped/>
  </testcase> <!-- SubmitTest -->
  <system-out/>
  <testcase classname="com.Oxitec.TestCases.TC_Projects_teamsection_Positive1" name="ClickdropdownTest" time="0.000">
    <skipped/>
  </testcase> <!-- ClickdropdownTest -->
  <system-out/>
  <testcase classname="com.Oxitec.TestCases.TC_Projects_teamsection_Positive1" name="ClickauditTest" time="0.000">
    <skipped/>
  </testcase> <!-- ClickauditTest -->
  <system-out/>
  <testcase classname="com.Oxitec.TestCases.TC_Projects_teamsection_Positive1" name="ClickcloseauditTest" time="0.000">
    <skipped/>
  </testcase> <!-- ClickcloseauditTest -->
  <system-out/>
  <testcase classname="com.Oxitec.TestCases.TC_Projects_teamsection_Positive1" name="ClickdefineTest" time="0.000">
    <skipped/>
  </testcase> <!-- ClickdefineTest -->
  <system-out/>
  <testcase classname="com.Oxitec.TestCases.TC_Projects_teamsection_Positive1" name="ClickaddareaTest" time="0.001">
    <skipped/>
  </testcase> <!-- ClickaddareaTest -->
  <system-out/>
  <testcase classname="com.Oxitec.TestCases.TC_Projects_teamsection_Positive1" name="Clickpoint1Test" time="0.000">
    <skipped/>
  </testcase> <!-- Clickpoint1Test -->
  <system-out/>
  <testcase classname="com.Oxitec.TestCases.TC_Projects_teamsection_Positive1" name="Clickpoint2Test" time="0.000">
    <skipped/>
  </testcase> <!-- Clickpoint2Test -->
  <system-out/>
</testsuite> <!-- com.Oxitec.TestCases.TC_Projects_teamsection_Positive1 -->
