<?xml version="1.0" encoding="UTF-8"?>
<!-- Generated by org.testng.reporters.JUnitReportReporter -->
<testsuite hostname="Reena" failures="0" tests="10" name="com.Intelivita.TestCases.TC_Home_ContactUs__NGTV_006" time="5.884" errors="2" timestamp="2023-03-03T11:58:35 IST" skipped="0">
  <testcase classname="com.Intelivita.TestCases.TC_Home_ContactUs__NGTV_006" name="scroll" time="0.004"/>
  <system-out/>
  <testcase classname="com.Intelivita.TestCases.TC_Home_ContactUs__NGTV_006" name="FillyournameTest" time="0.061"/>
  <system-out/>
  <testcase classname="com.Intelivita.TestCases.TC_Home_ContactUs__NGTV_006" name="emailid" time="0.087"/>
  <system-out/>
  <testcase classname="com.Intelivita.TestCases.TC_Home_ContactUs__NGTV_006" name="phonenumber" time="0.207"/>
  <system-out/>
  <testcase classname="com.Intelivita.TestCases.TC_Home_ContactUs__NGTV_006" name="select_services" time="3.109">
    <error message="element click intercepted: Element &lt;select class=&quot;wpcf7-form-control wpcf7-select wpcf7-validates-as-required form-control custom-select&quot; aria-required=&quot;true&quot; aria-invalid=&quot;false&quot; name=&quot;services&quot;&gt;...&lt;/select&gt; is not clickable at point (1379, 34). Other element would receive the click: &lt;ul id=&quot;mega-menu-primary&quot; class=&quot;mega-menu max-mega-menu mega-menu-horizontal&quot; data-event=&quot;hover_intent&quot; data-effect=&quot;fade_up&quot; data-effect-speed=&quot;200&quot; data-effect-mobile=&quot;slide_left&quot; data-effect-speed-mobile=&quot;200&quot; data-mobile-force-width=&quot;false&quot; data-second-click=&quot;go&quot; data-document-click=&quot;collapse&quot; data-vertical-behaviour=&quot;standard&quot; data-breakpoint=&quot;991&quot; data-unbind=&quot;true&quot; data-mobile-state=&quot;collapse_all&quot; data-hover-intent-timeout=&quot;300&quot; data-hover-intent-interval=&quot;100&quot;&gt;...&lt;/ul&gt;
  (Session info: chrome=110.0.5481.178)
Build info: version: &#039;4.4.0&#039;, revision: &#039;e5c75ed026a&#039;
System info: host: &#039;REENA&#039;, ip: &#039;192.168.1.79&#039;, os.name: &#039;Windows 10&#039;, os.arch: &#039;amd64&#039;, os.version: &#039;10.0&#039;, java.version: &#039;19.0.1&#039;
Driver info: org.openqa.selenium.chrome.ChromeDriver
Command: [2f02eb4733a88f8dec28a610b6c0be17, clickElement {id=7df4695c-edae-4b93-b443-eb2d1cac03c5}]
Capabilities {acceptInsecureCerts: false, browserName: chrome, browserVersion: 110.0.5481.178, chrome: {chromedriverVersion: 110.0.5481.77 (65ed616c6e8e..., userDataDir: C:\Users\vaibh\AppData\Loca...}, goog:chromeOptions: {debuggerAddress: localhost:59390}, networkConnectionEnabled: false, pageLoadStrategy: normal, platformName: WINDOWS, proxy: Proxy(), se:cdp: ws://localhost:59390/devtoo..., se:cdpVersion: 110.0.5481.178, setWindowRect: true, strictFileInteractability: false, timeouts: {implicit: 0, pageLoad: 300000, script: 30000}, unhandledPromptBehavior: dismiss and notify, webauthn:extension:credBlob: true, webauthn:extension:largeBlob: true, webauthn:virtualAuthenticators: true}
Element: [[ChromeDriver: chrome on WINDOWS (2f02eb4733a88f8dec28a610b6c0be17)] -&gt; xpath: //div[@class=&quot;col-lg-6&quot;]/div/p/span/select[@name=&quot;services&quot;]]
Session ID: 2f02eb4733a88f8dec28a610b6c0be17" type="org.openqa.selenium.ElementClickInterceptedException">
      <![CDATA[org.openqa.selenium.ElementClickInterceptedException: element click intercepted: Element <select class="wpcf7-form-control wpcf7-select wpcf7-validates-as-required form-control custom-select" aria-required="true" aria-invalid="false" name="services">...</select> is not clickable at point (1379, 34). Other element would receive the click: <ul id="mega-menu-primary" class="mega-menu max-mega-menu mega-menu-horizontal" data-event="hover_intent" data-effect="fade_up" data-effect-speed="200" data-effect-mobile="slide_left" data-effect-speed-mobile="200" data-mobile-force-width="false" data-second-click="go" data-document-click="collapse" data-vertical-behaviour="standard" data-breakpoint="991" data-unbind="true" data-mobile-state="collapse_all" data-hover-intent-timeout="300" data-hover-intent-interval="100">...</ul>
  (Session info: chrome=110.0.5481.178)
Build info: version: '4.4.0', revision: 'e5c75ed026a'
System info: host: 'REENA', ip: '192.168.1.79', os.name: 'Windows 10', os.arch: 'amd64', os.version: '10.0', java.version: '19.0.1'
Driver info: org.openqa.selenium.chrome.ChromeDriver
Command: [2f02eb4733a88f8dec28a610b6c0be17, clickElement {id=7df4695c-edae-4b93-b443-eb2d1cac03c5}]
Capabilities {acceptInsecureCerts: false, browserName: chrome, browserVersion: 110.0.5481.178, chrome: {chromedriverVersion: 110.0.5481.77 (65ed616c6e8e..., userDataDir: C:\Users\vaibh\AppData\Loca...}, goog:chromeOptions: {debuggerAddress: localhost:59390}, networkConnectionEnabled: false, pageLoadStrategy: normal, platformName: WINDOWS, proxy: Proxy(), se:cdp: ws://localhost:59390/devtoo..., se:cdpVersion: 110.0.5481.178, setWindowRect: true, strictFileInteractability: false, timeouts: {implicit: 0, pageLoad: 300000, script: 30000}, unhandledPromptBehavior: dismiss and notify, webauthn:extension:credBlob: true, webauthn:extension:largeBlob: true, webauthn:virtualAuthenticators: true}
Element: [[ChromeDriver: chrome on WINDOWS (2f02eb4733a88f8dec28a610b6c0be17)] -> xpath: //div[@class="col-lg-6"]/div/p/span/select[@name="services"]]
Session ID: 2f02eb4733a88f8dec28a610b6c0be17
at java.base/jdk.internal.reflect.DirectConstructorHandleAccessor.newInstance(DirectConstructorHandleAccessor.java:67)
at java.base/java.lang.reflect.Constructor.newInstanceWithCaller(Constructor.java:500)
at java.base/java.lang.reflect.Constructor.newInstance(Constructor.java:484)
at org.openqa.selenium.remote.codec.w3c.W3CHttpResponseCodec.createException(W3CHttpResponseCodec.java:200)
at org.openqa.selenium.remote.codec.w3c.W3CHttpResponseCodec.decode(W3CHttpResponseCodec.java:133)
at org.openqa.selenium.remote.codec.w3c.W3CHttpResponseCodec.decode(W3CHttpResponseCodec.java:53)
at org.openqa.selenium.remote.HttpCommandExecutor.execute(HttpCommandExecutor.java:184)
at org.openqa.selenium.remote.service.DriverCommandExecutor.invokeExecute(DriverCommandExecutor.java:167)
at org.openqa.selenium.remote.service.DriverCommandExecutor.execute(DriverCommandExecutor.java:142)
at org.openqa.selenium.remote.RemoteWebDriver.execute(RemoteWebDriver.java:547)
at org.openqa.selenium.remote.RemoteWebElement.execute(RemoteWebElement.java:257)
at org.openqa.selenium.remote.RemoteWebElement.click(RemoteWebElement.java:78)
at java.base/jdk.internal.reflect.DirectMethodHandleAccessor.invoke(DirectMethodHandleAccessor.java:104)
at java.base/java.lang.reflect.Method.invoke(Method.java:578)
at org.openqa.selenium.support.pagefactory.internal.LocatingElementHandler.invoke(LocatingElementHandler.java:52)
at jdk.proxy2/jdk.proxy2.$Proxy14.click(Unknown Source)
at com.Intelivita.PageObjects.Home_ContactUs.select_services(Home_ContactUs.java:92)
at com.Intelivita.TestCases.TC_Home_ContactUs__NGTV_006.select_services(TC_Home_ContactUs__NGTV_006.java:40)
at java.base/jdk.internal.reflect.DirectMethodHandleAccessor.invoke(DirectMethodHandleAccessor.java:104)
at java.base/java.lang.reflect.Method.invoke(Method.java:578)
at org.testng.internal.MethodInvocationHelper.invokeMethod(MethodInvocationHelper.java:133)
at org.testng.internal.TestInvoker.invokeMethod(TestInvoker.java:598)
at org.testng.internal.TestInvoker.invokeTestMethod(TestInvoker.java:173)
at org.testng.internal.MethodRunner.runInSequence(MethodRunner.java:46)
at org.testng.internal.TestInvoker$MethodInvocationAgent.invoke(TestInvoker.java:824)
at org.testng.internal.TestInvoker.invokeTestMethods(TestInvoker.java:146)
at org.testng.internal.TestMethodWorker.invokeTestMethods(TestMethodWorker.java:146)
at org.testng.internal.TestMethodWorker.run(TestMethodWorker.java:128)
at java.base/java.util.ArrayList.forEach(ArrayList.java:1511)
at org.testng.TestRunner.privateRun(TestRunner.java:794)
at org.testng.TestRunner.run(TestRunner.java:596)
at org.testng.SuiteRunner.runTest(SuiteRunner.java:377)
at org.testng.SuiteRunner.runSequentially(SuiteRunner.java:371)
at org.testng.SuiteRunner.privateRun(SuiteRunner.java:332)
at org.testng.SuiteRunner.run(SuiteRunner.java:276)
at org.testng.SuiteRunnerWorker.runSuite(SuiteRunnerWorker.java:53)
at org.testng.SuiteRunnerWorker.run(SuiteRunnerWorker.java:96)
at org.testng.TestNG.runSuitesSequentially(TestNG.java:1212)
at org.testng.TestNG.runSuitesLocally(TestNG.java:1134)
at org.testng.TestNG.runSuites(TestNG.java:1063)
at org.testng.TestNG.run(TestNG.java:1031)
at org.testng.remote.AbstractRemoteTestNG.run(AbstractRemoteTestNG.java:115)
at org.testng.remote.RemoteTestNG.initAndRun(RemoteTestNG.java:251)
at org.testng.remote.RemoteTestNG.main(RemoteTestNG.java:77)
]]>
    </error>
  </testcase> <!-- select_services -->
  <system-out/>
  <testcase classname="com.Intelivita.TestCases.TC_Home_ContactUs__NGTV_006" name="select_Region" time="2.095"/>
  <system-out/>
  <testcase classname="com.Intelivita.TestCases.TC_Home_ContactUs__NGTV_006" name="Estimated_Budget" time="0.063">
    <error message="Cannot locate option with text: 
For documentation on this error, please visit: https://selenium.dev/exceptions/#no_such_element
Build info: version: &#039;4.4.0&#039;, revision: &#039;e5c75ed026a&#039;
System info: host: &#039;REENA&#039;, ip: &#039;192.168.1.79&#039;, os.name: &#039;Windows 10&#039;, os.arch: &#039;amd64&#039;, os.version: &#039;10.0&#039;, java.version: &#039;19.0.1&#039;
Driver info: driver.version: unknown" type="org.openqa.selenium.NoSuchElementException">
      <![CDATA[org.openqa.selenium.NoSuchElementException: Cannot locate option with text: 
For documentation on this error, please visit: https://selenium.dev/exceptions/#no_such_element
Build info: version: '4.4.0', revision: 'e5c75ed026a'
System info: host: 'REENA', ip: '192.168.1.79', os.name: 'Windows 10', os.arch: 'amd64', os.version: '10.0', java.version: '19.0.1'
Driver info: driver.version: unknown
at org.openqa.selenium.support.ui.Select.selectByVisibleText(Select.java:151)
at com.Intelivita.PageObjects.Home_ContactUs.Estimated_Budget(Home_ContactUs.java:106)
at com.Intelivita.TestCases.TC_Home_ContactUs__NGTV_006.Estimated_Budget(TC_Home_ContactUs__NGTV_006.java:50)
at java.base/jdk.internal.reflect.DirectMethodHandleAccessor.invoke(DirectMethodHandleAccessor.java:104)
at java.base/java.lang.reflect.Method.invoke(Method.java:578)
at org.testng.internal.MethodInvocationHelper.invokeMethod(MethodInvocationHelper.java:133)
at org.testng.internal.TestInvoker.invokeMethod(TestInvoker.java:598)
at org.testng.internal.TestInvoker.invokeTestMethod(TestInvoker.java:173)
at org.testng.internal.MethodRunner.runInSequence(MethodRunner.java:46)
at org.testng.internal.TestInvoker$MethodInvocationAgent.invoke(TestInvoker.java:824)
at org.testng.internal.TestInvoker.invokeTestMethods(TestInvoker.java:146)
at org.testng.internal.TestMethodWorker.invokeTestMethods(TestMethodWorker.java:146)
at org.testng.internal.TestMethodWorker.run(TestMethodWorker.java:128)
at java.base/java.util.ArrayList.forEach(ArrayList.java:1511)
at org.testng.TestRunner.privateRun(TestRunner.java:794)
at org.testng.TestRunner.run(TestRunner.java:596)
at org.testng.SuiteRunner.runTest(SuiteRunner.java:377)
at org.testng.SuiteRunner.runSequentially(SuiteRunner.java:371)
at org.testng.SuiteRunner.privateRun(SuiteRunner.java:332)
at org.testng.SuiteRunner.run(SuiteRunner.java:276)
at org.testng.SuiteRunnerWorker.runSuite(SuiteRunnerWorker.java:53)
at org.testng.SuiteRunnerWorker.run(SuiteRunnerWorker.java:96)
at org.testng.TestNG.runSuitesSequentially(TestNG.java:1212)
at org.testng.TestNG.runSuitesLocally(TestNG.java:1134)
at org.testng.TestNG.runSuites(TestNG.java:1063)
at org.testng.TestNG.run(TestNG.java:1031)
at org.testng.remote.AbstractRemoteTestNG.run(AbstractRemoteTestNG.java:115)
at org.testng.remote.RemoteTestNG.initAndRun(RemoteTestNG.java:251)
at org.testng.remote.RemoteTestNG.main(RemoteTestNG.java:77)
]]>
    </error>
  </testcase> <!-- Estimated_Budget -->
  <system-out/>
  <testcase classname="com.Intelivita.TestCases.TC_Home_ContactUs__NGTV_006" name="projectdetails" time="0.077"/>
  <system-out/>
  <testcase classname="com.Intelivita.TestCases.TC_Home_ContactUs__NGTV_006" name="attachedfile" time="0.018"/>
  <system-out/>
  <testcase classname="com.Intelivita.TestCases.TC_Home_ContactUs__NGTV_006" name="submitbutton" time="0.163"/>
  <system-out/>
</testsuite> <!-- com.Intelivita.TestCases.TC_Home_ContactUs__NGTV_006 -->
